Copyright 1986-2022 Xilinx, Inc. All Rights Reserved.
----------------------------------------------------------------------------------------------------------------------------------------------------------------------------------------------------
| Tool Version     : Vivado v.2022.1 (lin64) Build 3526262 Mon Apr 18 15:47:01 MDT 2022
| Date             : Tue Aug 26 12:50:12 2025
| Host             : arjun-Aspire-A315-59 running 64-bit Ubuntu 24.10
| Command          : report_power -file design_1_mico_cust_wrapper_power_routed.rpt -pb design_1_mico_cust_wrapper_power_summary_routed.pb -rpx design_1_mico_cust_wrapper_power_routed.rpx
| Design           : design_1_mico_cust_wrapper
| Device           : xc7a100tcsg324-1
| Design State     : routed
| Grade            : commercial
| Process          : typical
| Characterization : Production
----------------------------------------------------------------------------------------------------------------------------------------------------------------------------------------------------

Power Report

Table of Contents
-----------------
1. Summary
1.1 On-Chip Components
1.2 Power Supply Summary
1.3 Confidence Level
2. Settings
2.1 Environment
2.2 Clock Constraints
3. Detailed Reports
3.1 By Hierarchy

1. Summary
----------

+--------------------------+--------------+
| Total On-Chip Power (W)  | 0.228        |
| Design Power Budget (W)  | Unspecified* |
| Power Budget Margin (W)  | NA           |
| Dynamic (W)              | 0.130        |
| Device Static (W)        | 0.098        |
| Effective TJA (C/W)      | 4.6          |
| Max Ambient (C)          | 84.0         |
| Junction Temperature (C) | 26.0         |
| Confidence Level         | Low          |
| Setting File             | ---          |
| Simulation Activity File | ---          |
| Design Nets Matched      | NA           |
+--------------------------+--------------+
* Specify Design Power Budget using, set_operating_conditions -design_power_budget <value in Watts>


1.1 On-Chip Components
----------------------

+--------------------------+-----------+----------+-----------+-----------------+
| On-Chip                  | Power (W) | Used     | Available | Utilization (%) |
+--------------------------+-----------+----------+-----------+-----------------+
| Clocks                   |     0.012 |        7 |       --- |             --- |
| Slice Logic              |     0.004 |     5998 |       --- |             --- |
|   LUT as Logic           |     0.003 |     2062 |     63400 |            3.25 |
|   LUT as Distributed RAM |    <0.001 |      108 |     19000 |            0.57 |
|   Register               |    <0.001 |     2435 |    126800 |            1.92 |
|   CARRY4                 |    <0.001 |       38 |     15850 |            0.24 |
|   F7/F8 Muxes            |    <0.001 |      118 |     63400 |            0.19 |
|   LUT as Shift Register  |    <0.001 |       74 |     19000 |            0.39 |
|   Others                 |    <0.001 |      555 |       --- |             --- |
| Signals                  |     0.006 |     4094 |       --- |             --- |
| Block RAM                |     0.001 |        8 |       135 |            5.93 |
| MMCM                     |     0.106 |        1 |         6 |           16.67 |
| I/O                      |     0.001 |       34 |       210 |           16.19 |
| Static Power             |     0.098 |          |           |                 |
| Total                    |     0.228 |          |           |                 |
+--------------------------+-----------+----------+-----------+-----------------+


1.2 Power Supply Summary
------------------------

+-----------+-------------+-----------+-------------+------------+-------------+-------------+------------+
| Source    | Voltage (V) | Total (A) | Dynamic (A) | Static (A) | Powerup (A) | Budget (A)  | Margin (A) |
+-----------+-------------+-----------+-------------+------------+-------------+-------------+------------+
| Vccint    |       1.000 |     0.039 |       0.024 |      0.016 |       NA    | Unspecified | NA         |
| Vccaux    |       1.800 |     0.077 |       0.059 |      0.018 |       NA    | Unspecified | NA         |
| Vcco33    |       3.300 |     0.004 |       0.000 |      0.004 |       NA    | Unspecified | NA         |
| Vcco25    |       2.500 |     0.000 |       0.000 |      0.000 |       NA    | Unspecified | NA         |
| Vcco18    |       1.800 |     0.000 |       0.000 |      0.000 |       NA    | Unspecified | NA         |
| Vcco15    |       1.500 |     0.000 |       0.000 |      0.000 |       NA    | Unspecified | NA         |
| Vcco135   |       1.350 |     0.000 |       0.000 |      0.000 |       NA    | Unspecified | NA         |
| Vcco12    |       1.200 |     0.000 |       0.000 |      0.000 |       NA    | Unspecified | NA         |
| Vccaux_io |       1.800 |     0.000 |       0.000 |      0.000 |       NA    | Unspecified | NA         |
| Vccbram   |       1.000 |     0.001 |       0.000 |      0.000 |       NA    | Unspecified | NA         |
| MGTAVcc   |       1.000 |     0.000 |       0.000 |      0.000 |       NA    | Unspecified | NA         |
| MGTAVtt   |       1.200 |     0.000 |       0.000 |      0.000 |       NA    | Unspecified | NA         |
| Vccadc    |       1.800 |     0.020 |       0.000 |      0.020 |       NA    | Unspecified | NA         |
+-----------+-------------+-----------+-------------+------------+-------------+-------------+------------+


1.3 Confidence Level
--------------------

+-----------------------------+------------+--------------------------------------------------------+------------------------------------------------------------------------------------------------------------+
| User Input Data             | Confidence | Details                                                | Action                                                                                                     |
+-----------------------------+------------+--------------------------------------------------------+------------------------------------------------------------------------------------------------------------+
| Design implementation state | High       | Design is routed                                       |                                                                                                            |
| Clock nodes activity        | High       | User specified more than 95% of clocks                 |                                                                                                            |
| I/O nodes activity          | Low        | More than 75% of inputs are missing user specification | Provide missing input activity with simulation results or by editing the "By Resource Type -> I/Os" view   |
| Internal nodes activity     | Medium     | User specified less than 25% of internal nodes         | Provide missing internal nodes activity with simulation results or by editing the "By Resource Type" views |
| Device models               | High       | Device models are Production                           |                                                                                                            |
|                             |            |                                                        |                                                                                                            |
| Overall confidence level    | Low        |                                                        |                                                                                                            |
+-----------------------------+------------+--------------------------------------------------------+------------------------------------------------------------------------------------------------------------+


2. Settings
-----------

2.1 Environment
---------------

+-----------------------+--------------------------+
| Ambient Temp (C)      | 25.0                     |
| ThetaJA (C/W)         | 4.6                      |
| Airflow (LFM)         | 250                      |
| Heat Sink             | medium (Medium Profile)  |
| ThetaSA (C/W)         | 4.6                      |
| Board Selection       | medium (10"x10")         |
| # of Board Layers     | 12to15 (12 to 15 Layers) |
| Board Temperature (C) | 25.0                     |
+-----------------------+--------------------------+


2.2 Clock Constraints
---------------------

+----------------------------------------------------------------------+-----------------------------------------------------------------------------+-----------------+
| Clock                                                                | Domain                                                                      | Constraint (ns) |
+----------------------------------------------------------------------+-----------------------------------------------------------------------------+-----------------+
| clk_out1_design_1_mico_cust_clk_wiz_1_0                              | design_1_mico_cust_i/clk_wiz_1/inst/clk_out1_design_1_mico_cust_clk_wiz_1_0 |            10.0 |
| clkfbout_design_1_mico_cust_clk_wiz_1_0                              | design_1_mico_cust_i/clk_wiz_1/inst/clkfbout_design_1_mico_cust_clk_wiz_1_0 |            10.0 |
| design_1_mico_cust_i/mdm_1/U0/Use_E2.BSCAN_I/Use_E2.BSCANE2_I/DRCK   | design_1_mico_cust_i/mdm_1/U0/Use_E2.BSCAN_I/DRCK                           |            33.3 |
| design_1_mico_cust_i/mdm_1/U0/Use_E2.BSCAN_I/Use_E2.BSCANE2_I/UPDATE | design_1_mico_cust_i/mdm_1/U0/Use_E2.BSCAN_I/Dbg_Update_0                   |            33.3 |
| sys_clock                                                            | sys_clock                                                                   |            10.0 |
+----------------------------------------------------------------------+-----------------------------------------------------------------------------+-----------------+


3. Detailed Reports
-------------------

3.1 By Hierarchy
----------------

+-------------------------------+-----------+
| Name                          | Power (W) |
+-------------------------------+-----------+
| design_1_mico_cust_wrapper    |     0.130 |
|   design_1_mico_cust_i        |     0.129 |
|     axi_quad_spi_0            |     0.005 |
|       U0                      |     0.005 |
|     clk_wiz_1                 |     0.106 |
|       inst                    |     0.106 |
|     microblaze_0              |     0.011 |
|       U0                      |     0.011 |
|     microblaze_0_axi_intc     |     0.002 |
|       U0                      |     0.002 |
|     microblaze_0_axi_periph   |     0.001 |
|       xbar                    |     0.001 |
|     microblaze_0_local_memory |     0.002 |
|       lmb_bram                |     0.002 |
+-------------------------------+-----------+


