10:58:43 DEBUG : Logs will be stored at '/home/arjun/VITIS_AREA/Microblaize_program_02_09_2025/IDE.log'.
10:58:45 INFO  : Launching XSCT server: xsct -n  -interactive /home/arjun/VITIS_AREA/Microblaize_program_02_09_2025/temp_xsdb_launch_script.tcl
10:58:45 INFO  : Registering command handlers for Vitis TCF services
10:58:45 INFO  : Platform repository initialization has completed.
10:58:48 INFO  : XSCT server has started successfully.
10:58:48 INFO  : plnx-install-location is set to ''
10:58:48 INFO  : Successfully done setting XSCT server connection channel  
10:58:48 INFO  : Successfully done query RDI_DATADIR 
10:58:48 INFO  : Successfully done setting workspace for the tool. 
10:58:48 INFO  : Restoring global repository preferences: 
		 /home/arjun/VITIS_AREA/AT426-r0p1-00rel0-ARM/AT426-BU-98000-r0p1-00rel0/vivado/Arm_sw_repository/CortexM/drivers/cpu_cortexm3_v1_0
		 /home/arjun/VITIS_AREA/AT426-r0p1-00rel0-ARM/AT426-BU-98000-r0p1-00rel0/vivado/Arm_sw_repository/CortexM/bsp/standalone_v7_1
		 /home/arjun/VITIS_AREA/AT426-r0p1-00rel0-ARM/AT426-BU-98000-r0p1-00rel0/vivado/Arm_sw_repository
11:00:26 INFO  : Result from executing command 'getProjects': blaize_platform
11:00:26 INFO  : Result from executing command 'getPlatforms': 
11:02:58 INFO  : Result from executing command 'getProjects': blaize_platform
11:02:58 INFO  : Result from executing command 'getPlatforms': blaize_platform|/home/arjun/VITIS_AREA/Microblaize_program_02_09_2025/blaize_platform/export/blaize_platform/blaize_platform.xpfm
11:20:00 INFO  : Checking for BSP changes to sync application flags for project 'gpio_uart_led_switch'...
11:27:28 INFO  : Bit file '/home/arjun/VITIS_AREA/Microblaize_program_02_09_2025/gpio_uart_led_switch/_ide/bitstream/download.bit' is generated.
11:28:44 INFO  : Connected to target on host '127.0.0.1' and port '3121'.
11:28:44 INFO  : 'targets -set -filter {jtag_cable_name =~ "Digilent Arty A7-100T 210319BD75AAA" && level==0 && jtag_device_ctx=="jsn-Arty A7-100T-210319BD75AAA-13631093-0"}' command is executed.
11:28:47 INFO  : Device configured successfully with "/home/arjun/VITIS_AREA/Microblaize_program_02_09_2025/gpio_uart_led_switch/_ide/bitstream/download.bit"
11:30:22 INFO  : Connected to target on host '127.0.0.1' and port '3121'.
11:30:22 INFO  : Jtag cable 'Digilent Arty A7-100T 210319BD75AAA' is selected.
11:30:22 INFO  : 'jtag frequency' command is executed.
11:30:22 INFO  : 'targets -set -filter {jtag_cable_name =~ "Digilent Arty A7-100T 210319BD75AAA" && level==0 && jtag_device_ctx=="jsn-Arty A7-100T-210319BD75AAA-13631093-0"}' command is executed.
11:30:24 INFO  : Device configured successfully with "/home/arjun/VITIS_AREA/Microblaize_program_02_09_2025/gpio_uart_led_switch/_ide/bitstream/download.bit"
11:30:24 INFO  : Context for processor 'microblaze_0' is selected.
11:30:24 INFO  : Hardware design and registers information is loaded from '/home/arjun/VITIS_AREA/Microblaize_program_02_09_2025/blaize_platform/export/blaize_platform/hw/design_1_mico_cust_wrapper.xsa'.
11:30:24 INFO  : 'configparams mdm-detect-bscan-mask 2' command is executed.
11:30:24 INFO  : Context for processor 'microblaze_0' is selected.
11:30:24 INFO  : System reset is completed.
11:30:27 INFO  : 'after 3000' command is executed.
11:30:27 INFO  : Context for processor 'microblaze_0' is selected.
11:30:27 INFO  : The application '/home/arjun/VITIS_AREA/Microblaize_program_02_09_2025/gpio_uart_led_switch/Debug/gpio_uart_led_switch.elf' is downloaded to processor 'microblaze_0'.
11:30:27 INFO  : ----------------XSDB Script----------------
connect -url tcp:127.0.0.1:3121
targets -set -filter {jtag_cable_name =~ "Digilent Arty A7-100T 210319BD75AAA" && level==0 && jtag_device_ctx=="jsn-Arty A7-100T-210319BD75AAA-13631093-0"}
fpga -file /home/arjun/VITIS_AREA/Microblaize_program_02_09_2025/gpio_uart_led_switch/_ide/bitstream/download.bit
targets -set -nocase -filter {name =~ "*microblaze*#0" && bscan=="USER2" }
loadhw -hw /home/arjun/VITIS_AREA/Microblaize_program_02_09_2025/blaize_platform/export/blaize_platform/hw/design_1_mico_cust_wrapper.xsa -regs
configparams mdm-detect-bscan-mask 2
targets -set -nocase -filter {name =~ "*microblaze*#0" && bscan=="USER2" }
rst -system
after 3000
targets -set -nocase -filter {name =~ "*microblaze*#0" && bscan=="USER2" }
dow /home/arjun/VITIS_AREA/Microblaize_program_02_09_2025/gpio_uart_led_switch/Debug/gpio_uart_led_switch.elf
----------------End of Script----------------

11:30:27 INFO  : Context for processor 'microblaze_0' is selected.
11:30:27 INFO  : 'con' command is executed.
11:30:27 INFO  : ----------------XSDB Script (After Launch)----------------
targets -set -nocase -filter {name =~ "*microblaze*#0" && bscan=="USER2" }
con
----------------End of Script----------------

11:30:27 INFO  : Launch script is exported to file '/home/arjun/VITIS_AREA/Microblaize_program_02_09_2025/gpio_uart_led_switch_system/_ide/scripts/debugger_gpio_uart_led_switch-default.tcl'
