TRACE::2025-09-02.11:00:25::SCWPlatform::Trying to open the hw design at /home/arjun/VITIS_AREA/Microblaize_program_02_09_2025/blaize_platform/hw/design_1_mico_cust_wrapper.xsa
TRACE::2025-09-02.11:00:25::SCWPlatform::DSA given /home/arjun/VITIS_AREA/Microblaize_program_02_09_2025/blaize_platform/hw/design_1_mico_cust_wrapper.xsa
TRACE::2025-09-02.11:00:25::SCWPlatform::DSA absoulate path /home/arjun/VITIS_AREA/Microblaize_program_02_09_2025/blaize_platform/hw/design_1_mico_cust_wrapper.xsa
TRACE::2025-09-02.11:00:25::SCWPlatform::DSA directory /home/arjun/VITIS_AREA/Microblaize_program_02_09_2025/blaize_platform/hw
TRACE::2025-09-02.11:00:25::SCWPlatform:: Platform Path /home/arjun/VITIS_AREA/Microblaize_program_02_09_2025/blaize_platform/hw/design_1_mico_cust_wrapper.xsa
TRACE::2025-09-02.11:00:25::SCWPlatform:: Unique name xilinx:arty-a7-100::0.0
TRACE::2025-09-02.11:00:25::SCWPlatform::Do not have an existing db opened. 
TRACE::2025-09-02.11:00:25::SCWPlatform::Opened new HwDB with name design_1_mico_cust_wrapper_0
TRACE::2025-09-02.11:00:25::SCWWriter::formatted JSON is {
	"platformName":	"blaize_platform",
	"sprVersion":	"2.0",
	"mode":	"gui",
	"dsaType":	"Fixed",
	"platformDesc":	"blaize_platform",
	"platHandOff":	"/home/arjun/Vivado_PROJECTS/project_1_MICROB_CUSTOM_BOOT/design_1_mico_cust_wrapper.xsa",
	"platIntHandOff":	"<platformDir>/hw/design_1_mico_cust_wrapper.xsa",
	"deviceType":	"FPGA",
	"platIsPrebuiltAutogen":	"false",
	"platIsNoBootBsp":	"false",
	"hasFsblMakeHasChanges":	"false",
	"hasPmufwMakeHasChanges":	"false",
	"platPreBuiltFlag":	false,
	"platformSamplesDir":	""
}
TRACE::2025-09-02.11:00:25::SCWWriter::formatted JSON is {
	"platformName":	"blaize_platform",
	"sprVersion":	"2.0",
	"mode":	"gui",
	"dsaType":	"Fixed",
	"platformDesc":	"blaize_platform",
	"platHandOff":	"/home/arjun/Vivado_PROJECTS/project_1_MICROB_CUSTOM_BOOT/design_1_mico_cust_wrapper.xsa",
	"platIntHandOff":	"<platformDir>/hw/design_1_mico_cust_wrapper.xsa",
	"deviceType":	"FPGA",
	"platIsPrebuiltAutogen":	"false",
	"platIsNoBootBsp":	"false",
	"hasFsblMakeHasChanges":	"false",
	"hasPmufwMakeHasChanges":	"false",
	"platPreBuiltFlag":	false,
	"platformSamplesDir":	"",
	"platActiveSys":	"blaize_platform",
	"systems":	[{
			"systemName":	"blaize_platform",
			"systemDesc":	"blaize_platform",
			"sysIsBootAutoGen":	"true",
			"systemDispName":	"blaize_platform"
		}]
}
TRACE::2025-09-02.11:00:25::SCWPlatform::Boot application domains not present, creating them
TRACE::2025-09-02.11:00:25::SCWPlatform::Pure FPGA device, no boot application will be created.
TRACE::2025-09-02.11:00:25::SCWWriter::formatted JSON is {
	"platformName":	"blaize_platform",
	"sprVersion":	"2.0",
	"mode":	"gui",
	"dsaType":	"Fixed",
	"platformDesc":	"blaize_platform",
	"platHandOff":	"/home/arjun/Vivado_PROJECTS/project_1_MICROB_CUSTOM_BOOT/design_1_mico_cust_wrapper.xsa",
	"platIntHandOff":	"<platformDir>/hw/design_1_mico_cust_wrapper.xsa",
	"deviceType":	"FPGA",
	"platIsPrebuiltAutogen":	"false",
	"platIsNoBootBsp":	"false",
	"hasFsblMakeHasChanges":	"false",
	"hasPmufwMakeHasChanges":	"false",
	"platPreBuiltFlag":	false,
	"platformSamplesDir":	"",
	"platActiveSys":	"blaize_platform",
	"systems":	[{
			"systemName":	"blaize_platform",
			"systemDesc":	"blaize_platform",
			"sysIsBootAutoGen":	"true",
			"systemDispName":	"blaize_platform"
		}]
}
TRACE::2025-09-02.11:00:25::SCWPlatform::Trying to open the hw design at /home/arjun/VITIS_AREA/Microblaize_program_02_09_2025/blaize_platform/hw/design_1_mico_cust_wrapper.xsa
TRACE::2025-09-02.11:00:25::SCWPlatform::DSA given /home/arjun/VITIS_AREA/Microblaize_program_02_09_2025/blaize_platform/hw/design_1_mico_cust_wrapper.xsa
TRACE::2025-09-02.11:00:25::SCWPlatform::DSA absoulate path /home/arjun/VITIS_AREA/Microblaize_program_02_09_2025/blaize_platform/hw/design_1_mico_cust_wrapper.xsa
TRACE::2025-09-02.11:00:25::SCWPlatform::DSA directory /home/arjun/VITIS_AREA/Microblaize_program_02_09_2025/blaize_platform/hw
TRACE::2025-09-02.11:00:25::SCWPlatform:: Platform Path /home/arjun/VITIS_AREA/Microblaize_program_02_09_2025/blaize_platform/hw/design_1_mico_cust_wrapper.xsa
TRACE::2025-09-02.11:00:25::SCWPlatform:: Unique name xilinx:arty-a7-100::0.0
TRACE::2025-09-02.11:00:25::SCWPlatform::Trying to set the existing hwdb with name design_1_mico_cust_wrapper_0
TRACE::2025-09-02.11:00:25::SCWPlatform::Opened existing hwdb design_1_mico_cust_wrapper_0
TRACE::2025-09-02.11:00:25::SCWPlatform::Found the Hw Db part of the input DSA
TRACE::2025-09-02.11:00:25::SCWPlatform::Trying to open the hw design at /home/arjun/VITIS_AREA/Microblaize_program_02_09_2025/blaize_platform/hw/design_1_mico_cust_wrapper.xsa
TRACE::2025-09-02.11:00:25::SCWPlatform::DSA given /home/arjun/VITIS_AREA/Microblaize_program_02_09_2025/blaize_platform/hw/design_1_mico_cust_wrapper.xsa
TRACE::2025-09-02.11:00:25::SCWPlatform::DSA absoulate path /home/arjun/VITIS_AREA/Microblaize_program_02_09_2025/blaize_platform/hw/design_1_mico_cust_wrapper.xsa
TRACE::2025-09-02.11:00:25::SCWPlatform::DSA directory /home/arjun/VITIS_AREA/Microblaize_program_02_09_2025/blaize_platform/hw
TRACE::2025-09-02.11:00:25::SCWPlatform:: Platform Path /home/arjun/VITIS_AREA/Microblaize_program_02_09_2025/blaize_platform/hw/design_1_mico_cust_wrapper.xsa
TRACE::2025-09-02.11:00:25::SCWPlatform:: Unique name xilinx:arty-a7-100::0.0
TRACE::2025-09-02.11:00:25::SCWPlatform::Trying to set the existing hwdb with name design_1_mico_cust_wrapper_0
TRACE::2025-09-02.11:00:25::SCWPlatform::Opened existing hwdb design_1_mico_cust_wrapper_0
TRACE::2025-09-02.11:00:25::SCWPlatform::Found the Hw Db part of the input DSA
TRACE::2025-09-02.11:00:25::SCWPlatform::Trying to open the hw design at /home/arjun/VITIS_AREA/Microblaize_program_02_09_2025/blaize_platform/hw/design_1_mico_cust_wrapper.xsa
TRACE::2025-09-02.11:00:25::SCWPlatform::DSA given /home/arjun/VITIS_AREA/Microblaize_program_02_09_2025/blaize_platform/hw/design_1_mico_cust_wrapper.xsa
TRACE::2025-09-02.11:00:25::SCWPlatform::DSA absoulate path /home/arjun/VITIS_AREA/Microblaize_program_02_09_2025/blaize_platform/hw/design_1_mico_cust_wrapper.xsa
TRACE::2025-09-02.11:00:25::SCWPlatform::DSA directory /home/arjun/VITIS_AREA/Microblaize_program_02_09_2025/blaize_platform/hw
TRACE::2025-09-02.11:00:25::SCWPlatform:: Platform Path /home/arjun/VITIS_AREA/Microblaize_program_02_09_2025/blaize_platform/hw/design_1_mico_cust_wrapper.xsa
TRACE::2025-09-02.11:00:25::SCWPlatform:: Unique name xilinx:arty-a7-100::0.0
TRACE::2025-09-02.11:00:25::SCWPlatform::Trying to set the existing hwdb with name design_1_mico_cust_wrapper_0
TRACE::2025-09-02.11:00:25::SCWPlatform::Opened existing hwdb design_1_mico_cust_wrapper_0
TRACE::2025-09-02.11:00:25::SCWPlatform::Found the Hw Db part of the input DSA
TRACE::2025-09-02.11:00:25::SCWDomain::checking for install qemu data   : 
TRACE::2025-09-02.11:00:25::SCWPlatform::Trying to open the hw design at /home/arjun/VITIS_AREA/Microblaize_program_02_09_2025/blaize_platform/hw/design_1_mico_cust_wrapper.xsa
TRACE::2025-09-02.11:00:25::SCWPlatform::DSA given /home/arjun/VITIS_AREA/Microblaize_program_02_09_2025/blaize_platform/hw/design_1_mico_cust_wrapper.xsa
TRACE::2025-09-02.11:00:25::SCWPlatform::DSA absoulate path /home/arjun/VITIS_AREA/Microblaize_program_02_09_2025/blaize_platform/hw/design_1_mico_cust_wrapper.xsa
TRACE::2025-09-02.11:00:25::SCWPlatform::DSA directory /home/arjun/VITIS_AREA/Microblaize_program_02_09_2025/blaize_platform/hw
TRACE::2025-09-02.11:00:25::SCWPlatform:: Platform Path /home/arjun/VITIS_AREA/Microblaize_program_02_09_2025/blaize_platform/hw/design_1_mico_cust_wrapper.xsa
TRACE::2025-09-02.11:00:25::SCWPlatform:: Unique name xilinx:arty-a7-100::0.0
TRACE::2025-09-02.11:00:25::SCWPlatform::Trying to set the existing hwdb with name design_1_mico_cust_wrapper_0
TRACE::2025-09-02.11:00:25::SCWPlatform::Opened existing hwdb design_1_mico_cust_wrapper_0
TRACE::2025-09-02.11:00:25::SCWPlatform::Found the Hw Db part of the input DSA
TRACE::2025-09-02.11:00:25::SCWPlatform::Trying to open the hw design at /home/arjun/VITIS_AREA/Microblaize_program_02_09_2025/blaize_platform/hw/design_1_mico_cust_wrapper.xsa
TRACE::2025-09-02.11:00:25::SCWPlatform::DSA given /home/arjun/VITIS_AREA/Microblaize_program_02_09_2025/blaize_platform/hw/design_1_mico_cust_wrapper.xsa
TRACE::2025-09-02.11:00:25::SCWPlatform::DSA absoulate path /home/arjun/VITIS_AREA/Microblaize_program_02_09_2025/blaize_platform/hw/design_1_mico_cust_wrapper.xsa
TRACE::2025-09-02.11:00:25::SCWPlatform::DSA directory /home/arjun/VITIS_AREA/Microblaize_program_02_09_2025/blaize_platform/hw
TRACE::2025-09-02.11:00:25::SCWPlatform:: Platform Path /home/arjun/VITIS_AREA/Microblaize_program_02_09_2025/blaize_platform/hw/design_1_mico_cust_wrapper.xsa
TRACE::2025-09-02.11:00:25::SCWPlatform:: Unique name xilinx:arty-a7-100::0.0
TRACE::2025-09-02.11:00:25::SCWPlatform::Trying to set the existing hwdb with name design_1_mico_cust_wrapper_0
TRACE::2025-09-02.11:00:25::SCWPlatform::Opened existing hwdb design_1_mico_cust_wrapper_0
TRACE::2025-09-02.11:00:25::SCWPlatform::Found the Hw Db part of the input DSA
TRACE::2025-09-02.11:00:25::SCWPlatform::Trying to open the hw design at /home/arjun/VITIS_AREA/Microblaize_program_02_09_2025/blaize_platform/hw/design_1_mico_cust_wrapper.xsa
TRACE::2025-09-02.11:00:25::SCWPlatform::DSA given /home/arjun/VITIS_AREA/Microblaize_program_02_09_2025/blaize_platform/hw/design_1_mico_cust_wrapper.xsa
TRACE::2025-09-02.11:00:25::SCWPlatform::DSA absoulate path /home/arjun/VITIS_AREA/Microblaize_program_02_09_2025/blaize_platform/hw/design_1_mico_cust_wrapper.xsa
TRACE::2025-09-02.11:00:25::SCWPlatform::DSA directory /home/arjun/VITIS_AREA/Microblaize_program_02_09_2025/blaize_platform/hw
TRACE::2025-09-02.11:00:25::SCWPlatform:: Platform Path /home/arjun/VITIS_AREA/Microblaize_program_02_09_2025/blaize_platform/hw/design_1_mico_cust_wrapper.xsa
TRACE::2025-09-02.11:00:25::SCWPlatform:: Unique name xilinx:arty-a7-100::0.0
TRACE::2025-09-02.11:00:25::SCWPlatform::Trying to set the existing hwdb with name design_1_mico_cust_wrapper_0
TRACE::2025-09-02.11:00:25::SCWPlatform::Opened existing hwdb design_1_mico_cust_wrapper_0
TRACE::2025-09-02.11:00:25::SCWPlatform::Found the Hw Db part of the input DSA
TRACE::2025-09-02.11:00:25::SCWMssOS::Checking the sw design at  /home/arjun/VITIS_AREA/Microblaize_program_02_09_2025/blaize_platform/microblaze_0/standalone_domain/bsp/system.mss
TRACE::2025-09-02.11:00:25::SCWMssOS::DEBUG:  swdes dump  
TRACE::2025-09-02.11:00:25::SCWMssOS::No sw design opened at  /home/arjun/VITIS_AREA/Microblaize_program_02_09_2025/blaize_platform/microblaze_0/standalone_domain/bsp/system.mss
TRACE::2025-09-02.11:00:25::SCWMssOS::mss does not exists at /home/arjun/VITIS_AREA/Microblaize_program_02_09_2025/blaize_platform/microblaze_0/standalone_domain/bsp/system.mss
TRACE::2025-09-02.11:00:25::SCWMssOS::Creating sw design at  /home/arjun/VITIS_AREA/Microblaize_program_02_09_2025/blaize_platform/microblaze_0/standalone_domain/bsp/system.mss
TRACE::2025-09-02.11:00:25::SCWMssOS::Adding the swdes entry, created swdb /home/arjun/VITIS_AREA/Microblaize_program_02_09_2025/blaize_platform/microblaze_0/standalone_domain/bsp/system.mss with des name /home/arjun/VITIS_AREA/Microblaize_program_02_09_2025/blaize_platform/microblaze_0/standalone_domain/bsp/system.mss
TRACE::2025-09-02.11:00:25::SCWMssOS::updating the scw layer changes to swdes at   /home/arjun/VITIS_AREA/Microblaize_program_02_09_2025/blaize_platform/microblaze_0/standalone_domain/bsp/system.mss
TRACE::2025-09-02.11:00:25::SCWMssOS::Writing mss at /home/arjun/VITIS_AREA/Microblaize_program_02_09_2025/blaize_platform/microblaze_0/standalone_domain/bsp/system.mss
TRACE::2025-09-02.11:00:25::SCWMssOS::Completed writing the mss file at /home/arjun/VITIS_AREA/Microblaize_program_02_09_2025/blaize_platform/microblaze_0/standalone_domain/bsp
TRACE::2025-09-02.11:00:25::SCWMssOS::Picking up changes from newly written mss file into SCW Layer. 
TRACE::2025-09-02.11:00:25::SCWMssOS::Updated the changes from newly written mss file into SCW Layer. 
TRACE::2025-09-02.11:00:25::SCWMssOS::Completed writing the mss file at /home/arjun/VITIS_AREA/Microblaize_program_02_09_2025/blaize_platform/microblaze_0/standalone_domain/bsp
TRACE::2025-09-02.11:00:25::SCWMssOS::Forcing BSP Sources regeneration.
TRACE::2025-09-02.11:00:26::SCWMssOS::Saving the mss changes /home/arjun/VITIS_AREA/Microblaize_program_02_09_2025/blaize_platform/microblaze_0/standalone_domain/bsp/system.mss
TRACE::2025-09-02.11:00:26::SCWMssOS::Adding the swdes entry, mss present, able to open swdb /home/arjun/VITIS_AREA/Microblaize_program_02_09_2025/blaize_platform/microblaze_0/standalone_domain/bsp/system.mss with des name system
TRACE::2025-09-02.11:00:26::SCWMssOS::Writing the mss file completed /home/arjun/VITIS_AREA/Microblaize_program_02_09_2025/blaize_platform/microblaze_0/standalone_domain/bsp/system.mss
TRACE::2025-09-02.11:00:26::SCWMssOS::Commit changes completed.
TRACE::2025-09-02.11:00:26::SCWPlatform::Trying to open the hw design at /home/arjun/VITIS_AREA/Microblaize_program_02_09_2025/blaize_platform/hw/design_1_mico_cust_wrapper.xsa
TRACE::2025-09-02.11:00:26::SCWPlatform::DSA given /home/arjun/VITIS_AREA/Microblaize_program_02_09_2025/blaize_platform/hw/design_1_mico_cust_wrapper.xsa
TRACE::2025-09-02.11:00:26::SCWPlatform::DSA absoulate path /home/arjun/VITIS_AREA/Microblaize_program_02_09_2025/blaize_platform/hw/design_1_mico_cust_wrapper.xsa
TRACE::2025-09-02.11:00:26::SCWPlatform::DSA directory /home/arjun/VITIS_AREA/Microblaize_program_02_09_2025/blaize_platform/hw
TRACE::2025-09-02.11:00:26::SCWPlatform:: Platform Path /home/arjun/VITIS_AREA/Microblaize_program_02_09_2025/blaize_platform/hw/design_1_mico_cust_wrapper.xsa
TRACE::2025-09-02.11:00:26::SCWPlatform:: Unique name xilinx:arty-a7-100::0.0
TRACE::2025-09-02.11:00:26::SCWPlatform::Trying to set the existing hwdb with name design_1_mico_cust_wrapper_0
TRACE::2025-09-02.11:00:26::SCWPlatform::Opened existing hwdb design_1_mico_cust_wrapper_0
TRACE::2025-09-02.11:00:26::SCWPlatform::Found the Hw Db part of the input DSA
TRACE::2025-09-02.11:00:26::SCWMssOS::Checking the sw design at  /home/arjun/VITIS_AREA/Microblaize_program_02_09_2025/blaize_platform/microblaze_0/standalone_domain/bsp/system.mss
TRACE::2025-09-02.11:00:26::SCWMssOS::DEBUG:  swdes dump  /home/arjun/VITIS_AREA/Microblaize_program_02_09_2025/blaize_platform/microblaze_0/standalone_domain/bsp/system.mss|system||

TRACE::2025-09-02.11:00:26::SCWMssOS::Sw design exists and opened at  /home/arjun/VITIS_AREA/Microblaize_program_02_09_2025/blaize_platform/microblaze_0/standalone_domain/bsp/system.mss
TRACE::2025-09-02.11:00:26::SCWPlatform::Trying to open the hw design at /home/arjun/VITIS_AREA/Microblaize_program_02_09_2025/blaize_platform/hw/design_1_mico_cust_wrapper.xsa
TRACE::2025-09-02.11:00:26::SCWPlatform::DSA given /home/arjun/VITIS_AREA/Microblaize_program_02_09_2025/blaize_platform/hw/design_1_mico_cust_wrapper.xsa
TRACE::2025-09-02.11:00:26::SCWPlatform::DSA absoulate path /home/arjun/VITIS_AREA/Microblaize_program_02_09_2025/blaize_platform/hw/design_1_mico_cust_wrapper.xsa
TRACE::2025-09-02.11:00:26::SCWPlatform::DSA directory /home/arjun/VITIS_AREA/Microblaize_program_02_09_2025/blaize_platform/hw
TRACE::2025-09-02.11:00:26::SCWPlatform:: Platform Path /home/arjun/VITIS_AREA/Microblaize_program_02_09_2025/blaize_platform/hw/design_1_mico_cust_wrapper.xsa
TRACE::2025-09-02.11:00:26::SCWPlatform:: Unique name xilinx:arty-a7-100::0.0
TRACE::2025-09-02.11:00:26::SCWPlatform::Trying to set the existing hwdb with name design_1_mico_cust_wrapper_0
TRACE::2025-09-02.11:00:26::SCWPlatform::Opened existing hwdb design_1_mico_cust_wrapper_0
TRACE::2025-09-02.11:00:26::SCWPlatform::Found the Hw Db part of the input DSA
TRACE::2025-09-02.11:00:26::SCWMssOS::Checking the sw design at  /home/arjun/VITIS_AREA/Microblaize_program_02_09_2025/blaize_platform/microblaze_0/standalone_domain/bsp/system.mss
TRACE::2025-09-02.11:00:26::SCWMssOS::DEBUG:  swdes dump  /home/arjun/VITIS_AREA/Microblaize_program_02_09_2025/blaize_platform/microblaze_0/standalone_domain/bsp/system.mss|system||

TRACE::2025-09-02.11:00:26::SCWMssOS::Sw design exists and opened at  /home/arjun/VITIS_AREA/Microblaize_program_02_09_2025/blaize_platform/microblaze_0/standalone_domain/bsp/system.mss
TRACE::2025-09-02.11:00:26::SCWPlatform::Trying to open the hw design at /home/arjun/VITIS_AREA/Microblaize_program_02_09_2025/blaize_platform/hw/design_1_mico_cust_wrapper.xsa
TRACE::2025-09-02.11:00:26::SCWPlatform::DSA given /home/arjun/VITIS_AREA/Microblaize_program_02_09_2025/blaize_platform/hw/design_1_mico_cust_wrapper.xsa
TRACE::2025-09-02.11:00:26::SCWPlatform::DSA absoulate path /home/arjun/VITIS_AREA/Microblaize_program_02_09_2025/blaize_platform/hw/design_1_mico_cust_wrapper.xsa
TRACE::2025-09-02.11:00:26::SCWPlatform::DSA directory /home/arjun/VITIS_AREA/Microblaize_program_02_09_2025/blaize_platform/hw
TRACE::2025-09-02.11:00:26::SCWPlatform:: Platform Path /home/arjun/VITIS_AREA/Microblaize_program_02_09_2025/blaize_platform/hw/design_1_mico_cust_wrapper.xsa
TRACE::2025-09-02.11:00:26::SCWPlatform:: Unique name xilinx:arty-a7-100::0.0
TRACE::2025-09-02.11:00:26::SCWPlatform::Trying to set the existing hwdb with name design_1_mico_cust_wrapper_0
TRACE::2025-09-02.11:00:26::SCWPlatform::Opened existing hwdb design_1_mico_cust_wrapper_0
TRACE::2025-09-02.11:00:26::SCWPlatform::Found the Hw Db part of the input DSA
TRACE::2025-09-02.11:00:26::SCWMssOS::Checking the sw design at  /home/arjun/VITIS_AREA/Microblaize_program_02_09_2025/blaize_platform/microblaze_0/standalone_domain/bsp/system.mss
TRACE::2025-09-02.11:00:26::SCWMssOS::DEBUG:  swdes dump  /home/arjun/VITIS_AREA/Microblaize_program_02_09_2025/blaize_platform/microblaze_0/standalone_domain/bsp/system.mss|system||

TRACE::2025-09-02.11:00:26::SCWMssOS::Sw design exists and opened at  /home/arjun/VITIS_AREA/Microblaize_program_02_09_2025/blaize_platform/microblaze_0/standalone_domain/bsp/system.mss
TRACE::2025-09-02.11:00:26::SCWWriter::formatted JSON is {
	"platformName":	"blaize_platform",
	"sprVersion":	"2.0",
	"mode":	"gui",
	"dsaType":	"Fixed",
	"platformDesc":	"blaize_platform",
	"platHandOff":	"/home/arjun/Vivado_PROJECTS/project_1_MICROB_CUSTOM_BOOT/design_1_mico_cust_wrapper.xsa",
	"platIntHandOff":	"<platformDir>/hw/design_1_mico_cust_wrapper.xsa",
	"deviceType":	"FPGA",
	"platIsPrebuiltAutogen":	"false",
	"platIsNoBootBsp":	"false",
	"hasFsblMakeHasChanges":	"false",
	"hasPmufwMakeHasChanges":	"false",
	"platPreBuiltFlag":	false,
	"platformSamplesDir":	"",
	"platActiveSys":	"blaize_platform",
	"systems":	[{
			"systemName":	"blaize_platform",
			"systemDesc":	"blaize_platform",
			"sysIsBootAutoGen":	"true",
			"systemDispName":	"blaize_platform",
			"sysActiveDom":	"standalone_domain",
			"sysDefaultDom":	"standalone_domain",
			"domains":	[{
					"domainName":	"standalone_domain",
					"domainDispName":	"standalone_domain",
					"domainDesc":	"standalone_domain",
					"processors":	"microblaze_0",
					"os":	"standalone",
					"sdxOs":	"standalone",
					"debugEnable":	"False",
					"domRuntimes":	["cpp"],
					"swRepo":	"",
					"mssOsVer":	"7.7",
					"mssFile":	"",
					"md5Digest":	"757c7b64669a553620b8caf22ab17d80",
					"compatibleApp":	"",
					"domType":	"mssDomain",
					"arch":	"32-bit",
					"appSettings":	{
						"appCompilerFlags":	"",
						"appLinkerFlags":	""
					},
					"addedLibs":	[],
					"libOptions":	{
						"libsContainingOptions":	[]
					},
					"prebuiltLibs":	{
						"prebuiltIncPath":	[],
						"prebuiltLibPath":	[]
					},
					"isolation":	{
					}
				}]
		}]
}
LOG::2025-09-02.11:00:26::SCWPlatform::Started generating the artifacts platform blaize_platform
TRACE::2025-09-02.11:00:26::SCWPlatform::Sanity checking of platform is completed
LOG::2025-09-02.11:00:26::SCWPlatform::Started generating the artifacts for system configuration blaize_platform
LOG::2025-09-02.11:00:26::SCWSystem::Checking the domain standalone_domain
LOG::2025-09-02.11:00:26::SCWSystem::Not a boot domain 
LOG::2025-09-02.11:00:26::SCWSystem::Started Processing the domain standalone_domain
TRACE::2025-09-02.11:00:26::SCWDomain::Generating domain artifcats
TRACE::2025-09-02.11:00:26::SCWMssOS::Generating standalone artifcats
TRACE::2025-09-02.11:00:26::SCWMssOS:: Copying the user libraries. 
TRACE::2025-09-02.11:00:26::SCWPlatform::Trying to open the hw design at /home/arjun/VITIS_AREA/Microblaize_program_02_09_2025/blaize_platform/hw/design_1_mico_cust_wrapper.xsa
TRACE::2025-09-02.11:00:26::SCWPlatform::DSA given /home/arjun/VITIS_AREA/Microblaize_program_02_09_2025/blaize_platform/hw/design_1_mico_cust_wrapper.xsa
TRACE::2025-09-02.11:00:26::SCWPlatform::DSA absoulate path /home/arjun/VITIS_AREA/Microblaize_program_02_09_2025/blaize_platform/hw/design_1_mico_cust_wrapper.xsa
TRACE::2025-09-02.11:00:26::SCWPlatform::DSA directory /home/arjun/VITIS_AREA/Microblaize_program_02_09_2025/blaize_platform/hw
TRACE::2025-09-02.11:00:26::SCWPlatform:: Platform Path /home/arjun/VITIS_AREA/Microblaize_program_02_09_2025/blaize_platform/hw/design_1_mico_cust_wrapper.xsa
TRACE::2025-09-02.11:00:26::SCWPlatform:: Unique name xilinx:arty-a7-100::0.0
TRACE::2025-09-02.11:00:26::SCWPlatform::Trying to set the existing hwdb with name design_1_mico_cust_wrapper_0
TRACE::2025-09-02.11:00:26::SCWPlatform::Opened existing hwdb design_1_mico_cust_wrapper_0
TRACE::2025-09-02.11:00:26::SCWPlatform::Found the Hw Db part of the input DSA
TRACE::2025-09-02.11:00:26::SCWMssOS::Checking the sw design at  /home/arjun/VITIS_AREA/Microblaize_program_02_09_2025/blaize_platform/microblaze_0/standalone_domain/bsp/system.mss
TRACE::2025-09-02.11:00:26::SCWMssOS::DEBUG:  swdes dump  /home/arjun/VITIS_AREA/Microblaize_program_02_09_2025/blaize_platform/microblaze_0/standalone_domain/bsp/system.mss|system||

TRACE::2025-09-02.11:00:26::SCWMssOS::Sw design exists and opened at  /home/arjun/VITIS_AREA/Microblaize_program_02_09_2025/blaize_platform/microblaze_0/standalone_domain/bsp/system.mss
TRACE::2025-09-02.11:00:26::SCWMssOS::Completed writing the mss file at /home/arjun/VITIS_AREA/Microblaize_program_02_09_2025/blaize_platform/microblaze_0/standalone_domain/bsp
TRACE::2025-09-02.11:00:26::SCWMssOS::Mss edits present, copying mssfile into export location /home/arjun/VITIS_AREA/Microblaize_program_02_09_2025/blaize_platform/microblaze_0/standalone_domain/bsp/system.mss
TRACE::2025-09-02.11:00:26::SCWMssOS::bsp generated is upto date with the mss file. Skipping bsp generation.
TRACE::2025-09-02.11:00:26::SCWMssOS::BSP is already built. skipping the bsp build ... 
TRACE::2025-09-02.11:00:26::SCWDomain::Skipping the build for domain :  standalone_domain
TRACE::2025-09-02.11:00:26::SCWMssOS::skipping the bsp build ... 
TRACE::2025-09-02.11:00:26::SCWMssOS::Copying to export directory.
TRACE::2025-09-02.11:00:26::SCWMssOS:: Checking if to create the Supporting Applications
TRACE::2025-09-02.11:00:26::SCWMssOS:: No Linux domain exists, trying to generate FSBL 
LOG::2025-09-02.11:00:26::SCWSystem::Completed Processing the domain standalone_domain
LOG::2025-09-02.11:00:26::SCWSystem::Completed Processing the sysconfig blaize_platform
LOG::2025-09-02.11:00:26::SCWPlatform::Completed generating the artifacts for system configuration blaize_platform
TRACE::2025-09-02.11:00:26::SCWPlatform::Started preparing the platform 
TRACE::2025-09-02.11:00:26::SCWSystem::Writing the bif file for system config blaize_platform
TRACE::2025-09-02.11:00:26::SCWSystem::dir created 
TRACE::2025-09-02.11:00:26::SCWSystem::Writing the bif 
TRACE::2025-09-02.11:00:26::SCWPlatform::Started writing the spfm file 
TRACE::2025-09-02.11:00:26::SCWPlatform::Started writing the xpfm file 
TRACE::2025-09-02.11:00:26::SCWPlatform::Completed generating the platform
TRACE::2025-09-02.11:00:26::SCWMssOS::Saving the mss changes /home/arjun/VITIS_AREA/Microblaize_program_02_09_2025/blaize_platform/microblaze_0/standalone_domain/bsp/system.mss
TRACE::2025-09-02.11:00:26::SCWMssOS::Found a swdesign opened with the mssfile.
TRACE::2025-09-02.11:00:26::SCWMssOS::Completed writemss as part of save.
TRACE::2025-09-02.11:00:26::SCWMssOS::Commit changes completed.
TRACE::2025-09-02.11:00:26::SCWPlatform::Trying to open the hw design at /home/arjun/VITIS_AREA/Microblaize_program_02_09_2025/blaize_platform/hw/design_1_mico_cust_wrapper.xsa
TRACE::2025-09-02.11:00:26::SCWPlatform::DSA given /home/arjun/VITIS_AREA/Microblaize_program_02_09_2025/blaize_platform/hw/design_1_mico_cust_wrapper.xsa
TRACE::2025-09-02.11:00:26::SCWPlatform::DSA absoulate path /home/arjun/VITIS_AREA/Microblaize_program_02_09_2025/blaize_platform/hw/design_1_mico_cust_wrapper.xsa
TRACE::2025-09-02.11:00:26::SCWPlatform::DSA directory /home/arjun/VITIS_AREA/Microblaize_program_02_09_2025/blaize_platform/hw
TRACE::2025-09-02.11:00:26::SCWPlatform:: Platform Path /home/arjun/VITIS_AREA/Microblaize_program_02_09_2025/blaize_platform/hw/design_1_mico_cust_wrapper.xsa
TRACE::2025-09-02.11:00:26::SCWPlatform:: Unique name xilinx:arty-a7-100::0.0
TRACE::2025-09-02.11:00:26::SCWPlatform::Trying to set the existing hwdb with name design_1_mico_cust_wrapper_0
TRACE::2025-09-02.11:00:26::SCWPlatform::Opened existing hwdb design_1_mico_cust_wrapper_0
TRACE::2025-09-02.11:00:26::SCWPlatform::Found the Hw Db part of the input DSA
TRACE::2025-09-02.11:00:26::SCWMssOS::Checking the sw design at  /home/arjun/VITIS_AREA/Microblaize_program_02_09_2025/blaize_platform/microblaze_0/standalone_domain/bsp/system.mss
TRACE::2025-09-02.11:00:26::SCWMssOS::DEBUG:  swdes dump  /home/arjun/VITIS_AREA/Microblaize_program_02_09_2025/blaize_platform/microblaze_0/standalone_domain/bsp/system.mss|system||

TRACE::2025-09-02.11:00:26::SCWMssOS::Sw design exists and opened at  /home/arjun/VITIS_AREA/Microblaize_program_02_09_2025/blaize_platform/microblaze_0/standalone_domain/bsp/system.mss
TRACE::2025-09-02.11:00:26::SCWPlatform::Trying to open the hw design at /home/arjun/VITIS_AREA/Microblaize_program_02_09_2025/blaize_platform/hw/design_1_mico_cust_wrapper.xsa
TRACE::2025-09-02.11:00:26::SCWPlatform::DSA given /home/arjun/VITIS_AREA/Microblaize_program_02_09_2025/blaize_platform/hw/design_1_mico_cust_wrapper.xsa
TRACE::2025-09-02.11:00:26::SCWPlatform::DSA absoulate path /home/arjun/VITIS_AREA/Microblaize_program_02_09_2025/blaize_platform/hw/design_1_mico_cust_wrapper.xsa
TRACE::2025-09-02.11:00:26::SCWPlatform::DSA directory /home/arjun/VITIS_AREA/Microblaize_program_02_09_2025/blaize_platform/hw
TRACE::2025-09-02.11:00:26::SCWPlatform:: Platform Path /home/arjun/VITIS_AREA/Microblaize_program_02_09_2025/blaize_platform/hw/design_1_mico_cust_wrapper.xsa
TRACE::2025-09-02.11:00:26::SCWPlatform:: Unique name xilinx:arty-a7-100::0.0
TRACE::2025-09-02.11:00:26::SCWPlatform::Trying to set the existing hwdb with name design_1_mico_cust_wrapper_0
TRACE::2025-09-02.11:00:26::SCWPlatform::Opened existing hwdb design_1_mico_cust_wrapper_0
TRACE::2025-09-02.11:00:26::SCWPlatform::Found the Hw Db part of the input DSA
TRACE::2025-09-02.11:00:26::SCWMssOS::Checking the sw design at  /home/arjun/VITIS_AREA/Microblaize_program_02_09_2025/blaize_platform/microblaze_0/standalone_domain/bsp/system.mss
TRACE::2025-09-02.11:00:26::SCWMssOS::DEBUG:  swdes dump  /home/arjun/VITIS_AREA/Microblaize_program_02_09_2025/blaize_platform/microblaze_0/standalone_domain/bsp/system.mss|system||

TRACE::2025-09-02.11:00:26::SCWMssOS::Sw design exists and opened at  /home/arjun/VITIS_AREA/Microblaize_program_02_09_2025/blaize_platform/microblaze_0/standalone_domain/bsp/system.mss
TRACE::2025-09-02.11:00:26::SCWPlatform::Trying to open the hw design at /home/arjun/VITIS_AREA/Microblaize_program_02_09_2025/blaize_platform/hw/design_1_mico_cust_wrapper.xsa
TRACE::2025-09-02.11:00:26::SCWPlatform::DSA given /home/arjun/VITIS_AREA/Microblaize_program_02_09_2025/blaize_platform/hw/design_1_mico_cust_wrapper.xsa
TRACE::2025-09-02.11:00:26::SCWPlatform::DSA absoulate path /home/arjun/VITIS_AREA/Microblaize_program_02_09_2025/blaize_platform/hw/design_1_mico_cust_wrapper.xsa
TRACE::2025-09-02.11:00:26::SCWPlatform::DSA directory /home/arjun/VITIS_AREA/Microblaize_program_02_09_2025/blaize_platform/hw
TRACE::2025-09-02.11:00:26::SCWPlatform:: Platform Path /home/arjun/VITIS_AREA/Microblaize_program_02_09_2025/blaize_platform/hw/design_1_mico_cust_wrapper.xsa
TRACE::2025-09-02.11:00:26::SCWPlatform:: Unique name xilinx:arty-a7-100::0.0
TRACE::2025-09-02.11:00:26::SCWPlatform::Trying to set the existing hwdb with name design_1_mico_cust_wrapper_0
TRACE::2025-09-02.11:00:26::SCWPlatform::Opened existing hwdb design_1_mico_cust_wrapper_0
TRACE::2025-09-02.11:00:26::SCWPlatform::Found the Hw Db part of the input DSA
TRACE::2025-09-02.11:00:26::SCWMssOS::Checking the sw design at  /home/arjun/VITIS_AREA/Microblaize_program_02_09_2025/blaize_platform/microblaze_0/standalone_domain/bsp/system.mss
TRACE::2025-09-02.11:00:26::SCWMssOS::DEBUG:  swdes dump  /home/arjun/VITIS_AREA/Microblaize_program_02_09_2025/blaize_platform/microblaze_0/standalone_domain/bsp/system.mss|system||

TRACE::2025-09-02.11:00:26::SCWMssOS::Sw design exists and opened at  /home/arjun/VITIS_AREA/Microblaize_program_02_09_2025/blaize_platform/microblaze_0/standalone_domain/bsp/system.mss
TRACE::2025-09-02.11:00:26::SCWWriter::formatted JSON is {
	"platformName":	"blaize_platform",
	"sprVersion":	"2.0",
	"mode":	"gui",
	"dsaType":	"Fixed",
	"platformDesc":	"blaize_platform",
	"platHandOff":	"/home/arjun/Vivado_PROJECTS/project_1_MICROB_CUSTOM_BOOT/design_1_mico_cust_wrapper.xsa",
	"platIntHandOff":	"<platformDir>/hw/design_1_mico_cust_wrapper.xsa",
	"deviceType":	"FPGA",
	"platIsPrebuiltAutogen":	"false",
	"platIsNoBootBsp":	"false",
	"hasFsblMakeHasChanges":	"false",
	"hasPmufwMakeHasChanges":	"false",
	"platPreBuiltFlag":	false,
	"platformSamplesDir":	"",
	"platActiveSys":	"blaize_platform",
	"systems":	[{
			"systemName":	"blaize_platform",
			"systemDesc":	"blaize_platform",
			"sysIsBootAutoGen":	"true",
			"systemDispName":	"blaize_platform",
			"sysActiveDom":	"standalone_domain",
			"sysDefaultDom":	"standalone_domain",
			"domains":	[{
					"domainName":	"standalone_domain",
					"domainDispName":	"standalone_domain",
					"domainDesc":	"standalone_domain",
					"processors":	"microblaze_0",
					"os":	"standalone",
					"sdxOs":	"standalone",
					"debugEnable":	"False",
					"domRuntimes":	["cpp"],
					"swRepo":	"",
					"mssOsVer":	"7.7",
					"mssFile":	"",
					"md5Digest":	"757c7b64669a553620b8caf22ab17d80",
					"compatibleApp":	"",
					"domType":	"mssDomain",
					"arch":	"32-bit",
					"appSettings":	{
						"appCompilerFlags":	"",
						"appLinkerFlags":	""
					},
					"addedLibs":	[],
					"libOptions":	{
						"libsContainingOptions":	[]
					},
					"prebuiltLibs":	{
						"prebuiltIncPath":	[],
						"prebuiltLibPath":	[]
					},
					"isolation":	{
					}
				}]
		}]
}
KEYINFO::2025-09-02.11:00:26::SCWPlatform::updated the xpfm file.
TRACE::2025-09-02.11:00:26::SCWPlatform::Trying to open the hw design at /home/arjun/VITIS_AREA/Microblaize_program_02_09_2025/blaize_platform/hw/design_1_mico_cust_wrapper.xsa
TRACE::2025-09-02.11:00:26::SCWPlatform::DSA given /home/arjun/VITIS_AREA/Microblaize_program_02_09_2025/blaize_platform/hw/design_1_mico_cust_wrapper.xsa
TRACE::2025-09-02.11:00:26::SCWPlatform::DSA absoulate path /home/arjun/VITIS_AREA/Microblaize_program_02_09_2025/blaize_platform/hw/design_1_mico_cust_wrapper.xsa
TRACE::2025-09-02.11:00:26::SCWPlatform::DSA directory /home/arjun/VITIS_AREA/Microblaize_program_02_09_2025/blaize_platform/hw
TRACE::2025-09-02.11:00:26::SCWPlatform:: Platform Path /home/arjun/VITIS_AREA/Microblaize_program_02_09_2025/blaize_platform/hw/design_1_mico_cust_wrapper.xsa
TRACE::2025-09-02.11:00:26::SCWPlatform:: Unique name xilinx:arty-a7-100::0.0
TRACE::2025-09-02.11:00:26::SCWPlatform::Trying to set the existing hwdb with name design_1_mico_cust_wrapper_0
TRACE::2025-09-02.11:00:26::SCWPlatform::Opened existing hwdb design_1_mico_cust_wrapper_0
TRACE::2025-09-02.11:00:26::SCWPlatform::Found the Hw Db part of the input DSA
TRACE::2025-09-02.11:00:26::SCWMssOS::Checking the sw design at  /home/arjun/VITIS_AREA/Microblaize_program_02_09_2025/blaize_platform/microblaze_0/standalone_domain/bsp/system.mss
TRACE::2025-09-02.11:00:26::SCWMssOS::DEBUG:  swdes dump  /home/arjun/VITIS_AREA/Microblaize_program_02_09_2025/blaize_platform/microblaze_0/standalone_domain/bsp/system.mss|system||

TRACE::2025-09-02.11:00:26::SCWMssOS::Sw design exists and opened at  /home/arjun/VITIS_AREA/Microblaize_program_02_09_2025/blaize_platform/microblaze_0/standalone_domain/bsp/system.mss
TRACE::2025-09-02.11:00:26::SCWMssOS::Saving the mss changes /home/arjun/VITIS_AREA/Microblaize_program_02_09_2025/blaize_platform/microblaze_0/standalone_domain/bsp/system.mss
TRACE::2025-09-02.11:00:26::SCWMssOS::Found a swdesign opened with the mssfile.
TRACE::2025-09-02.11:00:26::SCWMssOS::Completed writemss as part of save.
TRACE::2025-09-02.11:00:26::SCWMssOS::Commit changes completed.
TRACE::2025-09-02.11:00:26::SCWPlatform::Trying to open the hw design at /home/arjun/VITIS_AREA/Microblaize_program_02_09_2025/blaize_platform/hw/design_1_mico_cust_wrapper.xsa
TRACE::2025-09-02.11:00:26::SCWPlatform::DSA given /home/arjun/VITIS_AREA/Microblaize_program_02_09_2025/blaize_platform/hw/design_1_mico_cust_wrapper.xsa
TRACE::2025-09-02.11:00:26::SCWPlatform::DSA absoulate path /home/arjun/VITIS_AREA/Microblaize_program_02_09_2025/blaize_platform/hw/design_1_mico_cust_wrapper.xsa
TRACE::2025-09-02.11:00:26::SCWPlatform::DSA directory /home/arjun/VITIS_AREA/Microblaize_program_02_09_2025/blaize_platform/hw
TRACE::2025-09-02.11:00:26::SCWPlatform:: Platform Path /home/arjun/VITIS_AREA/Microblaize_program_02_09_2025/blaize_platform/hw/design_1_mico_cust_wrapper.xsa
TRACE::2025-09-02.11:00:26::SCWPlatform:: Unique name xilinx:arty-a7-100::0.0
TRACE::2025-09-02.11:00:26::SCWPlatform::Trying to set the existing hwdb with name design_1_mico_cust_wrapper_0
TRACE::2025-09-02.11:00:26::SCWPlatform::Opened existing hwdb design_1_mico_cust_wrapper_0
TRACE::2025-09-02.11:00:26::SCWPlatform::Found the Hw Db part of the input DSA
TRACE::2025-09-02.11:00:26::SCWMssOS::Checking the sw design at  /home/arjun/VITIS_AREA/Microblaize_program_02_09_2025/blaize_platform/microblaze_0/standalone_domain/bsp/system.mss
TRACE::2025-09-02.11:00:26::SCWMssOS::DEBUG:  swdes dump  /home/arjun/VITIS_AREA/Microblaize_program_02_09_2025/blaize_platform/microblaze_0/standalone_domain/bsp/system.mss|system||

TRACE::2025-09-02.11:00:26::SCWMssOS::Sw design exists and opened at  /home/arjun/VITIS_AREA/Microblaize_program_02_09_2025/blaize_platform/microblaze_0/standalone_domain/bsp/system.mss
TRACE::2025-09-02.11:00:26::SCWPlatform::Trying to open the hw design at /home/arjun/VITIS_AREA/Microblaize_program_02_09_2025/blaize_platform/hw/design_1_mico_cust_wrapper.xsa
TRACE::2025-09-02.11:00:26::SCWPlatform::DSA given /home/arjun/VITIS_AREA/Microblaize_program_02_09_2025/blaize_platform/hw/design_1_mico_cust_wrapper.xsa
TRACE::2025-09-02.11:00:26::SCWPlatform::DSA absoulate path /home/arjun/VITIS_AREA/Microblaize_program_02_09_2025/blaize_platform/hw/design_1_mico_cust_wrapper.xsa
TRACE::2025-09-02.11:00:26::SCWPlatform::DSA directory /home/arjun/VITIS_AREA/Microblaize_program_02_09_2025/blaize_platform/hw
TRACE::2025-09-02.11:00:26::SCWPlatform:: Platform Path /home/arjun/VITIS_AREA/Microblaize_program_02_09_2025/blaize_platform/hw/design_1_mico_cust_wrapper.xsa
TRACE::2025-09-02.11:00:26::SCWPlatform:: Unique name xilinx:arty-a7-100::0.0
TRACE::2025-09-02.11:00:26::SCWPlatform::Trying to set the existing hwdb with name design_1_mico_cust_wrapper_0
TRACE::2025-09-02.11:00:26::SCWPlatform::Opened existing hwdb design_1_mico_cust_wrapper_0
TRACE::2025-09-02.11:00:26::SCWPlatform::Found the Hw Db part of the input DSA
TRACE::2025-09-02.11:00:26::SCWMssOS::Checking the sw design at  /home/arjun/VITIS_AREA/Microblaize_program_02_09_2025/blaize_platform/microblaze_0/standalone_domain/bsp/system.mss
TRACE::2025-09-02.11:00:26::SCWMssOS::DEBUG:  swdes dump  /home/arjun/VITIS_AREA/Microblaize_program_02_09_2025/blaize_platform/microblaze_0/standalone_domain/bsp/system.mss|system||

TRACE::2025-09-02.11:00:26::SCWMssOS::Sw design exists and opened at  /home/arjun/VITIS_AREA/Microblaize_program_02_09_2025/blaize_platform/microblaze_0/standalone_domain/bsp/system.mss
TRACE::2025-09-02.11:00:26::SCWPlatform::Trying to open the hw design at /home/arjun/VITIS_AREA/Microblaize_program_02_09_2025/blaize_platform/hw/design_1_mico_cust_wrapper.xsa
TRACE::2025-09-02.11:00:26::SCWPlatform::DSA given /home/arjun/VITIS_AREA/Microblaize_program_02_09_2025/blaize_platform/hw/design_1_mico_cust_wrapper.xsa
TRACE::2025-09-02.11:00:26::SCWPlatform::DSA absoulate path /home/arjun/VITIS_AREA/Microblaize_program_02_09_2025/blaize_platform/hw/design_1_mico_cust_wrapper.xsa
TRACE::2025-09-02.11:00:26::SCWPlatform::DSA directory /home/arjun/VITIS_AREA/Microblaize_program_02_09_2025/blaize_platform/hw
TRACE::2025-09-02.11:00:26::SCWPlatform:: Platform Path /home/arjun/VITIS_AREA/Microblaize_program_02_09_2025/blaize_platform/hw/design_1_mico_cust_wrapper.xsa
TRACE::2025-09-02.11:00:26::SCWPlatform:: Unique name xilinx:arty-a7-100::0.0
TRACE::2025-09-02.11:00:26::SCWPlatform::Trying to set the existing hwdb with name design_1_mico_cust_wrapper_0
TRACE::2025-09-02.11:00:26::SCWPlatform::Opened existing hwdb design_1_mico_cust_wrapper_0
TRACE::2025-09-02.11:00:26::SCWPlatform::Found the Hw Db part of the input DSA
TRACE::2025-09-02.11:00:26::SCWMssOS::Checking the sw design at  /home/arjun/VITIS_AREA/Microblaize_program_02_09_2025/blaize_platform/microblaze_0/standalone_domain/bsp/system.mss
TRACE::2025-09-02.11:00:26::SCWMssOS::DEBUG:  swdes dump  /home/arjun/VITIS_AREA/Microblaize_program_02_09_2025/blaize_platform/microblaze_0/standalone_domain/bsp/system.mss|system||

TRACE::2025-09-02.11:00:26::SCWMssOS::Sw design exists and opened at  /home/arjun/VITIS_AREA/Microblaize_program_02_09_2025/blaize_platform/microblaze_0/standalone_domain/bsp/system.mss
TRACE::2025-09-02.11:00:26::SCWWriter::formatted JSON is {
	"platformName":	"blaize_platform",
	"sprVersion":	"2.0",
	"mode":	"gui",
	"dsaType":	"Fixed",
	"platformDesc":	"blaize_platform",
	"platHandOff":	"/home/arjun/Vivado_PROJECTS/project_1_MICROB_CUSTOM_BOOT/design_1_mico_cust_wrapper.xsa",
	"platIntHandOff":	"<platformDir>/hw/design_1_mico_cust_wrapper.xsa",
	"deviceType":	"FPGA",
	"platIsPrebuiltAutogen":	"false",
	"platIsNoBootBsp":	"false",
	"hasFsblMakeHasChanges":	"false",
	"hasPmufwMakeHasChanges":	"false",
	"platPreBuiltFlag":	false,
	"platformSamplesDir":	"",
	"platActiveSys":	"blaize_platform",
	"systems":	[{
			"systemName":	"blaize_platform",
			"systemDesc":	"blaize_platform",
			"sysIsBootAutoGen":	"true",
			"systemDispName":	"blaize_platform",
			"sysActiveDom":	"standalone_domain",
			"sysDefaultDom":	"standalone_domain",
			"domains":	[{
					"domainName":	"standalone_domain",
					"domainDispName":	"standalone_domain",
					"domainDesc":	"standalone_domain",
					"processors":	"microblaze_0",
					"os":	"standalone",
					"sdxOs":	"standalone",
					"debugEnable":	"False",
					"domRuntimes":	["cpp"],
					"swRepo":	"",
					"mssOsVer":	"7.7",
					"mssFile":	"",
					"md5Digest":	"757c7b64669a553620b8caf22ab17d80",
					"compatibleApp":	"",
					"domType":	"mssDomain",
					"arch":	"32-bit",
					"appSettings":	{
						"appCompilerFlags":	"",
						"appLinkerFlags":	""
					},
					"addedLibs":	[],
					"libOptions":	{
						"libsContainingOptions":	[]
					},
					"prebuiltLibs":	{
						"prebuiltIncPath":	[],
						"prebuiltLibPath":	[]
					},
					"isolation":	{
					}
				}]
		}]
}
TRACE::2025-09-02.11:00:26::SCWPlatform::Trying to open the hw design at /home/arjun/VITIS_AREA/Microblaize_program_02_09_2025/blaize_platform/hw/design_1_mico_cust_wrapper.xsa
TRACE::2025-09-02.11:00:26::SCWPlatform::DSA given /home/arjun/VITIS_AREA/Microblaize_program_02_09_2025/blaize_platform/hw/design_1_mico_cust_wrapper.xsa
TRACE::2025-09-02.11:00:26::SCWPlatform::DSA absoulate path /home/arjun/VITIS_AREA/Microblaize_program_02_09_2025/blaize_platform/hw/design_1_mico_cust_wrapper.xsa
TRACE::2025-09-02.11:00:26::SCWPlatform::DSA directory /home/arjun/VITIS_AREA/Microblaize_program_02_09_2025/blaize_platform/hw
TRACE::2025-09-02.11:00:26::SCWPlatform:: Platform Path /home/arjun/VITIS_AREA/Microblaize_program_02_09_2025/blaize_platform/hw/design_1_mico_cust_wrapper.xsa
TRACE::2025-09-02.11:00:26::SCWPlatform:: Unique name xilinx:arty-a7-100::0.0
TRACE::2025-09-02.11:00:26::SCWPlatform::Trying to set the existing hwdb with name design_1_mico_cust_wrapper_0
TRACE::2025-09-02.11:00:26::SCWPlatform::Opened existing hwdb design_1_mico_cust_wrapper_0
TRACE::2025-09-02.11:00:26::SCWPlatform::Found the Hw Db part of the input DSA
TRACE::2025-09-02.11:00:26::SCWMssOS::Checking the sw design at  /home/arjun/VITIS_AREA/Microblaize_program_02_09_2025/blaize_platform/microblaze_0/standalone_domain/bsp/system.mss
TRACE::2025-09-02.11:00:26::SCWMssOS::DEBUG:  swdes dump  /home/arjun/VITIS_AREA/Microblaize_program_02_09_2025/blaize_platform/microblaze_0/standalone_domain/bsp/system.mss|system||

TRACE::2025-09-02.11:00:26::SCWMssOS::Sw design exists and opened at  /home/arjun/VITIS_AREA/Microblaize_program_02_09_2025/blaize_platform/microblaze_0/standalone_domain/bsp/system.mss
TRACE::2025-09-02.11:00:26::SCWPlatform::Trying to open the hw design at /home/arjun/VITIS_AREA/Microblaize_program_02_09_2025/blaize_platform/hw/design_1_mico_cust_wrapper.xsa
TRACE::2025-09-02.11:00:26::SCWPlatform::DSA given /home/arjun/VITIS_AREA/Microblaize_program_02_09_2025/blaize_platform/hw/design_1_mico_cust_wrapper.xsa
TRACE::2025-09-02.11:00:26::SCWPlatform::DSA absoulate path /home/arjun/VITIS_AREA/Microblaize_program_02_09_2025/blaize_platform/hw/design_1_mico_cust_wrapper.xsa
TRACE::2025-09-02.11:00:26::SCWPlatform::DSA directory /home/arjun/VITIS_AREA/Microblaize_program_02_09_2025/blaize_platform/hw
TRACE::2025-09-02.11:00:26::SCWPlatform:: Platform Path /home/arjun/VITIS_AREA/Microblaize_program_02_09_2025/blaize_platform/hw/design_1_mico_cust_wrapper.xsa
TRACE::2025-09-02.11:00:26::SCWPlatform:: Unique name xilinx:arty-a7-100::0.0
TRACE::2025-09-02.11:00:26::SCWPlatform::Trying to set the existing hwdb with name design_1_mico_cust_wrapper_0
TRACE::2025-09-02.11:00:26::SCWPlatform::Opened existing hwdb design_1_mico_cust_wrapper_0
TRACE::2025-09-02.11:00:26::SCWPlatform::Found the Hw Db part of the input DSA
TRACE::2025-09-02.11:00:26::SCWMssOS::Checking the sw design at  /home/arjun/VITIS_AREA/Microblaize_program_02_09_2025/blaize_platform/microblaze_0/standalone_domain/bsp/system.mss
TRACE::2025-09-02.11:00:26::SCWMssOS::DEBUG:  swdes dump  /home/arjun/VITIS_AREA/Microblaize_program_02_09_2025/blaize_platform/microblaze_0/standalone_domain/bsp/system.mss|system||

TRACE::2025-09-02.11:00:26::SCWMssOS::Sw design exists and opened at  /home/arjun/VITIS_AREA/Microblaize_program_02_09_2025/blaize_platform/microblaze_0/standalone_domain/bsp/system.mss
TRACE::2025-09-02.11:00:26::SCWPlatform::Trying to open the hw design at /home/arjun/VITIS_AREA/Microblaize_program_02_09_2025/blaize_platform/hw/design_1_mico_cust_wrapper.xsa
TRACE::2025-09-02.11:00:26::SCWPlatform::DSA given /home/arjun/VITIS_AREA/Microblaize_program_02_09_2025/blaize_platform/hw/design_1_mico_cust_wrapper.xsa
TRACE::2025-09-02.11:00:26::SCWPlatform::DSA absoulate path /home/arjun/VITIS_AREA/Microblaize_program_02_09_2025/blaize_platform/hw/design_1_mico_cust_wrapper.xsa
TRACE::2025-09-02.11:00:26::SCWPlatform::DSA directory /home/arjun/VITIS_AREA/Microblaize_program_02_09_2025/blaize_platform/hw
TRACE::2025-09-02.11:00:26::SCWPlatform:: Platform Path /home/arjun/VITIS_AREA/Microblaize_program_02_09_2025/blaize_platform/hw/design_1_mico_cust_wrapper.xsa
TRACE::2025-09-02.11:00:26::SCWPlatform:: Unique name xilinx:arty-a7-100::0.0
TRACE::2025-09-02.11:00:26::SCWPlatform::Trying to set the existing hwdb with name design_1_mico_cust_wrapper_0
TRACE::2025-09-02.11:00:26::SCWPlatform::Opened existing hwdb design_1_mico_cust_wrapper_0
TRACE::2025-09-02.11:00:26::SCWPlatform::Found the Hw Db part of the input DSA
TRACE::2025-09-02.11:00:26::SCWMssOS::Checking the sw design at  /home/arjun/VITIS_AREA/Microblaize_program_02_09_2025/blaize_platform/microblaze_0/standalone_domain/bsp/system.mss
TRACE::2025-09-02.11:00:26::SCWMssOS::DEBUG:  swdes dump  /home/arjun/VITIS_AREA/Microblaize_program_02_09_2025/blaize_platform/microblaze_0/standalone_domain/bsp/system.mss|system||

TRACE::2025-09-02.11:00:26::SCWMssOS::Sw design exists and opened at  /home/arjun/VITIS_AREA/Microblaize_program_02_09_2025/blaize_platform/microblaze_0/standalone_domain/bsp/system.mss
TRACE::2025-09-02.11:00:26::SCWMssOS::Saving the mss changes /home/arjun/VITIS_AREA/Microblaize_program_02_09_2025/blaize_platform/microblaze_0/standalone_domain/bsp/system.mss
TRACE::2025-09-02.11:00:26::SCWMssOS::Found a swdesign opened with the mssfile.
TRACE::2025-09-02.11:00:26::SCWMssOS::Completed writemss as part of save.
TRACE::2025-09-02.11:00:26::SCWMssOS::Commit changes completed.
TRACE::2025-09-02.11:00:26::SCWPlatform::Trying to open the hw design at /home/arjun/VITIS_AREA/Microblaize_program_02_09_2025/blaize_platform/hw/design_1_mico_cust_wrapper.xsa
TRACE::2025-09-02.11:00:26::SCWPlatform::DSA given /home/arjun/VITIS_AREA/Microblaize_program_02_09_2025/blaize_platform/hw/design_1_mico_cust_wrapper.xsa
TRACE::2025-09-02.11:00:26::SCWPlatform::DSA absoulate path /home/arjun/VITIS_AREA/Microblaize_program_02_09_2025/blaize_platform/hw/design_1_mico_cust_wrapper.xsa
TRACE::2025-09-02.11:00:26::SCWPlatform::DSA directory /home/arjun/VITIS_AREA/Microblaize_program_02_09_2025/blaize_platform/hw
TRACE::2025-09-02.11:00:26::SCWPlatform:: Platform Path /home/arjun/VITIS_AREA/Microblaize_program_02_09_2025/blaize_platform/hw/design_1_mico_cust_wrapper.xsa
TRACE::2025-09-02.11:00:26::SCWPlatform:: Unique name xilinx:arty-a7-100::0.0
TRACE::2025-09-02.11:00:26::SCWPlatform::Trying to set the existing hwdb with name design_1_mico_cust_wrapper_0
TRACE::2025-09-02.11:00:26::SCWPlatform::Opened existing hwdb design_1_mico_cust_wrapper_0
TRACE::2025-09-02.11:00:26::SCWPlatform::Found the Hw Db part of the input DSA
TRACE::2025-09-02.11:00:26::SCWMssOS::Checking the sw design at  /home/arjun/VITIS_AREA/Microblaize_program_02_09_2025/blaize_platform/microblaze_0/standalone_domain/bsp/system.mss
TRACE::2025-09-02.11:00:26::SCWMssOS::DEBUG:  swdes dump  /home/arjun/VITIS_AREA/Microblaize_program_02_09_2025/blaize_platform/microblaze_0/standalone_domain/bsp/system.mss|system||

TRACE::2025-09-02.11:00:26::SCWMssOS::Sw design exists and opened at  /home/arjun/VITIS_AREA/Microblaize_program_02_09_2025/blaize_platform/microblaze_0/standalone_domain/bsp/system.mss
TRACE::2025-09-02.11:00:26::SCWPlatform::Trying to open the hw design at /home/arjun/VITIS_AREA/Microblaize_program_02_09_2025/blaize_platform/hw/design_1_mico_cust_wrapper.xsa
TRACE::2025-09-02.11:00:26::SCWPlatform::DSA given /home/arjun/VITIS_AREA/Microblaize_program_02_09_2025/blaize_platform/hw/design_1_mico_cust_wrapper.xsa
TRACE::2025-09-02.11:00:26::SCWPlatform::DSA absoulate path /home/arjun/VITIS_AREA/Microblaize_program_02_09_2025/blaize_platform/hw/design_1_mico_cust_wrapper.xsa
TRACE::2025-09-02.11:00:26::SCWPlatform::DSA directory /home/arjun/VITIS_AREA/Microblaize_program_02_09_2025/blaize_platform/hw
TRACE::2025-09-02.11:00:26::SCWPlatform:: Platform Path /home/arjun/VITIS_AREA/Microblaize_program_02_09_2025/blaize_platform/hw/design_1_mico_cust_wrapper.xsa
TRACE::2025-09-02.11:00:26::SCWPlatform:: Unique name xilinx:arty-a7-100::0.0
TRACE::2025-09-02.11:00:26::SCWPlatform::Trying to set the existing hwdb with name design_1_mico_cust_wrapper_0
TRACE::2025-09-02.11:00:26::SCWPlatform::Opened existing hwdb design_1_mico_cust_wrapper_0
TRACE::2025-09-02.11:00:26::SCWPlatform::Found the Hw Db part of the input DSA
TRACE::2025-09-02.11:00:26::SCWMssOS::Checking the sw design at  /home/arjun/VITIS_AREA/Microblaize_program_02_09_2025/blaize_platform/microblaze_0/standalone_domain/bsp/system.mss
TRACE::2025-09-02.11:00:26::SCWMssOS::DEBUG:  swdes dump  /home/arjun/VITIS_AREA/Microblaize_program_02_09_2025/blaize_platform/microblaze_0/standalone_domain/bsp/system.mss|system||

TRACE::2025-09-02.11:00:26::SCWMssOS::Sw design exists and opened at  /home/arjun/VITIS_AREA/Microblaize_program_02_09_2025/blaize_platform/microblaze_0/standalone_domain/bsp/system.mss
TRACE::2025-09-02.11:00:26::SCWPlatform::Trying to open the hw design at /home/arjun/VITIS_AREA/Microblaize_program_02_09_2025/blaize_platform/hw/design_1_mico_cust_wrapper.xsa
TRACE::2025-09-02.11:00:26::SCWPlatform::DSA given /home/arjun/VITIS_AREA/Microblaize_program_02_09_2025/blaize_platform/hw/design_1_mico_cust_wrapper.xsa
TRACE::2025-09-02.11:00:26::SCWPlatform::DSA absoulate path /home/arjun/VITIS_AREA/Microblaize_program_02_09_2025/blaize_platform/hw/design_1_mico_cust_wrapper.xsa
TRACE::2025-09-02.11:00:26::SCWPlatform::DSA directory /home/arjun/VITIS_AREA/Microblaize_program_02_09_2025/blaize_platform/hw
TRACE::2025-09-02.11:00:26::SCWPlatform:: Platform Path /home/arjun/VITIS_AREA/Microblaize_program_02_09_2025/blaize_platform/hw/design_1_mico_cust_wrapper.xsa
TRACE::2025-09-02.11:00:26::SCWPlatform:: Unique name xilinx:arty-a7-100::0.0
TRACE::2025-09-02.11:00:26::SCWPlatform::Trying to set the existing hwdb with name design_1_mico_cust_wrapper_0
TRACE::2025-09-02.11:00:26::SCWPlatform::Opened existing hwdb design_1_mico_cust_wrapper_0
TRACE::2025-09-02.11:00:26::SCWPlatform::Found the Hw Db part of the input DSA
TRACE::2025-09-02.11:00:26::SCWMssOS::Checking the sw design at  /home/arjun/VITIS_AREA/Microblaize_program_02_09_2025/blaize_platform/microblaze_0/standalone_domain/bsp/system.mss
TRACE::2025-09-02.11:00:26::SCWMssOS::DEBUG:  swdes dump  /home/arjun/VITIS_AREA/Microblaize_program_02_09_2025/blaize_platform/microblaze_0/standalone_domain/bsp/system.mss|system||

TRACE::2025-09-02.11:00:26::SCWMssOS::Sw design exists and opened at  /home/arjun/VITIS_AREA/Microblaize_program_02_09_2025/blaize_platform/microblaze_0/standalone_domain/bsp/system.mss
TRACE::2025-09-02.11:00:26::SCWWriter::formatted JSON is {
	"platformName":	"blaize_platform",
	"sprVersion":	"2.0",
	"mode":	"gui",
	"dsaType":	"Fixed",
	"platformDesc":	"blaize_platform",
	"platHandOff":	"/home/arjun/Vivado_PROJECTS/project_1_MICROB_CUSTOM_BOOT/design_1_mico_cust_wrapper.xsa",
	"platIntHandOff":	"<platformDir>/hw/design_1_mico_cust_wrapper.xsa",
	"deviceType":	"FPGA",
	"platIsPrebuiltAutogen":	"false",
	"platIsNoBootBsp":	"false",
	"hasFsblMakeHasChanges":	"false",
	"hasPmufwMakeHasChanges":	"false",
	"platPreBuiltFlag":	false,
	"platformSamplesDir":	"",
	"platActiveSys":	"blaize_platform",
	"systems":	[{
			"systemName":	"blaize_platform",
			"systemDesc":	"blaize_platform",
			"sysIsBootAutoGen":	"true",
			"systemDispName":	"blaize_platform",
			"sysActiveDom":	"standalone_domain",
			"sysDefaultDom":	"standalone_domain",
			"domains":	[{
					"domainName":	"standalone_domain",
					"domainDispName":	"standalone on microblaze_0",
					"domainDesc":	"standalone_domain",
					"processors":	"microblaze_0",
					"os":	"standalone",
					"sdxOs":	"standalone",
					"debugEnable":	"False",
					"domRuntimes":	["cpp"],
					"swRepo":	"",
					"mssOsVer":	"7.7",
					"mssFile":	"",
					"md5Digest":	"757c7b64669a553620b8caf22ab17d80",
					"compatibleApp":	"",
					"domType":	"mssDomain",
					"arch":	"32-bit",
					"appSettings":	{
						"appCompilerFlags":	"",
						"appLinkerFlags":	""
					},
					"addedLibs":	[],
					"libOptions":	{
						"libsContainingOptions":	[]
					},
					"prebuiltLibs":	{
						"prebuiltIncPath":	[],
						"prebuiltLibPath":	[]
					},
					"isolation":	{
					}
				}]
		}]
}
TRACE::2025-09-02.11:00:26::SCWMssOS::Saving the mss changes /home/arjun/VITIS_AREA/Microblaize_program_02_09_2025/blaize_platform/microblaze_0/standalone_domain/bsp/system.mss
TRACE::2025-09-02.11:00:26::SCWMssOS::Found a swdesign opened with the mssfile.
TRACE::2025-09-02.11:00:26::SCWMssOS::Completed writemss as part of save.
TRACE::2025-09-02.11:00:26::SCWMssOS::Commit changes completed.
TRACE::2025-09-02.11:00:26::SCWPlatform::Trying to open the hw design at /home/arjun/VITIS_AREA/Microblaize_program_02_09_2025/blaize_platform/hw/design_1_mico_cust_wrapper.xsa
TRACE::2025-09-02.11:00:26::SCWPlatform::DSA given /home/arjun/VITIS_AREA/Microblaize_program_02_09_2025/blaize_platform/hw/design_1_mico_cust_wrapper.xsa
TRACE::2025-09-02.11:00:26::SCWPlatform::DSA absoulate path /home/arjun/VITIS_AREA/Microblaize_program_02_09_2025/blaize_platform/hw/design_1_mico_cust_wrapper.xsa
TRACE::2025-09-02.11:00:26::SCWPlatform::DSA directory /home/arjun/VITIS_AREA/Microblaize_program_02_09_2025/blaize_platform/hw
TRACE::2025-09-02.11:00:26::SCWPlatform:: Platform Path /home/arjun/VITIS_AREA/Microblaize_program_02_09_2025/blaize_platform/hw/design_1_mico_cust_wrapper.xsa
TRACE::2025-09-02.11:00:26::SCWPlatform:: Unique name xilinx:arty-a7-100::0.0
TRACE::2025-09-02.11:00:26::SCWPlatform::Trying to set the existing hwdb with name design_1_mico_cust_wrapper_0
TRACE::2025-09-02.11:00:26::SCWPlatform::Opened existing hwdb design_1_mico_cust_wrapper_0
TRACE::2025-09-02.11:00:26::SCWPlatform::Found the Hw Db part of the input DSA
TRACE::2025-09-02.11:00:26::SCWMssOS::Checking the sw design at  /home/arjun/VITIS_AREA/Microblaize_program_02_09_2025/blaize_platform/microblaze_0/standalone_domain/bsp/system.mss
TRACE::2025-09-02.11:00:26::SCWMssOS::DEBUG:  swdes dump  /home/arjun/VITIS_AREA/Microblaize_program_02_09_2025/blaize_platform/microblaze_0/standalone_domain/bsp/system.mss|system||

TRACE::2025-09-02.11:00:26::SCWMssOS::Sw design exists and opened at  /home/arjun/VITIS_AREA/Microblaize_program_02_09_2025/blaize_platform/microblaze_0/standalone_domain/bsp/system.mss
TRACE::2025-09-02.11:00:26::SCWPlatform::Trying to open the hw design at /home/arjun/VITIS_AREA/Microblaize_program_02_09_2025/blaize_platform/hw/design_1_mico_cust_wrapper.xsa
TRACE::2025-09-02.11:00:26::SCWPlatform::DSA given /home/arjun/VITIS_AREA/Microblaize_program_02_09_2025/blaize_platform/hw/design_1_mico_cust_wrapper.xsa
TRACE::2025-09-02.11:00:26::SCWPlatform::DSA absoulate path /home/arjun/VITIS_AREA/Microblaize_program_02_09_2025/blaize_platform/hw/design_1_mico_cust_wrapper.xsa
TRACE::2025-09-02.11:00:26::SCWPlatform::DSA directory /home/arjun/VITIS_AREA/Microblaize_program_02_09_2025/blaize_platform/hw
TRACE::2025-09-02.11:00:26::SCWPlatform:: Platform Path /home/arjun/VITIS_AREA/Microblaize_program_02_09_2025/blaize_platform/hw/design_1_mico_cust_wrapper.xsa
TRACE::2025-09-02.11:00:26::SCWPlatform:: Unique name xilinx:arty-a7-100::0.0
TRACE::2025-09-02.11:00:26::SCWPlatform::Trying to set the existing hwdb with name design_1_mico_cust_wrapper_0
TRACE::2025-09-02.11:00:26::SCWPlatform::Opened existing hwdb design_1_mico_cust_wrapper_0
TRACE::2025-09-02.11:00:26::SCWPlatform::Found the Hw Db part of the input DSA
TRACE::2025-09-02.11:00:26::SCWMssOS::Checking the sw design at  /home/arjun/VITIS_AREA/Microblaize_program_02_09_2025/blaize_platform/microblaze_0/standalone_domain/bsp/system.mss
TRACE::2025-09-02.11:00:26::SCWMssOS::DEBUG:  swdes dump  /home/arjun/VITIS_AREA/Microblaize_program_02_09_2025/blaize_platform/microblaze_0/standalone_domain/bsp/system.mss|system||

TRACE::2025-09-02.11:00:26::SCWMssOS::Sw design exists and opened at  /home/arjun/VITIS_AREA/Microblaize_program_02_09_2025/blaize_platform/microblaze_0/standalone_domain/bsp/system.mss
TRACE::2025-09-02.11:00:26::SCWPlatform::Trying to open the hw design at /home/arjun/VITIS_AREA/Microblaize_program_02_09_2025/blaize_platform/hw/design_1_mico_cust_wrapper.xsa
TRACE::2025-09-02.11:00:26::SCWPlatform::DSA given /home/arjun/VITIS_AREA/Microblaize_program_02_09_2025/blaize_platform/hw/design_1_mico_cust_wrapper.xsa
TRACE::2025-09-02.11:00:26::SCWPlatform::DSA absoulate path /home/arjun/VITIS_AREA/Microblaize_program_02_09_2025/blaize_platform/hw/design_1_mico_cust_wrapper.xsa
TRACE::2025-09-02.11:00:26::SCWPlatform::DSA directory /home/arjun/VITIS_AREA/Microblaize_program_02_09_2025/blaize_platform/hw
TRACE::2025-09-02.11:00:26::SCWPlatform:: Platform Path /home/arjun/VITIS_AREA/Microblaize_program_02_09_2025/blaize_platform/hw/design_1_mico_cust_wrapper.xsa
TRACE::2025-09-02.11:00:26::SCWPlatform:: Unique name xilinx:arty-a7-100::0.0
TRACE::2025-09-02.11:00:26::SCWPlatform::Trying to set the existing hwdb with name design_1_mico_cust_wrapper_0
TRACE::2025-09-02.11:00:26::SCWPlatform::Opened existing hwdb design_1_mico_cust_wrapper_0
TRACE::2025-09-02.11:00:26::SCWPlatform::Found the Hw Db part of the input DSA
TRACE::2025-09-02.11:00:26::SCWMssOS::Checking the sw design at  /home/arjun/VITIS_AREA/Microblaize_program_02_09_2025/blaize_platform/microblaze_0/standalone_domain/bsp/system.mss
TRACE::2025-09-02.11:00:26::SCWMssOS::DEBUG:  swdes dump  /home/arjun/VITIS_AREA/Microblaize_program_02_09_2025/blaize_platform/microblaze_0/standalone_domain/bsp/system.mss|system||

TRACE::2025-09-02.11:00:26::SCWMssOS::Sw design exists and opened at  /home/arjun/VITIS_AREA/Microblaize_program_02_09_2025/blaize_platform/microblaze_0/standalone_domain/bsp/system.mss
TRACE::2025-09-02.11:00:26::SCWWriter::formatted JSON is {
	"platformName":	"blaize_platform",
	"sprVersion":	"2.0",
	"mode":	"gui",
	"dsaType":	"Fixed",
	"platformDesc":	"blaize_platform",
	"platHandOff":	"/home/arjun/Vivado_PROJECTS/project_1_MICROB_CUSTOM_BOOT/design_1_mico_cust_wrapper.xsa",
	"platIntHandOff":	"<platformDir>/hw/design_1_mico_cust_wrapper.xsa",
	"deviceType":	"FPGA",
	"platIsPrebuiltAutogen":	"false",
	"platIsNoBootBsp":	"false",
	"hasFsblMakeHasChanges":	"false",
	"hasPmufwMakeHasChanges":	"false",
	"platPreBuiltFlag":	false,
	"platformSamplesDir":	"",
	"platActiveSys":	"blaize_platform",
	"systems":	[{
			"systemName":	"blaize_platform",
			"systemDesc":	"blaize_platform",
			"sysIsBootAutoGen":	"true",
			"systemDispName":	"blaize_platform",
			"sysActiveDom":	"standalone_domain",
			"sysDefaultDom":	"standalone_domain",
			"domains":	[{
					"domainName":	"standalone_domain",
					"domainDispName":	"standalone on microblaze_0",
					"domainDesc":	"standalone_domain",
					"processors":	"microblaze_0",
					"os":	"standalone",
					"sdxOs":	"standalone",
					"debugEnable":	"False",
					"domRuntimes":	["cpp"],
					"swRepo":	"",
					"mssOsVer":	"7.7",
					"mssFile":	"",
					"md5Digest":	"757c7b64669a553620b8caf22ab17d80",
					"compatibleApp":	"",
					"domType":	"mssDomain",
					"arch":	"32-bit",
					"appSettings":	{
						"appCompilerFlags":	"",
						"appLinkerFlags":	""
					},
					"addedLibs":	[],
					"libOptions":	{
						"libsContainingOptions":	[]
					},
					"prebuiltLibs":	{
						"prebuiltIncPath":	[],
						"prebuiltLibPath":	[]
					},
					"isolation":	{
					}
				}]
		}]
}
TRACE::2025-09-02.11:00:27::SCWPlatform::Clearing the existing platform
TRACE::2025-09-02.11:00:27::SCWSystem::Clearing the existing sysconfig
TRACE::2025-09-02.11:00:27::SCWMssOS::Removing the swdes entry for  /home/arjun/VITIS_AREA/Microblaize_program_02_09_2025/blaize_platform/microblaze_0/standalone_domain/bsp/system.mss
TRACE::2025-09-02.11:00:27::SCWSystem::Clearing the domains completed.
TRACE::2025-09-02.11:00:27::SCWPlatform::Clearing the opened hw db.
TRACE::2025-09-02.11:00:27::SCWPlatform::DSA given /home/arjun/VITIS_AREA/Microblaize_program_02_09_2025/blaize_platform/hw/design_1_mico_cust_wrapper.xsa
TRACE::2025-09-02.11:00:27::SCWPlatform::DSA absoulate path /home/arjun/VITIS_AREA/Microblaize_program_02_09_2025/blaize_platform/hw/design_1_mico_cust_wrapper.xsa
TRACE::2025-09-02.11:00:27::SCWPlatform:: Platform location is /home/arjun/VITIS_AREA/Microblaize_program_02_09_2025/blaize_platform/hw
TRACE::2025-09-02.11:00:27::SCWPlatform:: Platform Path /home/arjun/VITIS_AREA/Microblaize_program_02_09_2025/blaize_platform/hw/design_1_mico_cust_wrapper.xsa
TRACE::2025-09-02.11:00:27::SCWPlatform:: Unique name xilinx:arty-a7-100::0.0
TRACE::2025-09-02.11:00:27::SCWPlatform::Removing the HwDB with name /home/arjun/VITIS_AREA/Microblaize_program_02_09_2025/blaize_platform/hw/design_1_mico_cust_wrapper.xsa
TRACE::2025-09-02.11:00:27::SCWPlatform::Trying to open the hw design at /home/arjun/VITIS_AREA/Microblaize_program_02_09_2025/blaize_platform/hw/design_1_mico_cust_wrapper.xsa
TRACE::2025-09-02.11:00:27::SCWPlatform::DSA given /home/arjun/VITIS_AREA/Microblaize_program_02_09_2025/blaize_platform/hw/design_1_mico_cust_wrapper.xsa
TRACE::2025-09-02.11:00:27::SCWPlatform::DSA absoulate path /home/arjun/VITIS_AREA/Microblaize_program_02_09_2025/blaize_platform/hw/design_1_mico_cust_wrapper.xsa
TRACE::2025-09-02.11:00:27::SCWPlatform::DSA directory /home/arjun/VITIS_AREA/Microblaize_program_02_09_2025/blaize_platform/hw
TRACE::2025-09-02.11:00:27::SCWPlatform:: Platform Path /home/arjun/VITIS_AREA/Microblaize_program_02_09_2025/blaize_platform/hw/design_1_mico_cust_wrapper.xsa
TRACE::2025-09-02.11:00:27::SCWPlatform:: Unique name xilinx:arty-a7-100::0.0
TRACE::2025-09-02.11:00:27::SCWPlatform::Do not have an existing db opened. 
TRACE::2025-09-02.11:00:27::SCWPlatform::Opened new HwDB with name design_1_mico_cust_wrapper_1
TRACE::2025-09-02.11:00:27::SCWReader::Active system found as  blaize_platform
TRACE::2025-09-02.11:00:27::SCWReader::Handling sysconfig blaize_platform
TRACE::2025-09-02.11:00:27::SCWDomain::checking for install qemu data   : 
TRACE::2025-09-02.11:00:27::SCWPlatform::Trying to open the hw design at /home/arjun/VITIS_AREA/Microblaize_program_02_09_2025/blaize_platform/hw/design_1_mico_cust_wrapper.xsa
TRACE::2025-09-02.11:00:27::SCWPlatform::DSA given /home/arjun/VITIS_AREA/Microblaize_program_02_09_2025/blaize_platform/hw/design_1_mico_cust_wrapper.xsa
TRACE::2025-09-02.11:00:27::SCWPlatform::DSA absoulate path /home/arjun/VITIS_AREA/Microblaize_program_02_09_2025/blaize_platform/hw/design_1_mico_cust_wrapper.xsa
TRACE::2025-09-02.11:00:27::SCWPlatform::DSA directory /home/arjun/VITIS_AREA/Microblaize_program_02_09_2025/blaize_platform/hw
TRACE::2025-09-02.11:00:27::SCWPlatform:: Platform Path /home/arjun/VITIS_AREA/Microblaize_program_02_09_2025/blaize_platform/hw/design_1_mico_cust_wrapper.xsa
TRACE::2025-09-02.11:00:27::SCWPlatform:: Unique name xilinx:arty-a7-100::0.0
TRACE::2025-09-02.11:00:27::SCWPlatform::Trying to set the existing hwdb with name design_1_mico_cust_wrapper_1
TRACE::2025-09-02.11:00:27::SCWPlatform::Opened existing hwdb design_1_mico_cust_wrapper_1
TRACE::2025-09-02.11:00:27::SCWPlatform::Found the Hw Db part of the input DSA
TRACE::2025-09-02.11:00:27::SCWPlatform::Trying to open the hw design at /home/arjun/VITIS_AREA/Microblaize_program_02_09_2025/blaize_platform/hw/design_1_mico_cust_wrapper.xsa
TRACE::2025-09-02.11:00:27::SCWPlatform::DSA given /home/arjun/VITIS_AREA/Microblaize_program_02_09_2025/blaize_platform/hw/design_1_mico_cust_wrapper.xsa
TRACE::2025-09-02.11:00:27::SCWPlatform::DSA absoulate path /home/arjun/VITIS_AREA/Microblaize_program_02_09_2025/blaize_platform/hw/design_1_mico_cust_wrapper.xsa
TRACE::2025-09-02.11:00:27::SCWPlatform::DSA directory /home/arjun/VITIS_AREA/Microblaize_program_02_09_2025/blaize_platform/hw
TRACE::2025-09-02.11:00:27::SCWPlatform:: Platform Path /home/arjun/VITIS_AREA/Microblaize_program_02_09_2025/blaize_platform/hw/design_1_mico_cust_wrapper.xsa
TRACE::2025-09-02.11:00:27::SCWPlatform:: Unique name xilinx:arty-a7-100::0.0
TRACE::2025-09-02.11:00:27::SCWPlatform::Trying to set the existing hwdb with name design_1_mico_cust_wrapper_1
TRACE::2025-09-02.11:00:27::SCWPlatform::Opened existing hwdb design_1_mico_cust_wrapper_1
TRACE::2025-09-02.11:00:27::SCWPlatform::Found the Hw Db part of the input DSA
TRACE::2025-09-02.11:00:27::SCWPlatform::Trying to open the hw design at /home/arjun/VITIS_AREA/Microblaize_program_02_09_2025/blaize_platform/hw/design_1_mico_cust_wrapper.xsa
TRACE::2025-09-02.11:00:27::SCWPlatform::DSA given /home/arjun/VITIS_AREA/Microblaize_program_02_09_2025/blaize_platform/hw/design_1_mico_cust_wrapper.xsa
TRACE::2025-09-02.11:00:27::SCWPlatform::DSA absoulate path /home/arjun/VITIS_AREA/Microblaize_program_02_09_2025/blaize_platform/hw/design_1_mico_cust_wrapper.xsa
TRACE::2025-09-02.11:00:27::SCWPlatform::DSA directory /home/arjun/VITIS_AREA/Microblaize_program_02_09_2025/blaize_platform/hw
TRACE::2025-09-02.11:00:27::SCWPlatform:: Platform Path /home/arjun/VITIS_AREA/Microblaize_program_02_09_2025/blaize_platform/hw/design_1_mico_cust_wrapper.xsa
TRACE::2025-09-02.11:00:27::SCWPlatform:: Unique name xilinx:arty-a7-100::0.0
TRACE::2025-09-02.11:00:27::SCWPlatform::Trying to set the existing hwdb with name design_1_mico_cust_wrapper_1
TRACE::2025-09-02.11:00:27::SCWPlatform::Opened existing hwdb design_1_mico_cust_wrapper_1
TRACE::2025-09-02.11:00:27::SCWPlatform::Found the Hw Db part of the input DSA
TRACE::2025-09-02.11:00:27::SCWPlatform::Trying to open the hw design at /home/arjun/VITIS_AREA/Microblaize_program_02_09_2025/blaize_platform/hw/design_1_mico_cust_wrapper.xsa
TRACE::2025-09-02.11:00:27::SCWPlatform::DSA given /home/arjun/VITIS_AREA/Microblaize_program_02_09_2025/blaize_platform/hw/design_1_mico_cust_wrapper.xsa
TRACE::2025-09-02.11:00:27::SCWPlatform::DSA absoulate path /home/arjun/VITIS_AREA/Microblaize_program_02_09_2025/blaize_platform/hw/design_1_mico_cust_wrapper.xsa
TRACE::2025-09-02.11:00:27::SCWPlatform::DSA directory /home/arjun/VITIS_AREA/Microblaize_program_02_09_2025/blaize_platform/hw
TRACE::2025-09-02.11:00:27::SCWPlatform:: Platform Path /home/arjun/VITIS_AREA/Microblaize_program_02_09_2025/blaize_platform/hw/design_1_mico_cust_wrapper.xsa
TRACE::2025-09-02.11:00:27::SCWPlatform:: Unique name xilinx:arty-a7-100::0.0
TRACE::2025-09-02.11:00:27::SCWPlatform::Trying to set the existing hwdb with name design_1_mico_cust_wrapper_1
TRACE::2025-09-02.11:00:27::SCWPlatform::Opened existing hwdb design_1_mico_cust_wrapper_1
TRACE::2025-09-02.11:00:27::SCWPlatform::Found the Hw Db part of the input DSA
TRACE::2025-09-02.11:00:27::SCWMssOS::Checking the sw design at  /home/arjun/VITIS_AREA/Microblaize_program_02_09_2025/blaize_platform/microblaze_0/standalone_domain/bsp/system.mss
TRACE::2025-09-02.11:00:27::SCWMssOS::DEBUG:  swdes dump  
TRACE::2025-09-02.11:00:27::SCWMssOS::No sw design opened at  /home/arjun/VITIS_AREA/Microblaize_program_02_09_2025/blaize_platform/microblaze_0/standalone_domain/bsp/system.mss
TRACE::2025-09-02.11:00:27::SCWMssOS::mss exists loading the mss file  /home/arjun/VITIS_AREA/Microblaize_program_02_09_2025/blaize_platform/microblaze_0/standalone_domain/bsp/system.mss
TRACE::2025-09-02.11:00:27::SCWMssOS::Opened the sw design from mss  /home/arjun/VITIS_AREA/Microblaize_program_02_09_2025/blaize_platform/microblaze_0/standalone_domain/bsp/system.mss
TRACE::2025-09-02.11:00:27::SCWMssOS::Adding the swdes entry /home/arjun/VITIS_AREA/Microblaize_program_02_09_2025/blaize_platform/microblaze_0/standalone_domain/bsp/system.mss with des name system
TRACE::2025-09-02.11:00:27::SCWMssOS::updating the scw layer about changes
TRACE::2025-09-02.11:00:27::SCWMssOS::Opened the sw design.  /home/arjun/VITIS_AREA/Microblaize_program_02_09_2025/blaize_platform/microblaze_0/standalone_domain/bsp/system.mss
TRACE::2025-09-02.11:00:27::SCWMssOS::Saving the mss changes /home/arjun/VITIS_AREA/Microblaize_program_02_09_2025/blaize_platform/microblaze_0/standalone_domain/bsp/system.mss
TRACE::2025-09-02.11:00:27::SCWMssOS::Found a swdesign opened with the mssfile.
TRACE::2025-09-02.11:00:27::SCWMssOS::Completed writemss as part of save.
TRACE::2025-09-02.11:00:27::SCWMssOS::Commit changes completed.
TRACE::2025-09-02.11:00:27::SCWReader::Adding prebuilt librarypaths as   
TRACE::2025-09-02.11:00:27::SCWReader::Adding prebuilt incpaths  as   
TRACE::2025-09-02.11:00:27::SCWPlatform::Trying to open the hw design at /home/arjun/VITIS_AREA/Microblaize_program_02_09_2025/blaize_platform/hw/design_1_mico_cust_wrapper.xsa
TRACE::2025-09-02.11:00:27::SCWPlatform::DSA given /home/arjun/VITIS_AREA/Microblaize_program_02_09_2025/blaize_platform/hw/design_1_mico_cust_wrapper.xsa
TRACE::2025-09-02.11:00:27::SCWPlatform::DSA absoulate path /home/arjun/VITIS_AREA/Microblaize_program_02_09_2025/blaize_platform/hw/design_1_mico_cust_wrapper.xsa
TRACE::2025-09-02.11:00:27::SCWPlatform::DSA directory /home/arjun/VITIS_AREA/Microblaize_program_02_09_2025/blaize_platform/hw
TRACE::2025-09-02.11:00:27::SCWPlatform:: Platform Path /home/arjun/VITIS_AREA/Microblaize_program_02_09_2025/blaize_platform/hw/design_1_mico_cust_wrapper.xsa
TRACE::2025-09-02.11:00:27::SCWPlatform:: Unique name xilinx:arty-a7-100::0.0
TRACE::2025-09-02.11:00:27::SCWPlatform::Trying to set the existing hwdb with name design_1_mico_cust_wrapper_1
TRACE::2025-09-02.11:00:27::SCWPlatform::Opened existing hwdb design_1_mico_cust_wrapper_1
TRACE::2025-09-02.11:00:27::SCWPlatform::Found the Hw Db part of the input DSA
TRACE::2025-09-02.11:00:27::SCWMssOS::Checking the sw design at  /home/arjun/VITIS_AREA/Microblaize_program_02_09_2025/blaize_platform/microblaze_0/standalone_domain/bsp/system.mss
TRACE::2025-09-02.11:00:27::SCWMssOS::DEBUG:  swdes dump  /home/arjun/VITIS_AREA/Microblaize_program_02_09_2025/blaize_platform/microblaze_0/standalone_domain/bsp/system.mss|system||

TRACE::2025-09-02.11:00:27::SCWMssOS::Sw design exists and opened at  /home/arjun/VITIS_AREA/Microblaize_program_02_09_2025/blaize_platform/microblaze_0/standalone_domain/bsp/system.mss
TRACE::2025-09-02.11:00:27::SCWReader::No isolation master present  
LOG::2025-09-02.11:02:56::SCWPlatform::Started generating the artifacts platform blaize_platform
TRACE::2025-09-02.11:02:56::SCWPlatform::Sanity checking of platform is completed
LOG::2025-09-02.11:02:56::SCWPlatform::Started generating the artifacts for system configuration blaize_platform
LOG::2025-09-02.11:02:56::SCWSystem::Checking the domain standalone_domain
LOG::2025-09-02.11:02:56::SCWSystem::Not a boot domain 
LOG::2025-09-02.11:02:56::SCWSystem::Started Processing the domain standalone_domain
TRACE::2025-09-02.11:02:56::SCWDomain::Generating domain artifcats
TRACE::2025-09-02.11:02:56::SCWMssOS::Generating standalone artifcats
TRACE::2025-09-02.11:02:56::SCWMssOS:: Copying the user libraries. 
TRACE::2025-09-02.11:02:56::SCWPlatform::Trying to open the hw design at /home/arjun/VITIS_AREA/Microblaize_program_02_09_2025/blaize_platform/hw/design_1_mico_cust_wrapper.xsa
TRACE::2025-09-02.11:02:56::SCWPlatform::DSA given /home/arjun/VITIS_AREA/Microblaize_program_02_09_2025/blaize_platform/hw/design_1_mico_cust_wrapper.xsa
TRACE::2025-09-02.11:02:56::SCWPlatform::DSA absoulate path /home/arjun/VITIS_AREA/Microblaize_program_02_09_2025/blaize_platform/hw/design_1_mico_cust_wrapper.xsa
TRACE::2025-09-02.11:02:56::SCWPlatform::DSA directory /home/arjun/VITIS_AREA/Microblaize_program_02_09_2025/blaize_platform/hw
TRACE::2025-09-02.11:02:56::SCWPlatform:: Platform Path /home/arjun/VITIS_AREA/Microblaize_program_02_09_2025/blaize_platform/hw/design_1_mico_cust_wrapper.xsa
TRACE::2025-09-02.11:02:56::SCWPlatform:: Unique name xilinx:arty-a7-100::0.0
TRACE::2025-09-02.11:02:56::SCWPlatform::Trying to set the existing hwdb with name design_1_mico_cust_wrapper_1
TRACE::2025-09-02.11:02:56::SCWPlatform::Opened existing hwdb design_1_mico_cust_wrapper_1
TRACE::2025-09-02.11:02:56::SCWPlatform::Found the Hw Db part of the input DSA
TRACE::2025-09-02.11:02:56::SCWMssOS::Checking the sw design at  /home/arjun/VITIS_AREA/Microblaize_program_02_09_2025/blaize_platform/microblaze_0/standalone_domain/bsp/system.mss
TRACE::2025-09-02.11:02:56::SCWMssOS::DEBUG:  swdes dump  /home/arjun/VITIS_AREA/Microblaize_program_02_09_2025/blaize_platform/microblaze_0/standalone_domain/bsp/system.mss|system||

TRACE::2025-09-02.11:02:56::SCWMssOS::Sw design exists and opened at  /home/arjun/VITIS_AREA/Microblaize_program_02_09_2025/blaize_platform/microblaze_0/standalone_domain/bsp/system.mss
TRACE::2025-09-02.11:02:56::SCWMssOS::Completed writing the mss file at /home/arjun/VITIS_AREA/Microblaize_program_02_09_2025/blaize_platform/microblaze_0/standalone_domain/bsp
TRACE::2025-09-02.11:02:56::SCWMssOS::Mss edits present, copying mssfile into export location /home/arjun/VITIS_AREA/Microblaize_program_02_09_2025/blaize_platform/microblaze_0/standalone_domain/bsp/system.mss
TRACE::2025-09-02.11:02:56::SCWMssOS::bsp generated is upto date with the mss file. Skipping bsp generation.
TRACE::2025-09-02.11:02:56::SCWMssOS::BSP is already built. skipping the bsp build ... 
TRACE::2025-09-02.11:02:56::SCWDomain::Building the domain as part of full build :  standalone_domain
TRACE::2025-09-02.11:02:56::SCWMssOS::doing bsp build ... 
TRACE::2025-09-02.11:02:56::SCWMssOS::System Command Ran  cd  /home/arjun/VITIS_AREA/Microblaize_program_02_09_2025/blaize_platform/microblaze_0/standalone_domain/bsp ; bash -c "make  " 
TRACE::2025-09-02.11:02:56::SCWMssOS::make --no-print-directory seq_libs

TRACE::2025-09-02.11:02:56::SCWMssOS::Finished building libraries sequentially.

TRACE::2025-09-02.11:02:56::SCWMssOS::make -j 10 --no-print-directory par_libs

TRACE::2025-09-02.11:02:56::SCWMssOS::Running Make include in microblaze_0/libsrc/bram_v4_7/src

TRACE::2025-09-02.11:02:56::SCWMssOS::make -C microblaze_0/libsrc/bram_v4_7/src -s include  "SHELL=/bin/sh" "COMPILER=mb-gcc" "ASSEMBLER=mb-as" "ARCHIVER=mb-ar" "COM
TRACE::2025-09-02.11:02:56::SCWMssOS::PILER_FLAGS=  -O2 -c -mcpu=v11.0 -mlittle-endian -mxl-soft-mul" "EXTRA_COMPILER_FLAGS=-g -ffunction-sections -fdata-sections -W
TRACE::2025-09-02.11:02:56::SCWMssOS::all -Wextra -fno-tree-loop-distribute-patterns"

TRACE::2025-09-02.11:02:56::SCWMssOS::Running Make include in microblaze_0/libsrc/cpu_v2_15/src

TRACE::2025-09-02.11:02:56::SCWMssOS::make -C microblaze_0/libsrc/cpu_v2_15/src -s include  "SHELL=/bin/sh" "COMPILER=mb-gcc" "ASSEMBLER=mb-as" "ARCHIVER=mb-ar" "COM
TRACE::2025-09-02.11:02:56::SCWMssOS::PILER_FLAGS=  -O2 -c -mcpu=v11.0 -mlittle-endian -mxl-soft-mul" "EXTRA_COMPILER_FLAGS=-g -ffunction-sections -fdata-sections -W
TRACE::2025-09-02.11:02:56::SCWMssOS::all -Wextra -fno-tree-loop-distribute-patterns"

TRACE::2025-09-02.11:02:56::SCWMssOS::Running Make include in microblaze_0/libsrc/gpio_v4_9/src

TRACE::2025-09-02.11:02:56::SCWMssOS::make -C microblaze_0/libsrc/gpio_v4_9/src -s include  "SHELL=/bin/sh" "COMPILER=mb-gcc" "ASSEMBLER=mb-as" "ARCHIVER=mb-ar" "COM
TRACE::2025-09-02.11:02:56::SCWMssOS::PILER_FLAGS=  -O2 -c -mcpu=v11.0 -mlittle-endian -mxl-soft-mul" "EXTRA_COMPILER_FLAGS=-g -ffunction-sections -fdata-sections -W
TRACE::2025-09-02.11:02:56::SCWMssOS::all -Wextra -fno-tree-loop-distribute-patterns"

TRACE::2025-09-02.11:02:56::SCWMssOS::Running Make include in microblaze_0/libsrc/intc_v3_14/src

TRACE::2025-09-02.11:02:56::SCWMssOS::make -C microblaze_0/libsrc/intc_v3_14/src -s include  "SHELL=/bin/sh" "COMPILER=mb-gcc" "ASSEMBLER=mb-as" "ARCHIVER=mb-ar" "CO
TRACE::2025-09-02.11:02:56::SCWMssOS::MPILER_FLAGS=  -O2 -c -mcpu=v11.0 -mlittle-endian -mxl-soft-mul" "EXTRA_COMPILER_FLAGS=-g -ffunction-sections -fdata-sections -
TRACE::2025-09-02.11:02:56::SCWMssOS::Wall -Wextra -fno-tree-loop-distribute-patterns"

TRACE::2025-09-02.11:02:56::SCWMssOS::Running Make include in microblaze_0/libsrc/spi_v4_9/src

TRACE::2025-09-02.11:02:56::SCWMssOS::make -C microblaze_0/libsrc/spi_v4_9/src -s include  "SHELL=/bin/sh" "COMPILER=mb-gcc" "ASSEMBLER=mb-as" "ARCHIVER=mb-ar" "COMP
TRACE::2025-09-02.11:02:56::SCWMssOS::ILER_FLAGS=  -O2 -c -mcpu=v11.0 -mlittle-endian -mxl-soft-mul" "EXTRA_COMPILER_FLAGS=-g -ffunction-sections -fdata-sections -Wa
TRACE::2025-09-02.11:02:56::SCWMssOS::ll -Wextra -fno-tree-loop-distribute-patterns"

TRACE::2025-09-02.11:02:56::SCWMssOS::Running Make include in microblaze_0/libsrc/standalone_v7_7/src

TRACE::2025-09-02.11:02:56::SCWMssOS::make -C microblaze_0/libsrc/standalone_v7_7/src -s include  "SHELL=/bin/sh" "COMPILER=mb-gcc" "ASSEMBLER=mb-as" "ARCHIVER=mb-ar
TRACE::2025-09-02.11:02:56::SCWMssOS::" "COMPILER_FLAGS=  -O2 -c -mcpu=v11.0 -mlittle-endian -mxl-soft-mul" "EXTRA_COMPILER_FLAGS=-g -ffunction-sections -fdata-secti
TRACE::2025-09-02.11:02:56::SCWMssOS::ons -Wall -Wextra -fno-tree-loop-distribute-patterns"

TRACE::2025-09-02.11:02:56::SCWMssOS::Running Make include in microblaze_0/libsrc/uartlite_v3_7/src

TRACE::2025-09-02.11:02:56::SCWMssOS::make -C microblaze_0/libsrc/uartlite_v3_7/src -s include  "SHELL=/bin/sh" "COMPILER=mb-gcc" "ASSEMBLER=mb-as" "ARCHIVER=mb-ar" 
TRACE::2025-09-02.11:02:56::SCWMssOS::"COMPILER_FLAGS=  -O2 -c -mcpu=v11.0 -mlittle-endian -mxl-soft-mul" "EXTRA_COMPILER_FLAGS=-g -ffunction-sections -fdata-section
TRACE::2025-09-02.11:02:56::SCWMssOS::s -Wall -Wextra -fno-tree-loop-distribute-patterns"

TRACE::2025-09-02.11:02:56::SCWMssOS::Running Make libs in microblaze_0/libsrc/bram_v4_7/src

TRACE::2025-09-02.11:02:56::SCWMssOS::make -C microblaze_0/libsrc/bram_v4_7/src -s libs  "SHELL=/bin/sh" "COMPILER=mb-gcc" "ASSEMBLER=mb-as" "ARCHIVER=mb-ar" "COMPIL
TRACE::2025-09-02.11:02:56::SCWMssOS::ER_FLAGS=  -O2 -c -mcpu=v11.0 -mlittle-endian -mxl-soft-mul" "EXTRA_COMPILER_FLAGS=-g -ffunction-sections -fdata-sections -Wall
TRACE::2025-09-02.11:02:56::SCWMssOS:: -Wextra -fno-tree-loop-distribute-patterns"

TRACE::2025-09-02.11:02:56::SCWMssOS::Running Make libs in microblaze_0/libsrc/cpu_v2_15/src

TRACE::2025-09-02.11:02:56::SCWMssOS::make -C microblaze_0/libsrc/cpu_v2_15/src -s libs  "SHELL=/bin/sh" "COMPILER=mb-gcc" "ASSEMBLER=mb-as" "ARCHIVER=mb-ar" "COMPIL
TRACE::2025-09-02.11:02:56::SCWMssOS::ER_FLAGS=  -O2 -c -mcpu=v11.0 -mlittle-endian -mxl-soft-mul" "EXTRA_COMPILER_FLAGS=-g -ffunction-sections -fdata-sections -Wall
TRACE::2025-09-02.11:02:56::SCWMssOS:: -Wextra -fno-tree-loop-distribute-patterns"

TRACE::2025-09-02.11:02:56::SCWMssOS::Running Make libs in microblaze_0/libsrc/gpio_v4_9/src

TRACE::2025-09-02.11:02:56::SCWMssOS::Running Make libs in microblaze_0/libsrc/intc_v3_14/src

TRACE::2025-09-02.11:02:56::SCWMssOS::make -C microblaze_0/libsrc/gpio_v4_9/src -s libs  "SHELL=/bin/sh" "COMPILER=mb-gcc" "ASSEMBLER=mb-as" "ARCHIVER=mb-ar" "COMPIL
TRACE::2025-09-02.11:02:56::SCWMssOS::ER_FLAGS=  -O2 -c -mcpu=v11.0 -mlittle-endian -mxl-soft-mul" "EXTRA_COMPILER_FLAGS=-g -ffunction-sections -fdata-sections -Wall
TRACE::2025-09-02.11:02:56::SCWMssOS:: -Wextra -fno-tree-loop-distribute-patterns"

TRACE::2025-09-02.11:02:56::SCWMssOS::make -C microblaze_0/libsrc/intc_v3_14/src -s libs  "SHELL=/bin/sh" "COMPILER=mb-gcc" "ASSEMBLER=mb-as" "ARCHIVER=mb-ar" "COMPI
TRACE::2025-09-02.11:02:56::SCWMssOS::LER_FLAGS=  -O2 -c -mcpu=v11.0 -mlittle-endian -mxl-soft-mul" "EXTRA_COMPILER_FLAGS=-g -ffunction-sections -fdata-sections -Wal
TRACE::2025-09-02.11:02:56::SCWMssOS::l -Wextra -fno-tree-loop-distribute-patterns"

TRACE::2025-09-02.11:02:56::SCWMssOS::Running Make libs in microblaze_0/libsrc/spi_v4_9/src

TRACE::2025-09-02.11:02:56::SCWMssOS::make -C microblaze_0/libsrc/spi_v4_9/src -s libs  "SHELL=/bin/sh" "COMPILER=mb-gcc" "ASSEMBLER=mb-as" "ARCHIVER=mb-ar" "COMPILE
TRACE::2025-09-02.11:02:56::SCWMssOS::R_FLAGS=  -O2 -c -mcpu=v11.0 -mlittle-endian -mxl-soft-mul" "EXTRA_COMPILER_FLAGS=-g -ffunction-sections -fdata-sections -Wall 
TRACE::2025-09-02.11:02:56::SCWMssOS::-Wextra -fno-tree-loop-distribute-patterns"

TRACE::2025-09-02.11:02:56::SCWMssOS::Running Make libs in microblaze_0/libsrc/standalone_v7_7/src

TRACE::2025-09-02.11:02:56::SCWMssOS::Running Make libs in microblaze_0/libsrc/uartlite_v3_7/src

TRACE::2025-09-02.11:02:56::SCWMssOS::make -C microblaze_0/libsrc/standalone_v7_7/src -s libs  "SHELL=/bin/sh" "COMPILER=mb-gcc" "ASSEMBLER=mb-as" "ARCHIVER=mb-ar" "
TRACE::2025-09-02.11:02:56::SCWMssOS::COMPILER_FLAGS=  -O2 -c -mcpu=v11.0 -mlittle-endian -mxl-soft-mul" "EXTRA_COMPILER_FLAGS=-g -ffunction-sections -fdata-sections
TRACE::2025-09-02.11:02:56::SCWMssOS:: -Wall -Wextra -fno-tree-loop-distribute-patterns"

TRACE::2025-09-02.11:02:56::SCWMssOS::make -C microblaze_0/libsrc/uartlite_v3_7/src -s libs  "SHELL=/bin/sh" "COMPILER=mb-gcc" "ASSEMBLER=mb-as" "ARCHIVER=mb-ar" "CO
TRACE::2025-09-02.11:02:56::SCWMssOS::MPILER_FLAGS=  -O2 -c -mcpu=v11.0 -mlittle-endian -mxl-soft-mul" "EXTRA_COMPILER_FLAGS=-g -ffunction-sections -fdata-sections -
TRACE::2025-09-02.11:02:56::SCWMssOS::Wall -Wextra -fno-tree-loop-distribute-patterns"

TRACE::2025-09-02.11:02:58::SCWMssOS::DEBUG NON_LTO_OBJECTS is ../../../lib/microblaze_interrupt_handler.o

TRACE::2025-09-02.11:02:58::SCWMssOS::Finished building libraries parallelly.

TRACE::2025-09-02.11:02:58::SCWMssOS::make --no-print-directory archive

TRACE::2025-09-02.11:02:58::SCWMssOS::mb-ar -r  microblaze_0/lib/libxil.a microblaze_0/lib/errno.o microblaze_0/lib/_exit.o microblaze_0/lib/fcntl.o microblaze_0/lib
TRACE::2025-09-02.11:02:58::SCWMssOS::/hw_exception_handler.o microblaze_0/lib/inbyte.o microblaze_0/lib/microblaze_disable_dcache.o microblaze_0/lib/microblaze_disa
TRACE::2025-09-02.11:02:58::SCWMssOS::ble_exceptions.o microblaze_0/lib/microblaze_disable_icache.o microblaze_0/lib/microblaze_disable_interrupts.o microblaze_0/lib
TRACE::2025-09-02.11:02:58::SCWMssOS::/microblaze_enable_dcache.o microblaze_0/lib/microblaze_enable_exceptions.o microblaze_0/lib/microblaze_enable_icache.o microbl
TRACE::2025-09-02.11:02:58::SCWMssOS::aze_0/lib/microblaze_enable_interrupts.o microblaze_0/lib/microblaze_exception_handler.o microblaze_0/lib/microblaze_flush_cach
TRACE::2025-09-02.11:02:58::SCWMssOS::e_ext.o microblaze_0/lib/microblaze_flush_cache_ext_range.o microblaze_0/lib/microblaze_flush_dcache.o microblaze_0/lib/microbl
TRACE::2025-09-02.11:02:58::SCWMssOS::aze_flush_dcache_range.o microblaze_0/lib/microblaze_init_dcache_range.o microblaze_0/lib/microblaze_init_icache_range.o microb
TRACE::2025-09-02.11:02:58::SCWMssOS::laze_0/lib/microblaze_interrupt_handler.o microblaze_0/lib/microblaze_interrupts_g.o microblaze_0/lib/microblaze_invalidate_cac
TRACE::2025-09-02.11:02:58::SCWMssOS::he_ext.o microblaze_0/lib/microblaze_invalidate_cache_ext_range.o microblaze_0/lib/microblaze_invalidate_dcache.o microblaze_0/
TRACE::2025-09-02.11:02:58::SCWMssOS::lib/microblaze_invalidate_dcache_range.o microblaze_0/lib/microblaze_invalidate_icache.o microblaze_0/lib/microblaze_invalidate
TRACE::2025-09-02.11:02:58::SCWMssOS::_icache_range.o microblaze_0/lib/microblaze_scrub.o microblaze_0/lib/microblaze_selftest.o microblaze_0/lib/microblaze_sleep.o 
TRACE::2025-09-02.11:02:58::SCWMssOS::microblaze_0/lib/microblaze_update_dcache.o microblaze_0/lib/microblaze_update_icache.o microblaze_0/lib/outbyte.o microblaze_0
TRACE::2025-09-02.11:02:58::SCWMssOS::/lib/print.o microblaze_0/lib/pvr.o microblaze_0/lib/xbram_g.o microblaze_0/lib/xbram_intr.o microblaze_0/lib/xbram.o microblaz
TRACE::2025-09-02.11:02:58::SCWMssOS::e_0/lib/xbram_selftest.o microblaze_0/lib/xbram_sinit.o microblaze_0/lib/xgpio_extra.o microblaze_0/lib/xgpio_g.o microblaze_0/
TRACE::2025-09-02.11:02:58::SCWMssOS::lib/xgpio_intr.o microblaze_0/lib/xgpio.o microblaze_0/lib/xgpio_selftest.o microblaze_0/lib/xgpio_sinit.o microblaze_0/lib/xil
TRACE::2025-09-02.11:02:58::SCWMssOS::_assert.o microblaze_0/lib/xil_cache.o microblaze_0/lib/xil_clocking.o microblaze_0/lib/xil_exception.o microblaze_0/lib/xil_me
TRACE::2025-09-02.11:02:58::SCWMssOS::m.o microblaze_0/lib/xil_misc_psreset_api.o microblaze_0/lib/xil_printf.o microblaze_0/lib/xil_sleepcommon.o microblaze_0/lib/x
TRACE::2025-09-02.11:02:58::SCWMssOS::il_testcache.o microblaze_0/lib/xil_testio.o microblaze_0/lib/xil_testmem.o microblaze_0/lib/xil_util.o microblaze_0/lib/xintc_
TRACE::2025-09-02.11:02:58::SCWMssOS::g.o microblaze_0/lib/xintc_intr.o microblaze_0/lib/xintc_l.o microblaze_0/lib/xintc.o microblaze_0/lib/xintc_options.o microbla
TRACE::2025-09-02.11:02:58::SCWMssOS::ze_0/lib/xintc_selftest.o microblaze_0/lib/xinterrupt_wrap.o microblaze_0/lib/xio.o microblaze_0/lib/xplatform_info.o microblaz
TRACE::2025-09-02.11:02:58::SCWMssOS::e_0/lib/xspi_g.o microblaze_0/lib/xspi.o microblaze_0/lib/xspi_options.o microblaze_0/lib/xspi_selftest.o microblaze_0/lib/xspi
TRACE::2025-09-02.11:02:58::SCWMssOS::_sinit.o microblaze_0/lib/xspi_stats.o microblaze_0/lib/xuartlite_g.o microblaze_0/lib/xuartlite_intr.o microblaze_0/lib/xuartl
TRACE::2025-09-02.11:02:58::SCWMssOS::ite_l.o microblaze_0/lib/xuartlite.o microblaze_0/lib/xuartlite_selftest.o microblaze_0/lib/xuartlite_sinit.o microblaze_0/lib/
TRACE::2025-09-02.11:02:58::SCWMssOS::xuartlite_stats.o

TRACE::2025-09-02.11:02:58::SCWMssOS::Finished building libraries

TRACE::2025-09-02.11:02:58::SCWMssOS::Copying to export directory.
TRACE::2025-09-02.11:02:58::SCWMssOS:: Checking if to create the Supporting Applications
TRACE::2025-09-02.11:02:58::SCWMssOS:: No Linux domain exists, trying to generate FSBL 
LOG::2025-09-02.11:02:58::SCWSystem::Completed Processing the domain standalone_domain
LOG::2025-09-02.11:02:58::SCWSystem::Completed Processing the sysconfig blaize_platform
LOG::2025-09-02.11:02:58::SCWPlatform::Completed generating the artifacts for system configuration blaize_platform
TRACE::2025-09-02.11:02:58::SCWPlatform::Started preparing the platform 
TRACE::2025-09-02.11:02:58::SCWSystem::Writing the bif file for system config blaize_platform
TRACE::2025-09-02.11:02:58::SCWSystem::dir created 
TRACE::2025-09-02.11:02:58::SCWSystem::Writing the bif 
TRACE::2025-09-02.11:02:58::SCWPlatform::Started writing the spfm file 
TRACE::2025-09-02.11:02:58::SCWPlatform::Started writing the xpfm file 
TRACE::2025-09-02.11:02:58::SCWPlatform::Completed generating the platform
TRACE::2025-09-02.11:02:58::SCWMssOS::Saving the mss changes /home/arjun/VITIS_AREA/Microblaize_program_02_09_2025/blaize_platform/microblaze_0/standalone_domain/bsp/system.mss
TRACE::2025-09-02.11:02:58::SCWMssOS::Found a swdesign opened with the mssfile.
TRACE::2025-09-02.11:02:58::SCWMssOS::Completed writemss as part of save.
TRACE::2025-09-02.11:02:58::SCWMssOS::Commit changes completed.
TRACE::2025-09-02.11:02:58::SCWPlatform::Trying to open the hw design at /home/arjun/VITIS_AREA/Microblaize_program_02_09_2025/blaize_platform/hw/design_1_mico_cust_wrapper.xsa
TRACE::2025-09-02.11:02:58::SCWPlatform::DSA given /home/arjun/VITIS_AREA/Microblaize_program_02_09_2025/blaize_platform/hw/design_1_mico_cust_wrapper.xsa
TRACE::2025-09-02.11:02:58::SCWPlatform::DSA absoulate path /home/arjun/VITIS_AREA/Microblaize_program_02_09_2025/blaize_platform/hw/design_1_mico_cust_wrapper.xsa
TRACE::2025-09-02.11:02:58::SCWPlatform::DSA directory /home/arjun/VITIS_AREA/Microblaize_program_02_09_2025/blaize_platform/hw
TRACE::2025-09-02.11:02:58::SCWPlatform:: Platform Path /home/arjun/VITIS_AREA/Microblaize_program_02_09_2025/blaize_platform/hw/design_1_mico_cust_wrapper.xsa
TRACE::2025-09-02.11:02:58::SCWPlatform:: Unique name xilinx:arty-a7-100::0.0
TRACE::2025-09-02.11:02:58::SCWPlatform::Trying to set the existing hwdb with name design_1_mico_cust_wrapper_1
TRACE::2025-09-02.11:02:58::SCWPlatform::Opened existing hwdb design_1_mico_cust_wrapper_1
TRACE::2025-09-02.11:02:58::SCWPlatform::Found the Hw Db part of the input DSA
TRACE::2025-09-02.11:02:58::SCWMssOS::Checking the sw design at  /home/arjun/VITIS_AREA/Microblaize_program_02_09_2025/blaize_platform/microblaze_0/standalone_domain/bsp/system.mss
TRACE::2025-09-02.11:02:58::SCWMssOS::DEBUG:  swdes dump  /home/arjun/VITIS_AREA/Microblaize_program_02_09_2025/blaize_platform/microblaze_0/standalone_domain/bsp/system.mss|system||

TRACE::2025-09-02.11:02:58::SCWMssOS::Sw design exists and opened at  /home/arjun/VITIS_AREA/Microblaize_program_02_09_2025/blaize_platform/microblaze_0/standalone_domain/bsp/system.mss
TRACE::2025-09-02.11:02:58::SCWWriter::formatted JSON is {
	"platformName":	"blaize_platform",
	"sprVersion":	"2.0",
	"mode":	"gui",
	"dsaType":	"Fixed",
	"platformDesc":	"blaize_platform",
	"platHandOff":	"/home/arjun/Vivado_PROJECTS/project_1_MICROB_CUSTOM_BOOT/design_1_mico_cust_wrapper.xsa",
	"platIntHandOff":	"<platformDir>/hw/design_1_mico_cust_wrapper.xsa",
	"deviceType":	"FPGA",
	"platIsPrebuiltAutogen":	"false",
	"platIsNoBootBsp":	"false",
	"hasFsblMakeHasChanges":	"false",
	"hasPmufwMakeHasChanges":	"false",
	"platPreBuiltFlag":	false,
	"platformSamplesDir":	"",
	"platActiveSys":	"blaize_platform",
	"systems":	[{
			"systemName":	"blaize_platform",
			"systemDesc":	"blaize_platform",
			"sysIsBootAutoGen":	"true",
			"systemDispName":	"blaize_platform",
			"sysActiveDom":	"standalone_domain",
			"sysDefaultDom":	"standalone_domain",
			"domains":	[{
					"domainName":	"standalone_domain",
					"domainDispName":	"standalone on microblaze_0",
					"domainDesc":	"standalone_domain",
					"processors":	"microblaze_0",
					"os":	"standalone",
					"sdxOs":	"standalone",
					"debugEnable":	"False",
					"domRuntimes":	["cpp"],
					"swRepo":	"",
					"mssOsVer":	"7.7",
					"mssFile":	"",
					"md5Digest":	"757c7b64669a553620b8caf22ab17d80",
					"compatibleApp":	"",
					"domType":	"mssDomain",
					"arch":	"32-bit",
					"appSettings":	{
						"appCompilerFlags":	"",
						"appLinkerFlags":	""
					},
					"addedLibs":	[],
					"libOptions":	{
						"libsContainingOptions":	[]
					},
					"prebuiltLibs":	{
						"prebuiltIncPath":	[],
						"prebuiltLibPath":	[]
					},
					"isolation":	{
					}
				}]
		}]
}
KEYINFO::2025-09-02.11:02:58::SCWPlatform::updated the xpfm file.
TRACE::2025-09-02.11:02:58::SCWPlatform::Trying to open the hw design at /home/arjun/VITIS_AREA/Microblaize_program_02_09_2025/blaize_platform/hw/design_1_mico_cust_wrapper.xsa
TRACE::2025-09-02.11:02:58::SCWPlatform::DSA given /home/arjun/VITIS_AREA/Microblaize_program_02_09_2025/blaize_platform/hw/design_1_mico_cust_wrapper.xsa
TRACE::2025-09-02.11:02:58::SCWPlatform::DSA absoulate path /home/arjun/VITIS_AREA/Microblaize_program_02_09_2025/blaize_platform/hw/design_1_mico_cust_wrapper.xsa
TRACE::2025-09-02.11:02:58::SCWPlatform::DSA directory /home/arjun/VITIS_AREA/Microblaize_program_02_09_2025/blaize_platform/hw
TRACE::2025-09-02.11:02:58::SCWPlatform:: Platform Path /home/arjun/VITIS_AREA/Microblaize_program_02_09_2025/blaize_platform/hw/design_1_mico_cust_wrapper.xsa
TRACE::2025-09-02.11:02:58::SCWPlatform:: Unique name xilinx:arty-a7-100::0.0
TRACE::2025-09-02.11:02:58::SCWPlatform::Trying to set the existing hwdb with name design_1_mico_cust_wrapper_1
TRACE::2025-09-02.11:02:58::SCWPlatform::Opened existing hwdb design_1_mico_cust_wrapper_1
TRACE::2025-09-02.11:02:58::SCWPlatform::Found the Hw Db part of the input DSA
TRACE::2025-09-02.11:02:58::SCWMssOS::Checking the sw design at  /home/arjun/VITIS_AREA/Microblaize_program_02_09_2025/blaize_platform/microblaze_0/standalone_domain/bsp/system.mss
TRACE::2025-09-02.11:02:58::SCWMssOS::DEBUG:  swdes dump  /home/arjun/VITIS_AREA/Microblaize_program_02_09_2025/blaize_platform/microblaze_0/standalone_domain/bsp/system.mss|system||

TRACE::2025-09-02.11:02:58::SCWMssOS::Sw design exists and opened at  /home/arjun/VITIS_AREA/Microblaize_program_02_09_2025/blaize_platform/microblaze_0/standalone_domain/bsp/system.mss
