
*** Running vivado
    with args -log design_1_mico_cust_rst_clk_wiz_1_100M_0.vds -m64 -product Vivado -mode batch -messageDb vivado.pb -notrace -source design_1_mico_cust_rst_clk_wiz_1_100M_0.tcl


****** Vivado v2022.1 (64-bit)
  **** SW Build 3526262 on Mon Apr 18 15:47:01 MDT 2022
  **** IP Build 3524634 on Mon Apr 18 20:55:01 MDT 2022
    ** Copyright 1986-2022 Xilinx, Inc. All Rights Reserved.

source design_1_mico_cust_rst_clk_wiz_1_100M_0.tcl -notrace
create_project: Time (s): cpu = 00:00:07 ; elapsed = 00:00:05 . Memory (MB): peak = 2881.281 ; gain = 28.965 ; free physical = 1536 ; free virtual = 4725
Command: synth_design -top design_1_mico_cust_rst_clk_wiz_1_100M_0 -part xc7a100tcsg324-1 -incremental_mode off -mode out_of_context
Starting synth_design
Attempting to get a license for feature 'Synthesis' and/or device 'xc7a100t'
INFO: [Common 17-349] Got license for feature 'Synthesis' and/or device 'xc7a100t'
INFO: [Device 21-403] Loading part xc7a100tcsg324-1
INFO: [Synth 8-7079] Multithreading enabled for synth_design using a maximum of 4 processes.
INFO: [Synth 8-7078] Launching helper process for spawning children vivado processes
INFO: [Synth 8-7075] Helper process launched with PID 50009
WARNING: [Synth 8-9501] generate block is allowed only inside loop and conditional generate in SystemVerilog mode [/home/arjun/tool/Vivado/2022.1/data/ip/xpm/xpm_fifo/hdl/xpm_fifo.sv:4023]
---------------------------------------------------------------------------------
Starting RTL Elaboration : Time (s): cpu = 00:00:02 ; elapsed = 00:00:03 . Memory (MB): peak = 2881.281 ; gain = 0.000 ; free physical = 141 ; free virtual = 2971
---------------------------------------------------------------------------------
INFO: [Synth 8-638] synthesizing module 'design_1_mico_cust_rst_clk_wiz_1_100M_0' [/home/arjun/Vivado_PROJECTS/project_1_MICROB_CUSTOM_BOOT/project_1_MICROB_CUSTOM_BOOT.gen/sources_1/bd/design_1_mico_cust/ip/design_1_mico_cust_rst_clk_wiz_1_100M_0/synth/design_1_mico_cust_rst_clk_wiz_1_100M_0.vhd:74]
	Parameter C_FAMILY bound to: artix7 - type: string 
	Parameter C_EXT_RST_WIDTH bound to: 4 - type: integer 
	Parameter C_AUX_RST_WIDTH bound to: 4 - type: integer 
	Parameter C_EXT_RESET_HIGH bound to: 1'b0 
	Parameter C_AUX_RESET_HIGH bound to: 1'b0 
	Parameter C_NUM_BUS_RST bound to: 1 - type: integer 
	Parameter C_NUM_PERP_RST bound to: 1 - type: integer 
	Parameter C_NUM_INTERCONNECT_ARESETN bound to: 1 - type: integer 
	Parameter C_NUM_PERP_ARESETN bound to: 1 - type: integer 
INFO: [Synth 8-3491] module 'proc_sys_reset' declared at '/home/arjun/Vivado_PROJECTS/project_1_MICROB_CUSTOM_BOOT/project_1_MICROB_CUSTOM_BOOT.gen/sources_1/bd/design_1_mico_cust/ipshared/8842/hdl/proc_sys_reset_v5_0_vh_rfs.vhd:1264' bound to instance 'U0' of component 'proc_sys_reset' [/home/arjun/Vivado_PROJECTS/project_1_MICROB_CUSTOM_BOOT/project_1_MICROB_CUSTOM_BOOT.gen/sources_1/bd/design_1_mico_cust/ip/design_1_mico_cust_rst_clk_wiz_1_100M_0/synth/design_1_mico_cust_rst_clk_wiz_1_100M_0.vhd:129]
INFO: [Synth 8-638] synthesizing module 'proc_sys_reset' [/home/arjun/Vivado_PROJECTS/project_1_MICROB_CUSTOM_BOOT/project_1_MICROB_CUSTOM_BOOT.gen/sources_1/bd/design_1_mico_cust/ipshared/8842/hdl/proc_sys_reset_v5_0_vh_rfs.vhd:1323]
	Parameter INIT bound to: 1'b1 
INFO: [Synth 8-113] binding component instance 'FDRE_inst' to cell 'FDRE' [/home/arjun/Vivado_PROJECTS/project_1_MICROB_CUSTOM_BOOT/project_1_MICROB_CUSTOM_BOOT.gen/sources_1/bd/design_1_mico_cust/ipshared/8842/hdl/proc_sys_reset_v5_0_vh_rfs.vhd:1392]
	Parameter INIT bound to: 1'b1 
INFO: [Synth 8-113] binding component instance 'FDRE_BSR' to cell 'FDRE' [/home/arjun/Vivado_PROJECTS/project_1_MICROB_CUSTOM_BOOT/project_1_MICROB_CUSTOM_BOOT.gen/sources_1/bd/design_1_mico_cust/ipshared/8842/hdl/proc_sys_reset_v5_0_vh_rfs.vhd:1408]
	Parameter INIT bound to: 1'b0 
INFO: [Synth 8-113] binding component instance 'FDRE_BSR_N' to cell 'FDRE' [/home/arjun/Vivado_PROJECTS/project_1_MICROB_CUSTOM_BOOT/project_1_MICROB_CUSTOM_BOOT.gen/sources_1/bd/design_1_mico_cust/ipshared/8842/hdl/proc_sys_reset_v5_0_vh_rfs.vhd:1434]
	Parameter INIT bound to: 1'b1 
INFO: [Synth 8-113] binding component instance 'FDRE_PER' to cell 'FDRE' [/home/arjun/Vivado_PROJECTS/project_1_MICROB_CUSTOM_BOOT/project_1_MICROB_CUSTOM_BOOT.gen/sources_1/bd/design_1_mico_cust/ipshared/8842/hdl/proc_sys_reset_v5_0_vh_rfs.vhd:1457]
	Parameter INIT bound to: 1'b0 
INFO: [Synth 8-113] binding component instance 'FDRE_PER_N' to cell 'FDRE' [/home/arjun/Vivado_PROJECTS/project_1_MICROB_CUSTOM_BOOT/project_1_MICROB_CUSTOM_BOOT.gen/sources_1/bd/design_1_mico_cust/ipshared/8842/hdl/proc_sys_reset_v5_0_vh_rfs.vhd:1481]
INFO: [Synth 8-638] synthesizing module 'lpf' [/home/arjun/Vivado_PROJECTS/project_1_MICROB_CUSTOM_BOOT/project_1_MICROB_CUSTOM_BOOT.gen/sources_1/bd/design_1_mico_cust/ipshared/8842/hdl/proc_sys_reset_v5_0_vh_rfs.vhd:816]
INFO: [Synth 8-3491] module 'SRL16' declared at '/home/arjun/tool/Vivado/2022.1/scripts/rt/data/unisim_comp.v:105982' bound to instance 'POR_SRL_I' of component 'SRL16' [/home/arjun/Vivado_PROJECTS/project_1_MICROB_CUSTOM_BOOT/project_1_MICROB_CUSTOM_BOOT.gen/sources_1/bd/design_1_mico_cust/ipshared/8842/hdl/proc_sys_reset_v5_0_vh_rfs.vhd:868]
INFO: [Synth 8-6157] synthesizing module 'SRL16' [/home/arjun/tool/Vivado/2022.1/scripts/rt/data/unisim_comp.v:105982]
INFO: [Synth 8-6155] done synthesizing module 'SRL16' (0#1) [/home/arjun/tool/Vivado/2022.1/scripts/rt/data/unisim_comp.v:105982]
INFO: [Synth 8-638] synthesizing module 'cdc_sync' [/home/arjun/Vivado_PROJECTS/project_1_MICROB_CUSTOM_BOOT/project_1_MICROB_CUSTOM_BOOT.gen/sources_1/bd/design_1_mico_cust/ipshared/ef1e/hdl/lib_cdc_v1_0_rfs.vhd:106]
	Parameter INIT bound to: 1'b0 
INFO: [Synth 8-113] binding component instance 'CROSS_PLEVEL_IN2SCNDRY_IN_cdc_to' to cell 'FDR' [/home/arjun/Vivado_PROJECTS/project_1_MICROB_CUSTOM_BOOT/project_1_MICROB_CUSTOM_BOOT.gen/sources_1/bd/design_1_mico_cust/ipshared/ef1e/hdl/lib_cdc_v1_0_rfs.vhd:514]
	Parameter INIT bound to: 1'b0 
INFO: [Synth 8-113] binding component instance 'CROSS_PLEVEL_IN2SCNDRY_s_level_out_d2' to cell 'FDR' [/home/arjun/Vivado_PROJECTS/project_1_MICROB_CUSTOM_BOOT/project_1_MICROB_CUSTOM_BOOT.gen/sources_1/bd/design_1_mico_cust/ipshared/ef1e/hdl/lib_cdc_v1_0_rfs.vhd:545]
	Parameter INIT bound to: 1'b0 
INFO: [Synth 8-113] binding component instance 'CROSS_PLEVEL_IN2SCNDRY_s_level_out_d3' to cell 'FDR' [/home/arjun/Vivado_PROJECTS/project_1_MICROB_CUSTOM_BOOT/project_1_MICROB_CUSTOM_BOOT.gen/sources_1/bd/design_1_mico_cust/ipshared/ef1e/hdl/lib_cdc_v1_0_rfs.vhd:554]
	Parameter INIT bound to: 1'b0 
INFO: [Synth 8-113] binding component instance 'CROSS_PLEVEL_IN2SCNDRY_s_level_out_d4' to cell 'FDR' [/home/arjun/Vivado_PROJECTS/project_1_MICROB_CUSTOM_BOOT/project_1_MICROB_CUSTOM_BOOT.gen/sources_1/bd/design_1_mico_cust/ipshared/ef1e/hdl/lib_cdc_v1_0_rfs.vhd:564]
	Parameter INIT bound to: 1'b0 
INFO: [Synth 8-113] binding component instance 'CROSS_PLEVEL_IN2SCNDRY_s_level_out_d5' to cell 'FDR' [/home/arjun/Vivado_PROJECTS/project_1_MICROB_CUSTOM_BOOT/project_1_MICROB_CUSTOM_BOOT.gen/sources_1/bd/design_1_mico_cust/ipshared/ef1e/hdl/lib_cdc_v1_0_rfs.vhd:574]
	Parameter INIT bound to: 1'b0 
INFO: [Synth 8-113] binding component instance 'CROSS_PLEVEL_IN2SCNDRY_s_level_out_d6' to cell 'FDR' [/home/arjun/Vivado_PROJECTS/project_1_MICROB_CUSTOM_BOOT/project_1_MICROB_CUSTOM_BOOT.gen/sources_1/bd/design_1_mico_cust/ipshared/ef1e/hdl/lib_cdc_v1_0_rfs.vhd:584]
INFO: [Synth 8-256] done synthesizing module 'cdc_sync' (0#1) [/home/arjun/Vivado_PROJECTS/project_1_MICROB_CUSTOM_BOOT/project_1_MICROB_CUSTOM_BOOT.gen/sources_1/bd/design_1_mico_cust/ipshared/ef1e/hdl/lib_cdc_v1_0_rfs.vhd:106]
INFO: [Synth 8-256] done synthesizing module 'lpf' (0#1) [/home/arjun/Vivado_PROJECTS/project_1_MICROB_CUSTOM_BOOT/project_1_MICROB_CUSTOM_BOOT.gen/sources_1/bd/design_1_mico_cust/ipshared/8842/hdl/proc_sys_reset_v5_0_vh_rfs.vhd:816]
INFO: [Synth 8-638] synthesizing module 'sequence_psr' [/home/arjun/Vivado_PROJECTS/project_1_MICROB_CUSTOM_BOOT/project_1_MICROB_CUSTOM_BOOT.gen/sources_1/bd/design_1_mico_cust/ipshared/8842/hdl/proc_sys_reset_v5_0_vh_rfs.vhd:301]
INFO: [Synth 8-638] synthesizing module 'upcnt_n' [/home/arjun/Vivado_PROJECTS/project_1_MICROB_CUSTOM_BOOT/project_1_MICROB_CUSTOM_BOOT.gen/sources_1/bd/design_1_mico_cust/ipshared/8842/hdl/proc_sys_reset_v5_0_vh_rfs.vhd:125]
INFO: [Synth 8-256] done synthesizing module 'upcnt_n' (0#1) [/home/arjun/Vivado_PROJECTS/project_1_MICROB_CUSTOM_BOOT/project_1_MICROB_CUSTOM_BOOT.gen/sources_1/bd/design_1_mico_cust/ipshared/8842/hdl/proc_sys_reset_v5_0_vh_rfs.vhd:125]
INFO: [Synth 8-256] done synthesizing module 'sequence_psr' (0#1) [/home/arjun/Vivado_PROJECTS/project_1_MICROB_CUSTOM_BOOT/project_1_MICROB_CUSTOM_BOOT.gen/sources_1/bd/design_1_mico_cust/ipshared/8842/hdl/proc_sys_reset_v5_0_vh_rfs.vhd:301]
INFO: [Synth 8-256] done synthesizing module 'proc_sys_reset' (0#1) [/home/arjun/Vivado_PROJECTS/project_1_MICROB_CUSTOM_BOOT/project_1_MICROB_CUSTOM_BOOT.gen/sources_1/bd/design_1_mico_cust/ipshared/8842/hdl/proc_sys_reset_v5_0_vh_rfs.vhd:1323]
INFO: [Synth 8-256] done synthesizing module 'design_1_mico_cust_rst_clk_wiz_1_100M_0' (0#1) [/home/arjun/Vivado_PROJECTS/project_1_MICROB_CUSTOM_BOOT/project_1_MICROB_CUSTOM_BOOT.gen/sources_1/bd/design_1_mico_cust/ip/design_1_mico_cust_rst_clk_wiz_1_100M_0/synth/design_1_mico_cust_rst_clk_wiz_1_100M_0.vhd:74]
WARNING: [Synth 8-7129] Port prmry_aclk in module cdc_sync is either unconnected or has no load
WARNING: [Synth 8-7129] Port prmry_resetn in module cdc_sync is either unconnected or has no load
WARNING: [Synth 8-7129] Port prmry_vect_in[1] in module cdc_sync is either unconnected or has no load
WARNING: [Synth 8-7129] Port prmry_vect_in[0] in module cdc_sync is either unconnected or has no load
WARNING: [Synth 8-7129] Port scndry_resetn in module cdc_sync is either unconnected or has no load
---------------------------------------------------------------------------------
Finished RTL Elaboration : Time (s): cpu = 00:00:03 ; elapsed = 00:00:04 . Memory (MB): peak = 2881.281 ; gain = 0.000 ; free physical = 1196 ; free virtual = 3950
---------------------------------------------------------------------------------
---------------------------------------------------------------------------------
Start Handling Custom Attributes
---------------------------------------------------------------------------------
---------------------------------------------------------------------------------
Finished Handling Custom Attributes : Time (s): cpu = 00:00:03 ; elapsed = 00:00:04 . Memory (MB): peak = 2881.281 ; gain = 0.000 ; free physical = 1222 ; free virtual = 3977
---------------------------------------------------------------------------------
---------------------------------------------------------------------------------
Finished RTL Optimization Phase 1 : Time (s): cpu = 00:00:03 ; elapsed = 00:00:04 . Memory (MB): peak = 2881.281 ; gain = 0.000 ; free physical = 1222 ; free virtual = 3977
---------------------------------------------------------------------------------
Netlist sorting complete. Time (s): cpu = 00:00:00 ; elapsed = 00:00:00 . Memory (MB): peak = 2881.281 ; gain = 0.000 ; free physical = 1164 ; free virtual = 3931
INFO: [Netlist 29-17] Analyzing 13 Unisim elements for replacement
INFO: [Netlist 29-28] Unisim Transformation completed in 0 CPU seconds
INFO: [Project 1-570] Preparing netlist for logic optimization

Processing XDC Constraints
Initializing timing engine
Parsing XDC File [/home/arjun/Vivado_PROJECTS/project_1_MICROB_CUSTOM_BOOT/project_1_MICROB_CUSTOM_BOOT.gen/sources_1/bd/design_1_mico_cust/ip/design_1_mico_cust_rst_clk_wiz_1_100M_0/design_1_mico_cust_rst_clk_wiz_1_100M_0_ooc.xdc] for cell 'U0'
Finished Parsing XDC File [/home/arjun/Vivado_PROJECTS/project_1_MICROB_CUSTOM_BOOT/project_1_MICROB_CUSTOM_BOOT.gen/sources_1/bd/design_1_mico_cust/ip/design_1_mico_cust_rst_clk_wiz_1_100M_0/design_1_mico_cust_rst_clk_wiz_1_100M_0_ooc.xdc] for cell 'U0'
Parsing XDC File [/home/arjun/Vivado_PROJECTS/project_1_MICROB_CUSTOM_BOOT/project_1_MICROB_CUSTOM_BOOT.gen/sources_1/bd/design_1_mico_cust/ip/design_1_mico_cust_rst_clk_wiz_1_100M_0/design_1_mico_cust_rst_clk_wiz_1_100M_0_board.xdc] for cell 'U0'
Finished Parsing XDC File [/home/arjun/Vivado_PROJECTS/project_1_MICROB_CUSTOM_BOOT/project_1_MICROB_CUSTOM_BOOT.gen/sources_1/bd/design_1_mico_cust/ip/design_1_mico_cust_rst_clk_wiz_1_100M_0/design_1_mico_cust_rst_clk_wiz_1_100M_0_board.xdc] for cell 'U0'
Parsing XDC File [/home/arjun/Vivado_PROJECTS/project_1_MICROB_CUSTOM_BOOT/project_1_MICROB_CUSTOM_BOOT.gen/sources_1/bd/design_1_mico_cust/ip/design_1_mico_cust_rst_clk_wiz_1_100M_0/design_1_mico_cust_rst_clk_wiz_1_100M_0.xdc] for cell 'U0'
Finished Parsing XDC File [/home/arjun/Vivado_PROJECTS/project_1_MICROB_CUSTOM_BOOT/project_1_MICROB_CUSTOM_BOOT.gen/sources_1/bd/design_1_mico_cust/ip/design_1_mico_cust_rst_clk_wiz_1_100M_0/design_1_mico_cust_rst_clk_wiz_1_100M_0.xdc] for cell 'U0'
Parsing XDC File [/home/arjun/Vivado_PROJECTS/project_1_MICROB_CUSTOM_BOOT/project_1_MICROB_CUSTOM_BOOT.runs/design_1_mico_cust_rst_clk_wiz_1_100M_0_synth_1/dont_touch.xdc]
Finished Parsing XDC File [/home/arjun/Vivado_PROJECTS/project_1_MICROB_CUSTOM_BOOT/project_1_MICROB_CUSTOM_BOOT.runs/design_1_mico_cust_rst_clk_wiz_1_100M_0_synth_1/dont_touch.xdc]
Completed Processing XDC Constraints

Netlist sorting complete. Time (s): cpu = 00:00:00.01 ; elapsed = 00:00:00 . Memory (MB): peak = 2945.312 ; gain = 0.000 ; free physical = 1158 ; free virtual = 3937
INFO: [Project 1-111] Unisim Transformation Summary:
  A total of 13 instances were transformed.
  FDR => FDRE: 12 instances
  SRL16 => SRL16E: 1 instance 

Constraint Validation Runtime : Time (s): cpu = 00:00:00 ; elapsed = 00:00:00.01 . Memory (MB): peak = 2945.312 ; gain = 0.000 ; free physical = 1158 ; free virtual = 3937
INFO: [Designutils 20-5008] Incremental synthesis strategy off
---------------------------------------------------------------------------------
Finished Constraint Validation : Time (s): cpu = 00:00:07 ; elapsed = 00:00:08 . Memory (MB): peak = 2945.312 ; gain = 64.031 ; free physical = 1194 ; free virtual = 3973
---------------------------------------------------------------------------------
---------------------------------------------------------------------------------
Start Loading Part and Timing Information
---------------------------------------------------------------------------------
Loading part: xc7a100tcsg324-1
---------------------------------------------------------------------------------
Finished Loading Part and Timing Information : Time (s): cpu = 00:00:07 ; elapsed = 00:00:08 . Memory (MB): peak = 2945.312 ; gain = 64.031 ; free physical = 1194 ; free virtual = 3973
---------------------------------------------------------------------------------
---------------------------------------------------------------------------------
Start Applying 'set_property' XDC Constraints
---------------------------------------------------------------------------------
Applied set_property KEEP_HIERARCHY = SOFT for U0. (constraint file  /home/arjun/Vivado_PROJECTS/project_1_MICROB_CUSTOM_BOOT/project_1_MICROB_CUSTOM_BOOT.runs/design_1_mico_cust_rst_clk_wiz_1_100M_0_synth_1/dont_touch.xdc, line 9).
Applied set_property KEEP = true for ext_reset_in. (constraint file  auto generated constraint).
---------------------------------------------------------------------------------
Finished applying 'set_property' XDC Constraints : Time (s): cpu = 00:00:07 ; elapsed = 00:00:08 . Memory (MB): peak = 2945.312 ; gain = 64.031 ; free physical = 1194 ; free virtual = 3974
---------------------------------------------------------------------------------
---------------------------------------------------------------------------------
Finished RTL Optimization Phase 2 : Time (s): cpu = 00:00:07 ; elapsed = 00:00:08 . Memory (MB): peak = 2945.312 ; gain = 64.031 ; free physical = 1194 ; free virtual = 3976
---------------------------------------------------------------------------------
---------------------------------------------------------------------------------
Start RTL Component Statistics 
---------------------------------------------------------------------------------
Detailed RTL Component Info : 
+---Adders : 
	   2 Input    6 Bit       Adders := 1     
+---Registers : 
	                6 Bit    Registers := 1     
	                3 Bit    Registers := 3     
	                1 Bit    Registers := 8     
+---Muxes : 
	   2 Input    6 Bit        Muxes := 1     
	   2 Input    1 Bit        Muxes := 1     
---------------------------------------------------------------------------------
Finished RTL Component Statistics 
---------------------------------------------------------------------------------
---------------------------------------------------------------------------------
Start Part Resource Summary
---------------------------------------------------------------------------------
Part Resources:
DSPs: 240 (col length:80)
BRAMs: 270 (col length: RAMB18 80 RAMB36 40)
---------------------------------------------------------------------------------
Finished Part Resource Summary
---------------------------------------------------------------------------------
---------------------------------------------------------------------------------
Start Cross Boundary and Area Optimization
---------------------------------------------------------------------------------
WARNING: [Synth 8-7080] Parallel synthesis criteria is not met
WARNING: [Synth 8-3332] Sequential element (EXT_LPF/ACTIVE_LOW_EXT.ACT_LO_EXT/GENERATE_LEVEL_P_S_CDC.SINGLE_BIT.CROSS_PLEVEL_IN2SCNDRY_s_level_out_d5) is unused and will be removed from module proc_sys_reset.
WARNING: [Synth 8-3332] Sequential element (EXT_LPF/ACTIVE_LOW_EXT.ACT_LO_EXT/GENERATE_LEVEL_P_S_CDC.SINGLE_BIT.CROSS_PLEVEL_IN2SCNDRY_s_level_out_d6) is unused and will be removed from module proc_sys_reset.
WARNING: [Synth 8-3332] Sequential element (EXT_LPF/ACTIVE_LOW_AUX.ACT_LO_AUX/GENERATE_LEVEL_P_S_CDC.SINGLE_BIT.CROSS_PLEVEL_IN2SCNDRY_s_level_out_d5) is unused and will be removed from module proc_sys_reset.
WARNING: [Synth 8-3332] Sequential element (EXT_LPF/ACTIVE_LOW_AUX.ACT_LO_AUX/GENERATE_LEVEL_P_S_CDC.SINGLE_BIT.CROSS_PLEVEL_IN2SCNDRY_s_level_out_d6) is unused and will be removed from module proc_sys_reset.
---------------------------------------------------------------------------------
Finished Cross Boundary and Area Optimization : Time (s): cpu = 00:00:08 ; elapsed = 00:00:08 . Memory (MB): peak = 2945.312 ; gain = 64.031 ; free physical = 1193 ; free virtual = 3983
---------------------------------------------------------------------------------
---------------------------------------------------------------------------------
Start Applying XDC Timing Constraints
---------------------------------------------------------------------------------
---------------------------------------------------------------------------------
Finished Applying XDC Timing Constraints : Time (s): cpu = 00:00:11 ; elapsed = 00:00:12 . Memory (MB): peak = 2945.312 ; gain = 64.031 ; free physical = 1090 ; free virtual = 3885
---------------------------------------------------------------------------------
---------------------------------------------------------------------------------
Start Timing Optimization
---------------------------------------------------------------------------------
---------------------------------------------------------------------------------
Finished Timing Optimization : Time (s): cpu = 00:00:11 ; elapsed = 00:00:12 . Memory (MB): peak = 2945.312 ; gain = 64.031 ; free physical = 1090 ; free virtual = 3885
---------------------------------------------------------------------------------
---------------------------------------------------------------------------------
Start Technology Mapping
---------------------------------------------------------------------------------
---------------------------------------------------------------------------------
Finished Technology Mapping : Time (s): cpu = 00:00:11 ; elapsed = 00:00:12 . Memory (MB): peak = 2945.312 ; gain = 64.031 ; free physical = 1056 ; free virtual = 3856
---------------------------------------------------------------------------------
---------------------------------------------------------------------------------
Start IO Insertion
---------------------------------------------------------------------------------
---------------------------------------------------------------------------------
Start Flattening Before IO Insertion
---------------------------------------------------------------------------------
---------------------------------------------------------------------------------
Finished Flattening Before IO Insertion
---------------------------------------------------------------------------------
---------------------------------------------------------------------------------
Start Final Netlist Cleanup
---------------------------------------------------------------------------------
---------------------------------------------------------------------------------
Finished Final Netlist Cleanup
---------------------------------------------------------------------------------
---------------------------------------------------------------------------------
Finished IO Insertion : Time (s): cpu = 00:00:13 ; elapsed = 00:00:13 . Memory (MB): peak = 2945.312 ; gain = 64.031 ; free physical = 1059 ; free virtual = 3858
---------------------------------------------------------------------------------
---------------------------------------------------------------------------------
Start Renaming Generated Instances
---------------------------------------------------------------------------------
---------------------------------------------------------------------------------
Finished Renaming Generated Instances : Time (s): cpu = 00:00:13 ; elapsed = 00:00:13 . Memory (MB): peak = 2945.312 ; gain = 64.031 ; free physical = 1059 ; free virtual = 3858
---------------------------------------------------------------------------------
---------------------------------------------------------------------------------
Start Rebuilding User Hierarchy
---------------------------------------------------------------------------------
---------------------------------------------------------------------------------
Finished Rebuilding User Hierarchy : Time (s): cpu = 00:00:13 ; elapsed = 00:00:13 . Memory (MB): peak = 2945.312 ; gain = 64.031 ; free physical = 1059 ; free virtual = 3858
---------------------------------------------------------------------------------
---------------------------------------------------------------------------------
Start Renaming Generated Ports
---------------------------------------------------------------------------------
---------------------------------------------------------------------------------
Finished Renaming Generated Ports : Time (s): cpu = 00:00:13 ; elapsed = 00:00:13 . Memory (MB): peak = 2945.312 ; gain = 64.031 ; free physical = 1059 ; free virtual = 3858
---------------------------------------------------------------------------------
---------------------------------------------------------------------------------
Start Handling Custom Attributes
---------------------------------------------------------------------------------
---------------------------------------------------------------------------------
Finished Handling Custom Attributes : Time (s): cpu = 00:00:13 ; elapsed = 00:00:13 . Memory (MB): peak = 2945.312 ; gain = 64.031 ; free physical = 1059 ; free virtual = 3858
---------------------------------------------------------------------------------
---------------------------------------------------------------------------------
Start Renaming Generated Nets
---------------------------------------------------------------------------------
---------------------------------------------------------------------------------
Finished Renaming Generated Nets : Time (s): cpu = 00:00:13 ; elapsed = 00:00:13 . Memory (MB): peak = 2945.312 ; gain = 64.031 ; free physical = 1059 ; free virtual = 3858
---------------------------------------------------------------------------------
---------------------------------------------------------------------------------
Start Writing Synthesis Report
---------------------------------------------------------------------------------

Report BlackBoxes: 
+-+--------------+----------+
| |BlackBox name |Instances |
+-+--------------+----------+
+-+--------------+----------+

Report Cell Usage: 
+------+------+------+
|      |Cell  |Count |
+------+------+------+
|1     |LUT1  |     5|
|2     |LUT2  |     9|
|3     |LUT3  |     1|
|4     |LUT4  |     6|
|5     |LUT5  |     3|
|6     |LUT6  |     1|
|7     |SRL16 |     1|
|8     |FDR   |     8|
|9     |FDRE  |    28|
|10    |FDSE  |     4|
+------+------+------+
---------------------------------------------------------------------------------
Finished Writing Synthesis Report : Time (s): cpu = 00:00:13 ; elapsed = 00:00:14 . Memory (MB): peak = 2945.312 ; gain = 64.031 ; free physical = 1059 ; free virtual = 3858
---------------------------------------------------------------------------------
Synthesis finished with 0 errors, 0 critical warnings and 5 warnings.
Synthesis Optimization Runtime : Time (s): cpu = 00:00:12 ; elapsed = 00:00:12 . Memory (MB): peak = 2945.312 ; gain = 0.000 ; free physical = 1099 ; free virtual = 3899
Synthesis Optimization Complete : Time (s): cpu = 00:00:13 ; elapsed = 00:00:14 . Memory (MB): peak = 2945.312 ; gain = 64.031 ; free physical = 1099 ; free virtual = 3899
INFO: [Project 1-571] Translating synthesized netlist
Netlist sorting complete. Time (s): cpu = 00:00:00 ; elapsed = 00:00:00 . Memory (MB): peak = 2945.312 ; gain = 0.000 ; free physical = 1099 ; free virtual = 3899
INFO: [Netlist 29-17] Analyzing 9 Unisim elements for replacement
INFO: [Netlist 29-28] Unisim Transformation completed in 0 CPU seconds
INFO: [Project 1-570] Preparing netlist for logic optimization
INFO: [Opt 31-138] Pushed 0 inverter(s) to 0 load pin(s).
Netlist sorting complete. Time (s): cpu = 00:00:00 ; elapsed = 00:00:00 . Memory (MB): peak = 2945.312 ; gain = 0.000 ; free physical = 1158 ; free virtual = 3958
INFO: [Project 1-111] Unisim Transformation Summary:
  A total of 9 instances were transformed.
  FDR => FDRE: 8 instances
  SRL16 => SRL16E: 1 instance 

Synth Design complete, checksum: bc6bacab
INFO: [Common 17-83] Releasing license: Synthesis
44 Infos, 11 Warnings, 0 Critical Warnings and 0 Errors encountered.
synth_design completed successfully
synth_design: Time (s): cpu = 00:00:19 ; elapsed = 00:00:16 . Memory (MB): peak = 2945.312 ; gain = 64.031 ; free physical = 1369 ; free virtual = 4169
INFO: [Common 17-1381] The checkpoint '/home/arjun/Vivado_PROJECTS/project_1_MICROB_CUSTOM_BOOT/project_1_MICROB_CUSTOM_BOOT.runs/design_1_mico_cust_rst_clk_wiz_1_100M_0_synth_1/design_1_mico_cust_rst_clk_wiz_1_100M_0.dcp' has been generated.
INFO: [Coretcl 2-1648] Added synthesis output to IP cache for IP design_1_mico_cust_rst_clk_wiz_1_100M_0, cache-ID = 594ae1e0692a7be5
INFO: [Coretcl 2-1174] Renamed 6 cell refs.
INFO: [Common 17-1381] The checkpoint '/home/arjun/Vivado_PROJECTS/project_1_MICROB_CUSTOM_BOOT/project_1_MICROB_CUSTOM_BOOT.runs/design_1_mico_cust_rst_clk_wiz_1_100M_0_synth_1/design_1_mico_cust_rst_clk_wiz_1_100M_0.dcp' has been generated.
INFO: [runtcl-4] Executing : report_utilization -file design_1_mico_cust_rst_clk_wiz_1_100M_0_utilization_synth.rpt -pb design_1_mico_cust_rst_clk_wiz_1_100M_0_utilization_synth.pb
INFO: [Common 17-206] Exiting Vivado at Tue Aug 26 12:43:03 2025...
