10:51:15 DEBUG : Logs will be stored at 'C:/Parvathy/vitis_microb_i2c/EEPROM/IDE.log'.
10:51:19 INFO  : Launching XSCT server: xsct.bat -n  -interactive C:\Parvathy\vitis_microb_i2c\EEPROM\temp_xsdb_launch_script.tcl
10:51:19 INFO  : Registering command handlers for Vitis TCF services
10:51:19 INFO  : Platform repository initialization has completed.
10:51:22 INFO  : XSCT server has started successfully.
10:51:23 INFO  : plnx-install-location is set to ''
10:51:23 INFO  : Successfully done setting XSCT server connection channel  
10:51:23 INFO  : Successfully done query RDI_DATADIR 
10:51:23 INFO  : Successfully done setting workspace for the tool. 
10:52:36 INFO  : Result from executing command 'getProjects': IIC_EEPROM
10:52:36 INFO  : Result from executing command 'getPlatforms': 
10:53:02 INFO  : Result from executing command 'getProjects': IIC_EEPROM
10:53:02 INFO  : Result from executing command 'getPlatforms': IIC_EEPROM|C:/Parvathy/vitis_microb_i2c/EEPROM/IIC_EEPROM/export/IIC_EEPROM/IIC_EEPROM.xpfm
10:56:11 INFO  : Checking for BSP changes to sync application flags for project 'MICROBLAZE_IIC'...
10:56:26 INFO  : Checking for BSP changes to sync application flags for project 'MICROBLAZE_IIC'...
10:57:29 INFO  : Bit file 'C:/Parvathy/vitis_microb_i2c/EEPROM/MICROBLAZE_IIC/_ide/bitstream/download.bit' is generated.
10:57:32 INFO  : Connected to target on host '127.0.0.1' and port '3121'.
10:58:24 INFO  : Bit file 'C:/Parvathy/vitis_microb_i2c/EEPROM/MICROBLAZE_IIC/_ide/bitstream/download.bit' is generated.
10:58:24 INFO  : Connected to target on host '127.0.0.1' and port '3121'.
10:59:35 INFO  : Bit file 'C:/Parvathy/vitis_microb_i2c/EEPROM/MICROBLAZE_IIC/_ide/bitstream/download.bit' is generated.
10:59:35 INFO  : Connected to target on host '127.0.0.1' and port '3121'.
11:01:09 INFO  : Bit file 'C:/Parvathy/vitis_microb_i2c/EEPROM/MICROBLAZE_IIC/_ide/bitstream/download.bit' is generated.
11:01:09 INFO  : Connected to target on host '127.0.0.1' and port '3121'.
11:01:10 INFO  : 'targets -set -filter {jtag_cable_name =~ "Digilent Arty A7-100T 210319BD75AAA" && level==0 && jtag_device_ctx=="jsn-Arty A7-100T-210319BD75AAA-13631093-0"}' command is executed.
11:01:12 INFO  : Device configured successfully with "C:/Parvathy/vitis_microb_i2c/EEPROM/MICROBLAZE_IIC/_ide/bitstream/download.bit"
11:01:30 INFO  : Connected to target on host '127.0.0.1' and port '3121'.
11:01:30 INFO  : Jtag cable 'Digilent Arty A7-100T 210319BD75AAA' is selected.
11:01:30 INFO  : 'jtag frequency' command is executed.
11:01:30 INFO  : 'targets -set -filter {jtag_cable_name =~ "Digilent Arty A7-100T 210319BD75AAA" && level==0 && jtag_device_ctx=="jsn-Arty A7-100T-210319BD75AAA-13631093-0"}' command is executed.
11:01:32 INFO  : Device configured successfully with "C:/Parvathy/vitis_microb_i2c/EEPROM/MICROBLAZE_IIC/_ide/bitstream/download.bit"
11:01:32 INFO  : Context for processor 'microblaze_0' is selected.
11:01:32 INFO  : Hardware design and registers information is loaded from 'C:/Parvathy/vitis_microb_i2c/EEPROM/IIC_EEPROM/export/IIC_EEPROM/hw/design_i2c_wrapper.xsa'.
11:01:32 INFO  : 'configparams mdm-detect-bscan-mask 2' command is executed.
11:01:32 INFO  : Context for processor 'microblaze_0' is selected.
11:01:32 INFO  : System reset is completed.
11:01:35 INFO  : 'after 3000' command is executed.
11:01:35 INFO  : Context for processor 'microblaze_0' is selected.
11:01:35 INFO  : The application 'C:/Parvathy/vitis_microb_i2c/EEPROM/MICROBLAZE_IIC/Debug/MICROBLAZE_IIC.elf' is downloaded to processor 'microblaze_0'.
11:01:35 INFO  : ----------------XSDB Script----------------
connect -url tcp:127.0.0.1:3121
targets -set -filter {jtag_cable_name =~ "Digilent Arty A7-100T 210319BD75AAA" && level==0 && jtag_device_ctx=="jsn-Arty A7-100T-210319BD75AAA-13631093-0"}
fpga -file C:/Parvathy/vitis_microb_i2c/EEPROM/MICROBLAZE_IIC/_ide/bitstream/download.bit
targets -set -nocase -filter {name =~ "*microblaze*#0" && bscan=="USER2" }
loadhw -hw C:/Parvathy/vitis_microb_i2c/EEPROM/IIC_EEPROM/export/IIC_EEPROM/hw/design_i2c_wrapper.xsa -regs
configparams mdm-detect-bscan-mask 2
targets -set -nocase -filter {name =~ "*microblaze*#0" && bscan=="USER2" }
rst -system
after 3000
targets -set -nocase -filter {name =~ "*microblaze*#0" && bscan=="USER2" }
dow C:/Parvathy/vitis_microb_i2c/EEPROM/MICROBLAZE_IIC/Debug/MICROBLAZE_IIC.elf
----------------End of Script----------------

11:01:35 INFO  : Context for processor 'microblaze_0' is selected.
11:01:35 INFO  : 'con' command is executed.
11:01:35 INFO  : ----------------XSDB Script (After Launch)----------------
targets -set -nocase -filter {name =~ "*microblaze*#0" && bscan=="USER2" }
con
----------------End of Script----------------

11:01:35 INFO  : Launch script is exported to file 'C:\Parvathy\vitis_microb_i2c\EEPROM\MICROBLAZE_IIC_system\_ide\scripts\debugger_microblaze_iic-default.tcl'
11:06:07 INFO  : Result from executing command 'removePlatformRepo': 
11:06:22 INFO  : Result from executing command 'getProjects': IIC_EEPROM
11:06:22 INFO  : Result from executing command 'getPlatforms': 
11:06:22 INFO  : Checking for BSP changes to sync application flags for project 'MICROBLAZE_IIC'...
11:06:51 INFO  : Bit file 'C:/Parvathy/vitis_microb_i2c/EEPROM/MICROBLAZE_IIC/_ide/bitstream/download.bit' is generated.
11:06:51 INFO  : Connected to target on host '127.0.0.1' and port '3121'.
11:06:51 INFO  : 'targets -set -filter {jtag_cable_name =~ "Digilent Arty A7-100T 210319BD75AAA" && level==0 && jtag_device_ctx=="jsn-Arty A7-100T-210319BD75AAA-13631093-0"}' command is executed.
11:06:53 INFO  : Device configured successfully with "C:/Parvathy/vitis_microb_i2c/EEPROM/MICROBLAZE_IIC/_ide/bitstream/download.bit"
11:07:01 INFO  : Disconnected from the channel tcfchan#2.
11:07:02 INFO  : Connected to target on host '127.0.0.1' and port '3121'.
11:07:11 INFO  : ----------------XSDB Script----------------
connect -url tcp:127.0.0.1:3121
----------------End of Script----------------

11:07:11 ERROR : Could not find FPGA device on the board for connection 'Local'.


Troubleshooting hints:
1. Check whether board is connected to system properly.
2. In case of zynq board, check whether Digilent/Xilinx cable switch settings are correct.
3. If you are using Xilinx Platform Cable USB, ensure that status LED is green.
11:07:22 INFO  : Connected to target on host '127.0.0.1' and port '3121'.
11:07:22 INFO  : Jtag cable 'Digilent Arty A7-100T 210319BD75AAA' is selected.
11:07:22 INFO  : 'jtag frequency' command is executed.
11:07:22 INFO  : 'targets -set -filter {jtag_cable_name =~ "Digilent Arty A7-100T 210319BD75AAA" && level==0 && jtag_device_ctx=="jsn-Arty A7-100T-210319BD75AAA-13631093-0"}' command is executed.
11:07:24 INFO  : Device configured successfully with "C:/Parvathy/vitis_microb_i2c/EEPROM/MICROBLAZE_IIC/_ide/bitstream/download.bit"
11:07:24 INFO  : Context for processor 'microblaze_0' is selected.
11:07:24 INFO  : Hardware design and registers information is loaded from 'C:/Parvathy/vitis_microb_i2c/EEPROM/IIC_EEPROM/export/IIC_EEPROM/hw/design_i2c_wrapper.xsa'.
11:07:24 INFO  : 'configparams mdm-detect-bscan-mask 2' command is executed.
11:07:24 INFO  : Context for processor 'microblaze_0' is selected.
11:07:24 INFO  : System reset is completed.
11:07:27 INFO  : 'after 3000' command is executed.
11:07:27 INFO  : Context for processor 'microblaze_0' is selected.
11:07:27 INFO  : The application 'C:/Parvathy/vitis_microb_i2c/EEPROM/MICROBLAZE_IIC/Debug/MICROBLAZE_IIC.elf' is downloaded to processor 'microblaze_0'.
11:07:27 INFO  : ----------------XSDB Script----------------
connect -url tcp:127.0.0.1:3121
targets -set -filter {jtag_cable_name =~ "Digilent Arty A7-100T 210319BD75AAA" && level==0 && jtag_device_ctx=="jsn-Arty A7-100T-210319BD75AAA-13631093-0"}
fpga -file C:/Parvathy/vitis_microb_i2c/EEPROM/MICROBLAZE_IIC/_ide/bitstream/download.bit
targets -set -nocase -filter {name =~ "*microblaze*#0" && bscan=="USER2" }
loadhw -hw C:/Parvathy/vitis_microb_i2c/EEPROM/IIC_EEPROM/export/IIC_EEPROM/hw/design_i2c_wrapper.xsa -regs
configparams mdm-detect-bscan-mask 2
targets -set -nocase -filter {name =~ "*microblaze*#0" && bscan=="USER2" }
rst -system
after 3000
targets -set -nocase -filter {name =~ "*microblaze*#0" && bscan=="USER2" }
dow C:/Parvathy/vitis_microb_i2c/EEPROM/MICROBLAZE_IIC/Debug/MICROBLAZE_IIC.elf
----------------End of Script----------------

11:07:27 INFO  : Context for processor 'microblaze_0' is selected.
11:07:27 INFO  : 'con' command is executed.
11:07:27 INFO  : ----------------XSDB Script (After Launch)----------------
targets -set -nocase -filter {name =~ "*microblaze*#0" && bscan=="USER2" }
con
----------------End of Script----------------

11:07:27 INFO  : Launch script is exported to file 'C:\Parvathy\vitis_microb_i2c\EEPROM\MICROBLAZE_IIC_system\_ide\scripts\debugger_microblaze_iic-default.tcl'
11:11:16 INFO  : Result from executing command 'removePlatformRepo': 
11:11:33 INFO  : Result from executing command 'getProjects': IIC_EEPROM
11:11:33 INFO  : Result from executing command 'getPlatforms': 
11:11:33 INFO  : Checking for BSP changes to sync application flags for project 'MICROBLAZE_IIC'...
11:11:45 INFO  : Disconnected from the channel tcfchan#5.
11:11:46 INFO  : Connected to target on host '127.0.0.1' and port '3121'.
11:11:55 INFO  : ----------------XSDB Script----------------
connect -url tcp:127.0.0.1:3121
----------------End of Script----------------

11:11:55 ERROR : Could not find FPGA device on the board for connection 'Local'.


Troubleshooting hints:
1. Check whether board is connected to system properly.
2. In case of zynq board, check whether Digilent/Xilinx cable switch settings are correct.
3. If you are using Xilinx Platform Cable USB, ensure that status LED is green.
11:12:00 INFO  : Connected to target on host '127.0.0.1' and port '3121'.
11:12:00 INFO  : Jtag cable 'Digilent Arty A7-100T 210319BD75AAA' is selected.
11:12:00 INFO  : 'jtag frequency' command is executed.
11:12:01 INFO  : 'targets -set -filter {jtag_cable_name =~ "Digilent Arty A7-100T 210319BD75AAA" && level==0 && jtag_device_ctx=="jsn-Arty A7-100T-210319BD75AAA-13631093-0"}' command is executed.
11:12:03 INFO  : Device configured successfully with "C:/Parvathy/vitis_microb_i2c/EEPROM/MICROBLAZE_IIC/_ide/bitstream/download.bit"
11:12:03 INFO  : Context for processor 'microblaze_0' is selected.
11:12:03 INFO  : Hardware design and registers information is loaded from 'C:/Parvathy/vitis_microb_i2c/EEPROM/IIC_EEPROM/export/IIC_EEPROM/hw/design_i2c_wrapper.xsa'.
11:12:03 INFO  : 'configparams mdm-detect-bscan-mask 2' command is executed.
11:12:03 INFO  : Context for processor 'microblaze_0' is selected.
11:12:03 INFO  : System reset is completed.
11:12:06 INFO  : 'after 3000' command is executed.
11:12:06 INFO  : Context for processor 'microblaze_0' is selected.
11:12:06 INFO  : The application 'C:/Parvathy/vitis_microb_i2c/EEPROM/MICROBLAZE_IIC/Debug/MICROBLAZE_IIC.elf' is downloaded to processor 'microblaze_0'.
11:12:06 INFO  : ----------------XSDB Script----------------
connect -url tcp:127.0.0.1:3121
targets -set -filter {jtag_cable_name =~ "Digilent Arty A7-100T 210319BD75AAA" && level==0 && jtag_device_ctx=="jsn-Arty A7-100T-210319BD75AAA-13631093-0"}
fpga -file C:/Parvathy/vitis_microb_i2c/EEPROM/MICROBLAZE_IIC/_ide/bitstream/download.bit
targets -set -nocase -filter {name =~ "*microblaze*#0" && bscan=="USER2" }
loadhw -hw C:/Parvathy/vitis_microb_i2c/EEPROM/IIC_EEPROM/export/IIC_EEPROM/hw/design_i2c_wrapper.xsa -regs
configparams mdm-detect-bscan-mask 2
targets -set -nocase -filter {name =~ "*microblaze*#0" && bscan=="USER2" }
rst -system
after 3000
targets -set -nocase -filter {name =~ "*microblaze*#0" && bscan=="USER2" }
dow C:/Parvathy/vitis_microb_i2c/EEPROM/MICROBLAZE_IIC/Debug/MICROBLAZE_IIC.elf
----------------End of Script----------------

11:12:06 INFO  : Context for processor 'microblaze_0' is selected.
11:12:06 INFO  : 'con' command is executed.
11:12:06 INFO  : ----------------XSDB Script (After Launch)----------------
targets -set -nocase -filter {name =~ "*microblaze*#0" && bscan=="USER2" }
con
----------------End of Script----------------

11:12:06 INFO  : Launch script is exported to file 'C:\Parvathy\vitis_microb_i2c\EEPROM\MICROBLAZE_IIC_system\_ide\scripts\debugger_microblaze_iic-default.tcl'
11:16:25 INFO  : Result from executing command 'removePlatformRepo': 
11:16:39 INFO  : Result from executing command 'getProjects': IIC_EEPROM
11:16:39 INFO  : Result from executing command 'getPlatforms': 
11:16:39 INFO  : Checking for BSP changes to sync application flags for project 'MICROBLAZE_IIC'...
11:16:59 INFO  : Disconnected from the channel tcfchan#8.
11:17:00 INFO  : Connected to target on host '127.0.0.1' and port '3121'.
11:17:09 INFO  : ----------------XSDB Script----------------
connect -url tcp:127.0.0.1:3121
----------------End of Script----------------

11:17:09 ERROR : Could not find FPGA device on the board for connection 'Local'.


Troubleshooting hints:
1. Check whether board is connected to system properly.
2. In case of zynq board, check whether Digilent/Xilinx cable switch settings are correct.
3. If you are using Xilinx Platform Cable USB, ensure that status LED is green.
11:17:52 INFO  : Connected to target on host '127.0.0.1' and port '3121'.
11:17:52 INFO  : Jtag cable 'Digilent Arty A7-100T 210319BD75AAA' is selected.
11:17:52 INFO  : 'jtag frequency' command is executed.
11:17:52 INFO  : 'targets -set -filter {jtag_cable_name =~ "Digilent Arty A7-100T 210319BD75AAA" && level==0 && jtag_device_ctx=="jsn-Arty A7-100T-210319BD75AAA-13631093-0"}' command is executed.
11:17:54 INFO  : Device configured successfully with "C:/Parvathy/vitis_microb_i2c/EEPROM/MICROBLAZE_IIC/_ide/bitstream/download.bit"
11:17:54 INFO  : Context for processor 'microblaze_0' is selected.
11:17:54 INFO  : Hardware design and registers information is loaded from 'C:/Parvathy/vitis_microb_i2c/EEPROM/IIC_EEPROM/export/IIC_EEPROM/hw/design_i2c_wrapper.xsa'.
11:17:54 INFO  : 'configparams mdm-detect-bscan-mask 2' command is executed.
11:17:54 INFO  : Context for processor 'microblaze_0' is selected.
11:17:54 INFO  : System reset is completed.
11:17:57 INFO  : 'after 3000' command is executed.
11:17:57 INFO  : Context for processor 'microblaze_0' is selected.
11:17:57 INFO  : The application 'C:/Parvathy/vitis_microb_i2c/EEPROM/MICROBLAZE_IIC/Debug/MICROBLAZE_IIC.elf' is downloaded to processor 'microblaze_0'.
11:17:57 INFO  : ----------------XSDB Script----------------
connect -url tcp:127.0.0.1:3121
targets -set -filter {jtag_cable_name =~ "Digilent Arty A7-100T 210319BD75AAA" && level==0 && jtag_device_ctx=="jsn-Arty A7-100T-210319BD75AAA-13631093-0"}
fpga -file C:/Parvathy/vitis_microb_i2c/EEPROM/MICROBLAZE_IIC/_ide/bitstream/download.bit
targets -set -nocase -filter {name =~ "*microblaze*#0" && bscan=="USER2" }
loadhw -hw C:/Parvathy/vitis_microb_i2c/EEPROM/IIC_EEPROM/export/IIC_EEPROM/hw/design_i2c_wrapper.xsa -regs
configparams mdm-detect-bscan-mask 2
targets -set -nocase -filter {name =~ "*microblaze*#0" && bscan=="USER2" }
rst -system
after 3000
targets -set -nocase -filter {name =~ "*microblaze*#0" && bscan=="USER2" }
dow C:/Parvathy/vitis_microb_i2c/EEPROM/MICROBLAZE_IIC/Debug/MICROBLAZE_IIC.elf
----------------End of Script----------------

11:17:57 INFO  : Context for processor 'microblaze_0' is selected.
11:17:57 INFO  : 'con' command is executed.
11:17:57 INFO  : ----------------XSDB Script (After Launch)----------------
targets -set -nocase -filter {name =~ "*microblaze*#0" && bscan=="USER2" }
con
----------------End of Script----------------

11:17:57 INFO  : Launch script is exported to file 'C:\Parvathy\vitis_microb_i2c\EEPROM\MICROBLAZE_IIC_system\_ide\scripts\debugger_microblaze_iic-default.tcl'
11:23:38 INFO  : Result from executing command 'removePlatformRepo': 
11:23:53 INFO  : Result from executing command 'getProjects': IIC_EEPROM
11:23:53 INFO  : Result from executing command 'getPlatforms': 
11:23:53 INFO  : Checking for BSP changes to sync application flags for project 'MICROBLAZE_IIC'...
11:24:28 INFO  : Bit file 'C:/Parvathy/vitis_microb_i2c/EEPROM/MICROBLAZE_IIC/_ide/bitstream/download.bit' is generated.
11:24:28 INFO  : Connected to target on host '127.0.0.1' and port '3121'.
11:24:28 INFO  : 'targets -set -filter {jtag_cable_name =~ "Digilent Arty A7-100T 210319BD75AAA" && level==0 && jtag_device_ctx=="jsn-Arty A7-100T-210319BD75AAA-13631093-0"}' command is executed.
11:24:30 INFO  : Device configured successfully with "C:/Parvathy/vitis_microb_i2c/EEPROM/MICROBLAZE_IIC/_ide/bitstream/download.bit"
11:24:37 INFO  : Disconnected from the channel tcfchan#11.
11:24:38 INFO  : Connected to target on host '127.0.0.1' and port '3121'.
11:24:38 INFO  : Jtag cable 'Digilent Arty A7-100T 210319BD75AAA' is selected.
11:24:38 INFO  : 'jtag frequency' command is executed.
11:24:38 INFO  : 'targets -set -filter {jtag_cable_name =~ "Digilent Arty A7-100T 210319BD75AAA" && level==0 && jtag_device_ctx=="jsn-Arty A7-100T-210319BD75AAA-13631093-0"}' command is executed.
11:24:40 INFO  : Device configured successfully with "C:/Parvathy/vitis_microb_i2c/EEPROM/MICROBLAZE_IIC/_ide/bitstream/download.bit"
11:24:40 INFO  : Context for processor 'microblaze_0' is selected.
11:24:40 INFO  : Hardware design and registers information is loaded from 'C:/Parvathy/vitis_microb_i2c/EEPROM/IIC_EEPROM/export/IIC_EEPROM/hw/design_i2c_wrapper.xsa'.
11:24:40 INFO  : 'configparams mdm-detect-bscan-mask 2' command is executed.
11:24:40 INFO  : Context for processor 'microblaze_0' is selected.
11:24:40 INFO  : System reset is completed.
11:24:43 INFO  : 'after 3000' command is executed.
11:24:43 INFO  : Context for processor 'microblaze_0' is selected.
11:24:43 INFO  : The application 'C:/Parvathy/vitis_microb_i2c/EEPROM/MICROBLAZE_IIC/Debug/MICROBLAZE_IIC.elf' is downloaded to processor 'microblaze_0'.
11:24:43 INFO  : ----------------XSDB Script----------------
connect -url tcp:127.0.0.1:3121
targets -set -filter {jtag_cable_name =~ "Digilent Arty A7-100T 210319BD75AAA" && level==0 && jtag_device_ctx=="jsn-Arty A7-100T-210319BD75AAA-13631093-0"}
fpga -file C:/Parvathy/vitis_microb_i2c/EEPROM/MICROBLAZE_IIC/_ide/bitstream/download.bit
targets -set -nocase -filter {name =~ "*microblaze*#0" && bscan=="USER2" }
loadhw -hw C:/Parvathy/vitis_microb_i2c/EEPROM/IIC_EEPROM/export/IIC_EEPROM/hw/design_i2c_wrapper.xsa -regs
configparams mdm-detect-bscan-mask 2
targets -set -nocase -filter {name =~ "*microblaze*#0" && bscan=="USER2" }
rst -system
after 3000
targets -set -nocase -filter {name =~ "*microblaze*#0" && bscan=="USER2" }
dow C:/Parvathy/vitis_microb_i2c/EEPROM/MICROBLAZE_IIC/Debug/MICROBLAZE_IIC.elf
----------------End of Script----------------

11:24:43 INFO  : Context for processor 'microblaze_0' is selected.
11:24:43 INFO  : 'con' command is executed.
11:24:43 INFO  : ----------------XSDB Script (After Launch)----------------
targets -set -nocase -filter {name =~ "*microblaze*#0" && bscan=="USER2" }
con
----------------End of Script----------------

11:24:43 INFO  : Launch script is exported to file 'C:\Parvathy\vitis_microb_i2c\EEPROM\MICROBLAZE_IIC_system\_ide\scripts\debugger_microblaze_iic-default.tcl'
11:28:49 INFO  : Checking for BSP changes to sync application flags for project 'MICROBLAZE_IIC'...
11:28:59 INFO  : Result from executing command 'removePlatformRepo': 
11:29:17 INFO  : Result from executing command 'getProjects': IIC_EEPROM
11:29:17 INFO  : Result from executing command 'getPlatforms': 
11:29:17 INFO  : Checking for BSP changes to sync application flags for project 'MICROBLAZE_IIC'...
11:29:44 INFO  : Checking for BSP changes to sync application flags for project 'MICROBLAZE_IIC'...
11:29:55 INFO  : Disconnected from the channel tcfchan#14.
11:29:56 INFO  : Connected to target on host '127.0.0.1' and port '3121'.
11:30:05 INFO  : ----------------XSDB Script----------------
connect -url tcp:127.0.0.1:3121
----------------End of Script----------------

11:30:05 ERROR : Could not find FPGA device on the board for connection 'Local'.


Troubleshooting hints:
1. Check whether board is connected to system properly.
2. In case of zynq board, check whether Digilent/Xilinx cable switch settings are correct.
3. If you are using Xilinx Platform Cable USB, ensure that status LED is green.
11:30:11 INFO  : Connected to target on host '127.0.0.1' and port '3121'.
11:30:11 INFO  : Jtag cable 'Digilent Arty A7-100T 210319BD75AAA' is selected.
11:30:11 INFO  : 'jtag frequency' command is executed.
11:30:11 INFO  : 'targets -set -filter {jtag_cable_name =~ "Digilent Arty A7-100T 210319BD75AAA" && level==0 && jtag_device_ctx=="jsn-Arty A7-100T-210319BD75AAA-13631093-0"}' command is executed.
11:30:13 INFO  : Device configured successfully with "C:/Parvathy/vitis_microb_i2c/EEPROM/MICROBLAZE_IIC/_ide/bitstream/download.bit"
11:30:13 INFO  : Context for processor 'microblaze_0' is selected.
11:30:13 INFO  : Hardware design and registers information is loaded from 'C:/Parvathy/vitis_microb_i2c/EEPROM/IIC_EEPROM/export/IIC_EEPROM/hw/design_i2c_wrapper.xsa'.
11:30:13 INFO  : 'configparams mdm-detect-bscan-mask 2' command is executed.
11:30:13 INFO  : Context for processor 'microblaze_0' is selected.
11:30:13 INFO  : System reset is completed.
11:30:16 INFO  : 'after 3000' command is executed.
11:30:16 INFO  : Context for processor 'microblaze_0' is selected.
11:30:16 INFO  : The application 'C:/Parvathy/vitis_microb_i2c/EEPROM/MICROBLAZE_IIC/Debug/MICROBLAZE_IIC.elf' is downloaded to processor 'microblaze_0'.
11:30:16 INFO  : ----------------XSDB Script----------------
connect -url tcp:127.0.0.1:3121
targets -set -filter {jtag_cable_name =~ "Digilent Arty A7-100T 210319BD75AAA" && level==0 && jtag_device_ctx=="jsn-Arty A7-100T-210319BD75AAA-13631093-0"}
fpga -file C:/Parvathy/vitis_microb_i2c/EEPROM/MICROBLAZE_IIC/_ide/bitstream/download.bit
targets -set -nocase -filter {name =~ "*microblaze*#0" && bscan=="USER2" }
loadhw -hw C:/Parvathy/vitis_microb_i2c/EEPROM/IIC_EEPROM/export/IIC_EEPROM/hw/design_i2c_wrapper.xsa -regs
configparams mdm-detect-bscan-mask 2
targets -set -nocase -filter {name =~ "*microblaze*#0" && bscan=="USER2" }
rst -system
after 3000
targets -set -nocase -filter {name =~ "*microblaze*#0" && bscan=="USER2" }
dow C:/Parvathy/vitis_microb_i2c/EEPROM/MICROBLAZE_IIC/Debug/MICROBLAZE_IIC.elf
----------------End of Script----------------

11:30:16 INFO  : Context for processor 'microblaze_0' is selected.
11:30:16 INFO  : 'con' command is executed.
11:30:16 INFO  : ----------------XSDB Script (After Launch)----------------
targets -set -nocase -filter {name =~ "*microblaze*#0" && bscan=="USER2" }
con
----------------End of Script----------------

11:30:16 INFO  : Launch script is exported to file 'C:\Parvathy\vitis_microb_i2c\EEPROM\MICROBLAZE_IIC_system\_ide\scripts\debugger_microblaze_iic-default.tcl'
11:33:24 INFO  : Result from executing command 'removePlatformRepo': 
11:33:37 INFO  : Result from executing command 'getProjects': IIC_EEPROM
11:33:37 INFO  : Result from executing command 'getPlatforms': 
11:33:37 INFO  : Checking for BSP changes to sync application flags for project 'MICROBLAZE_IIC'...
11:33:47 INFO  : Disconnected from the channel tcfchan#17.
11:33:48 INFO  : Connected to target on host '127.0.0.1' and port '3121'.
11:33:57 INFO  : ----------------XSDB Script----------------
connect -url tcp:127.0.0.1:3121
----------------End of Script----------------

11:33:57 ERROR : Could not find FPGA device on the board for connection 'Local'.


Troubleshooting hints:
1. Check whether board is connected to system properly.
2. In case of zynq board, check whether Digilent/Xilinx cable switch settings are correct.
3. If you are using Xilinx Platform Cable USB, ensure that status LED is green.
11:34:03 INFO  : Connected to target on host '127.0.0.1' and port '3121'.
11:34:03 INFO  : Jtag cable 'Digilent Arty A7-100T 210319BD75AAA' is selected.
11:34:03 INFO  : 'jtag frequency' command is executed.
11:34:03 INFO  : 'targets -set -filter {jtag_cable_name =~ "Digilent Arty A7-100T 210319BD75AAA" && level==0 && jtag_device_ctx=="jsn-Arty A7-100T-210319BD75AAA-13631093-0"}' command is executed.
11:34:05 INFO  : Device configured successfully with "C:/Parvathy/vitis_microb_i2c/EEPROM/MICROBLAZE_IIC/_ide/bitstream/download.bit"
11:34:05 INFO  : Context for processor 'microblaze_0' is selected.
11:34:05 INFO  : Hardware design and registers information is loaded from 'C:/Parvathy/vitis_microb_i2c/EEPROM/IIC_EEPROM/export/IIC_EEPROM/hw/design_i2c_wrapper.xsa'.
11:34:05 INFO  : 'configparams mdm-detect-bscan-mask 2' command is executed.
11:34:05 INFO  : Context for processor 'microblaze_0' is selected.
11:34:05 INFO  : System reset is completed.
11:34:08 INFO  : 'after 3000' command is executed.
11:34:08 INFO  : Context for processor 'microblaze_0' is selected.
11:34:08 INFO  : The application 'C:/Parvathy/vitis_microb_i2c/EEPROM/MICROBLAZE_IIC/Debug/MICROBLAZE_IIC.elf' is downloaded to processor 'microblaze_0'.
11:34:08 INFO  : ----------------XSDB Script----------------
connect -url tcp:127.0.0.1:3121
targets -set -filter {jtag_cable_name =~ "Digilent Arty A7-100T 210319BD75AAA" && level==0 && jtag_device_ctx=="jsn-Arty A7-100T-210319BD75AAA-13631093-0"}
fpga -file C:/Parvathy/vitis_microb_i2c/EEPROM/MICROBLAZE_IIC/_ide/bitstream/download.bit
targets -set -nocase -filter {name =~ "*microblaze*#0" && bscan=="USER2" }
loadhw -hw C:/Parvathy/vitis_microb_i2c/EEPROM/IIC_EEPROM/export/IIC_EEPROM/hw/design_i2c_wrapper.xsa -regs
configparams mdm-detect-bscan-mask 2
targets -set -nocase -filter {name =~ "*microblaze*#0" && bscan=="USER2" }
rst -system
after 3000
targets -set -nocase -filter {name =~ "*microblaze*#0" && bscan=="USER2" }
dow C:/Parvathy/vitis_microb_i2c/EEPROM/MICROBLAZE_IIC/Debug/MICROBLAZE_IIC.elf
----------------End of Script----------------

11:34:08 INFO  : Context for processor 'microblaze_0' is selected.
11:34:09 INFO  : 'con' command is executed.
11:34:09 INFO  : ----------------XSDB Script (After Launch)----------------
targets -set -nocase -filter {name =~ "*microblaze*#0" && bscan=="USER2" }
con
----------------End of Script----------------

11:34:09 INFO  : Launch script is exported to file 'C:\Parvathy\vitis_microb_i2c\EEPROM\MICROBLAZE_IIC_system\_ide\scripts\debugger_microblaze_iic-default.tcl'
11:36:34 INFO  : Result from executing command 'removePlatformRepo': 
11:36:50 INFO  : Result from executing command 'getProjects': IIC_EEPROM
11:36:50 INFO  : Result from executing command 'getPlatforms': 
11:36:51 INFO  : Checking for BSP changes to sync application flags for project 'MICROBLAZE_IIC'...
11:37:01 INFO  : Disconnected from the channel tcfchan#20.
11:37:02 INFO  : Connected to target on host '127.0.0.1' and port '3121'.
11:37:11 INFO  : ----------------XSDB Script----------------
connect -url tcp:127.0.0.1:3121
----------------End of Script----------------

11:37:11 ERROR : Could not find FPGA device on the board for connection 'Local'.


Troubleshooting hints:
1. Check whether board is connected to system properly.
2. In case of zynq board, check whether Digilent/Xilinx cable switch settings are correct.
3. If you are using Xilinx Platform Cable USB, ensure that status LED is green.
11:37:16 INFO  : Connected to target on host '127.0.0.1' and port '3121'.
11:37:16 INFO  : Jtag cable 'Digilent Arty A7-100T 210319BD75AAA' is selected.
11:37:16 INFO  : 'jtag frequency' command is executed.
11:37:16 INFO  : 'targets -set -filter {jtag_cable_name =~ "Digilent Arty A7-100T 210319BD75AAA" && level==0 && jtag_device_ctx=="jsn-Arty A7-100T-210319BD75AAA-13631093-0"}' command is executed.
11:37:18 INFO  : Device configured successfully with "C:/Parvathy/vitis_microb_i2c/EEPROM/MICROBLAZE_IIC/_ide/bitstream/download.bit"
11:37:18 INFO  : Context for processor 'microblaze_0' is selected.
11:37:18 INFO  : Hardware design and registers information is loaded from 'C:/Parvathy/vitis_microb_i2c/EEPROM/IIC_EEPROM/export/IIC_EEPROM/hw/design_i2c_wrapper.xsa'.
11:37:18 INFO  : 'configparams mdm-detect-bscan-mask 2' command is executed.
11:37:18 INFO  : Context for processor 'microblaze_0' is selected.
11:37:18 INFO  : System reset is completed.
11:37:21 INFO  : 'after 3000' command is executed.
11:37:21 INFO  : Context for processor 'microblaze_0' is selected.
11:37:21 INFO  : The application 'C:/Parvathy/vitis_microb_i2c/EEPROM/MICROBLAZE_IIC/Debug/MICROBLAZE_IIC.elf' is downloaded to processor 'microblaze_0'.
11:37:21 INFO  : ----------------XSDB Script----------------
connect -url tcp:127.0.0.1:3121
targets -set -filter {jtag_cable_name =~ "Digilent Arty A7-100T 210319BD75AAA" && level==0 && jtag_device_ctx=="jsn-Arty A7-100T-210319BD75AAA-13631093-0"}
fpga -file C:/Parvathy/vitis_microb_i2c/EEPROM/MICROBLAZE_IIC/_ide/bitstream/download.bit
targets -set -nocase -filter {name =~ "*microblaze*#0" && bscan=="USER2" }
loadhw -hw C:/Parvathy/vitis_microb_i2c/EEPROM/IIC_EEPROM/export/IIC_EEPROM/hw/design_i2c_wrapper.xsa -regs
configparams mdm-detect-bscan-mask 2
targets -set -nocase -filter {name =~ "*microblaze*#0" && bscan=="USER2" }
rst -system
after 3000
targets -set -nocase -filter {name =~ "*microblaze*#0" && bscan=="USER2" }
dow C:/Parvathy/vitis_microb_i2c/EEPROM/MICROBLAZE_IIC/Debug/MICROBLAZE_IIC.elf
----------------End of Script----------------

11:37:21 INFO  : Context for processor 'microblaze_0' is selected.
11:37:21 INFO  : 'con' command is executed.
11:37:21 INFO  : ----------------XSDB Script (After Launch)----------------
targets -set -nocase -filter {name =~ "*microblaze*#0" && bscan=="USER2" }
con
----------------End of Script----------------

11:37:21 INFO  : Launch script is exported to file 'C:\Parvathy\vitis_microb_i2c\EEPROM\MICROBLAZE_IIC_system\_ide\scripts\debugger_microblaze_iic-default.tcl'
11:44:28 INFO  : Result from executing command 'removePlatformRepo': 
11:44:59 INFO  : Result from executing command 'getProjects': IIC_EEPROM
11:44:59 INFO  : Result from executing command 'getPlatforms': 
11:44:59 INFO  : Checking for BSP changes to sync application flags for project 'MICROBLAZE_IIC'...
11:45:38 INFO  : Bit file 'C:/Parvathy/vitis_microb_i2c/EEPROM/MICROBLAZE_IIC/_ide/bitstream/download.bit' is generated.
11:45:38 INFO  : Connected to target on host '127.0.0.1' and port '3121'.
11:45:38 INFO  : 'targets -set -filter {jtag_cable_name =~ "Digilent Arty A7-100T 210319BD75AAA" && level==0 && jtag_device_ctx=="jsn-Arty A7-100T-210319BD75AAA-13631093-0"}' command is executed.
11:45:40 INFO  : Device configured successfully with "C:/Parvathy/vitis_microb_i2c/EEPROM/MICROBLAZE_IIC/_ide/bitstream/download.bit"
11:45:48 INFO  : Disconnected from the channel tcfchan#23.
11:45:49 INFO  : Connected to target on host '127.0.0.1' and port '3121'.
11:45:58 INFO  : ----------------XSDB Script----------------
connect -url tcp:127.0.0.1:3121
----------------End of Script----------------

11:45:58 ERROR : Could not find FPGA device on the board for connection 'Local'.


Troubleshooting hints:
1. Check whether board is connected to system properly.
2. In case of zynq board, check whether Digilent/Xilinx cable switch settings are correct.
3. If you are using Xilinx Platform Cable USB, ensure that status LED is green.
11:46:03 INFO  : Connected to target on host '127.0.0.1' and port '3121'.
11:46:03 INFO  : Jtag cable 'Digilent Arty A7-100T 210319BD75AAA' is selected.
11:46:03 INFO  : 'jtag frequency' command is executed.
11:46:03 INFO  : 'targets -set -filter {jtag_cable_name =~ "Digilent Arty A7-100T 210319BD75AAA" && level==0 && jtag_device_ctx=="jsn-Arty A7-100T-210319BD75AAA-13631093-0"}' command is executed.
11:46:05 INFO  : Device configured successfully with "C:/Parvathy/vitis_microb_i2c/EEPROM/MICROBLAZE_IIC/_ide/bitstream/download.bit"
11:46:05 INFO  : Context for processor 'microblaze_0' is selected.
11:46:05 INFO  : Hardware design and registers information is loaded from 'C:/Parvathy/vitis_microb_i2c/EEPROM/IIC_EEPROM/export/IIC_EEPROM/hw/design_i2c_wrapper.xsa'.
11:46:05 INFO  : 'configparams mdm-detect-bscan-mask 2' command is executed.
11:46:05 INFO  : Context for processor 'microblaze_0' is selected.
11:46:05 INFO  : System reset is completed.
11:46:08 INFO  : 'after 3000' command is executed.
11:46:08 INFO  : Context for processor 'microblaze_0' is selected.
11:46:08 INFO  : The application 'C:/Parvathy/vitis_microb_i2c/EEPROM/MICROBLAZE_IIC/Debug/MICROBLAZE_IIC.elf' is downloaded to processor 'microblaze_0'.
11:46:08 INFO  : ----------------XSDB Script----------------
connect -url tcp:127.0.0.1:3121
targets -set -filter {jtag_cable_name =~ "Digilent Arty A7-100T 210319BD75AAA" && level==0 && jtag_device_ctx=="jsn-Arty A7-100T-210319BD75AAA-13631093-0"}
fpga -file C:/Parvathy/vitis_microb_i2c/EEPROM/MICROBLAZE_IIC/_ide/bitstream/download.bit
targets -set -nocase -filter {name =~ "*microblaze*#0" && bscan=="USER2" }
loadhw -hw C:/Parvathy/vitis_microb_i2c/EEPROM/IIC_EEPROM/export/IIC_EEPROM/hw/design_i2c_wrapper.xsa -regs
configparams mdm-detect-bscan-mask 2
targets -set -nocase -filter {name =~ "*microblaze*#0" && bscan=="USER2" }
rst -system
after 3000
targets -set -nocase -filter {name =~ "*microblaze*#0" && bscan=="USER2" }
dow C:/Parvathy/vitis_microb_i2c/EEPROM/MICROBLAZE_IIC/Debug/MICROBLAZE_IIC.elf
----------------End of Script----------------

11:46:08 INFO  : Context for processor 'microblaze_0' is selected.
11:46:08 INFO  : 'con' command is executed.
11:46:08 INFO  : ----------------XSDB Script (After Launch)----------------
targets -set -nocase -filter {name =~ "*microblaze*#0" && bscan=="USER2" }
con
----------------End of Script----------------

11:46:08 INFO  : Launch script is exported to file 'C:\Parvathy\vitis_microb_i2c\EEPROM\MICROBLAZE_IIC_system\_ide\scripts\debugger_microblaze_iic-default.tcl'
11:51:59 INFO  : Result from executing command 'removePlatformRepo': 
11:52:11 INFO  : Result from executing command 'getProjects': IIC_EEPROM
11:52:11 INFO  : Result from executing command 'getPlatforms': 
11:52:11 INFO  : Checking for BSP changes to sync application flags for project 'MICROBLAZE_IIC'...
11:52:30 INFO  : Disconnected from the channel tcfchan#26.
11:52:31 INFO  : Connected to target on host '127.0.0.1' and port '3121'.
11:52:40 INFO  : ----------------XSDB Script----------------
connect -url tcp:127.0.0.1:3121
----------------End of Script----------------

11:52:40 ERROR : Could not find FPGA device on the board for connection 'Local'.


Troubleshooting hints:
1. Check whether board is connected to system properly.
2. In case of zynq board, check whether Digilent/Xilinx cable switch settings are correct.
3. If you are using Xilinx Platform Cable USB, ensure that status LED is green.
11:52:52 INFO  : Connected to target on host '127.0.0.1' and port '3121'.
11:52:52 INFO  : Jtag cable 'Digilent Arty A7-100T 210319BD75AAA' is selected.
11:52:52 INFO  : 'jtag frequency' command is executed.
11:52:52 INFO  : 'targets -set -filter {jtag_cable_name =~ "Digilent Arty A7-100T 210319BD75AAA" && level==0 && jtag_device_ctx=="jsn-Arty A7-100T-210319BD75AAA-13631093-0"}' command is executed.
11:52:55 INFO  : Device configured successfully with "C:/Parvathy/vitis_microb_i2c/EEPROM/MICROBLAZE_IIC/_ide/bitstream/download.bit"
11:52:55 INFO  : Context for processor 'microblaze_0' is selected.
11:52:55 INFO  : Hardware design and registers information is loaded from 'C:/Parvathy/vitis_microb_i2c/EEPROM/IIC_EEPROM/export/IIC_EEPROM/hw/design_i2c_wrapper.xsa'.
11:52:55 INFO  : 'configparams mdm-detect-bscan-mask 2' command is executed.
11:52:55 INFO  : Context for processor 'microblaze_0' is selected.
11:52:55 INFO  : System reset is completed.
11:52:58 INFO  : 'after 3000' command is executed.
11:52:58 INFO  : Context for processor 'microblaze_0' is selected.
11:52:58 INFO  : The application 'C:/Parvathy/vitis_microb_i2c/EEPROM/MICROBLAZE_IIC/Debug/MICROBLAZE_IIC.elf' is downloaded to processor 'microblaze_0'.
11:52:58 INFO  : ----------------XSDB Script----------------
connect -url tcp:127.0.0.1:3121
targets -set -filter {jtag_cable_name =~ "Digilent Arty A7-100T 210319BD75AAA" && level==0 && jtag_device_ctx=="jsn-Arty A7-100T-210319BD75AAA-13631093-0"}
fpga -file C:/Parvathy/vitis_microb_i2c/EEPROM/MICROBLAZE_IIC/_ide/bitstream/download.bit
targets -set -nocase -filter {name =~ "*microblaze*#0" && bscan=="USER2" }
loadhw -hw C:/Parvathy/vitis_microb_i2c/EEPROM/IIC_EEPROM/export/IIC_EEPROM/hw/design_i2c_wrapper.xsa -regs
configparams mdm-detect-bscan-mask 2
targets -set -nocase -filter {name =~ "*microblaze*#0" && bscan=="USER2" }
rst -system
after 3000
targets -set -nocase -filter {name =~ "*microblaze*#0" && bscan=="USER2" }
dow C:/Parvathy/vitis_microb_i2c/EEPROM/MICROBLAZE_IIC/Debug/MICROBLAZE_IIC.elf
----------------End of Script----------------

11:52:58 INFO  : Context for processor 'microblaze_0' is selected.
11:52:58 INFO  : 'con' command is executed.
11:52:58 INFO  : ----------------XSDB Script (After Launch)----------------
targets -set -nocase -filter {name =~ "*microblaze*#0" && bscan=="USER2" }
con
----------------End of Script----------------

11:52:58 INFO  : Launch script is exported to file 'C:\Parvathy\vitis_microb_i2c\EEPROM\MICROBLAZE_IIC_system\_ide\scripts\debugger_microblaze_iic-default.tcl'
12:55:34 INFO  : Disconnected from the channel tcfchan#29.
12:57:30 DEBUG : Logs will be stored at 'C:/Parvathy/vitis_microb_i2c/EEPROM/IDE.log'.
12:57:31 INFO  : Launching XSCT server: xsct.bat -n  -interactive C:\Parvathy\vitis_microb_i2c\EEPROM\temp_xsdb_launch_script.tcl
12:57:35 INFO  : XSCT server has started successfully.
12:57:35 INFO  : plnx-install-location is set to ''
12:57:35 INFO  : Successfully done setting XSCT server connection channel  
12:57:35 INFO  : Successfully done setting workspace for the tool. 
12:57:37 INFO  : Platform repository initialization has completed.
12:57:37 INFO  : Registering command handlers for Vitis TCF services
12:57:38 INFO  : Successfully done query RDI_DATADIR 
12:59:40 INFO  : Checking for BSP changes to sync application flags for project 'MICROBLAZE_IIC'...
13:00:05 INFO  : Connected to target on host '127.0.0.1' and port '3121'.
13:00:24 INFO  : ----------------XSDB Script----------------
connect -url tcp:127.0.0.1:3121
----------------End of Script----------------

13:00:24 ERROR : Could not find FPGA device on the board for connection 'Local'.


Troubleshooting hints:
1. Check whether board is connected to system properly.
2. In case of zynq board, check whether Digilent/Xilinx cable switch settings are correct.
3. If you are using Xilinx Platform Cable USB, ensure that status LED is green.
13:03:52 INFO  : Connected to target on host '127.0.0.1' and port '3121'.
13:03:53 INFO  : Jtag cable 'Digilent Arty A7-100T 210319BD75AAA' is selected.
13:03:53 INFO  : 'jtag frequency' command is executed.
13:03:53 INFO  : 'targets -set -filter {jtag_cable_name =~ "Digilent Arty A7-100T 210319BD75AAA" && level==0 && jtag_device_ctx=="jsn-Arty A7-100T-210319BD75AAA-13631093-0"}' command is executed.
13:03:55 INFO  : Device configured successfully with "C:/Parvathy/vitis_microb_i2c/EEPROM/MICROBLAZE_IIC/_ide/bitstream/download.bit"
13:03:55 INFO  : Context for processor 'microblaze_0' is selected.
13:03:55 INFO  : Hardware design and registers information is loaded from 'C:/Parvathy/vitis_microb_i2c/EEPROM/IIC_EEPROM/export/IIC_EEPROM/hw/design_i2c_wrapper.xsa'.
13:03:55 INFO  : 'configparams mdm-detect-bscan-mask 2' command is executed.
13:03:55 INFO  : Context for processor 'microblaze_0' is selected.
13:03:55 INFO  : System reset is completed.
13:03:58 INFO  : 'after 3000' command is executed.
13:03:58 INFO  : Context for processor 'microblaze_0' is selected.
13:03:58 INFO  : The application 'C:/Parvathy/vitis_microb_i2c/EEPROM/MICROBLAZE_IIC/Debug/MICROBLAZE_IIC.elf' is downloaded to processor 'microblaze_0'.
13:03:58 INFO  : ----------------XSDB Script----------------
connect -url tcp:127.0.0.1:3121
targets -set -filter {jtag_cable_name =~ "Digilent Arty A7-100T 210319BD75AAA" && level==0 && jtag_device_ctx=="jsn-Arty A7-100T-210319BD75AAA-13631093-0"}
fpga -file C:/Parvathy/vitis_microb_i2c/EEPROM/MICROBLAZE_IIC/_ide/bitstream/download.bit
targets -set -nocase -filter {name =~ "*microblaze*#0" && bscan=="USER2" }
loadhw -hw C:/Parvathy/vitis_microb_i2c/EEPROM/IIC_EEPROM/export/IIC_EEPROM/hw/design_i2c_wrapper.xsa -regs
configparams mdm-detect-bscan-mask 2
targets -set -nocase -filter {name =~ "*microblaze*#0" && bscan=="USER2" }
rst -system
after 3000
targets -set -nocase -filter {name =~ "*microblaze*#0" && bscan=="USER2" }
dow C:/Parvathy/vitis_microb_i2c/EEPROM/MICROBLAZE_IIC/Debug/MICROBLAZE_IIC.elf
----------------End of Script----------------

13:03:58 INFO  : Context for processor 'microblaze_0' is selected.
13:03:58 INFO  : 'con' command is executed.
13:03:58 INFO  : ----------------XSDB Script (After Launch)----------------
targets -set -nocase -filter {name =~ "*microblaze*#0" && bscan=="USER2" }
con
----------------End of Script----------------

13:03:58 INFO  : Launch script is exported to file 'C:\Parvathy\vitis_microb_i2c\EEPROM\MICROBLAZE_IIC_system\_ide\scripts\debugger_microblaze_iic-default_2.tcl'
13:07:32 INFO  : Disconnected from the channel tcfchan#1.
13:07:33 INFO  : Connected to target on host '127.0.0.1' and port '3121'.
13:07:33 INFO  : Jtag cable 'Digilent Arty A7-100T 210319BD75AAA' is selected.
13:07:33 INFO  : 'jtag frequency' command is executed.
13:07:33 INFO  : 'targets -set -filter {jtag_cable_name =~ "Digilent Arty A7-100T 210319BD75AAA" && level==0 && jtag_device_ctx=="jsn-Arty A7-100T-210319BD75AAA-13631093-0"}' command is executed.
13:07:35 INFO  : Device configured successfully with "C:/Parvathy/vitis_microb_i2c/EEPROM/MICROBLAZE_IIC/_ide/bitstream/download.bit"
13:07:35 INFO  : Context for processor 'microblaze_0' is selected.
13:07:35 INFO  : Hardware design and registers information is loaded from 'C:/Parvathy/vitis_microb_i2c/EEPROM/IIC_EEPROM/export/IIC_EEPROM/hw/design_i2c_wrapper.xsa'.
13:07:35 INFO  : 'configparams mdm-detect-bscan-mask 2' command is executed.
13:07:36 INFO  : Context for processor 'microblaze_0' is selected.
13:07:36 INFO  : System reset is completed.
13:07:39 INFO  : 'after 3000' command is executed.
13:07:39 INFO  : Context for processor 'microblaze_0' is selected.
13:07:39 INFO  : The application 'C:/Parvathy/vitis_microb_i2c/EEPROM/MICROBLAZE_IIC/Debug/MICROBLAZE_IIC.elf' is downloaded to processor 'microblaze_0'.
13:07:39 INFO  : ----------------XSDB Script----------------
connect -url tcp:127.0.0.1:3121
targets -set -filter {jtag_cable_name =~ "Digilent Arty A7-100T 210319BD75AAA" && level==0 && jtag_device_ctx=="jsn-Arty A7-100T-210319BD75AAA-13631093-0"}
fpga -file C:/Parvathy/vitis_microb_i2c/EEPROM/MICROBLAZE_IIC/_ide/bitstream/download.bit
targets -set -nocase -filter {name =~ "*microblaze*#0" && bscan=="USER2" }
loadhw -hw C:/Parvathy/vitis_microb_i2c/EEPROM/IIC_EEPROM/export/IIC_EEPROM/hw/design_i2c_wrapper.xsa -regs
configparams mdm-detect-bscan-mask 2
targets -set -nocase -filter {name =~ "*microblaze*#0" && bscan=="USER2" }
rst -system
after 3000
targets -set -nocase -filter {name =~ "*microblaze*#0" && bscan=="USER2" }
dow C:/Parvathy/vitis_microb_i2c/EEPROM/MICROBLAZE_IIC/Debug/MICROBLAZE_IIC.elf
----------------End of Script----------------

13:07:39 INFO  : Context for processor 'microblaze_0' is selected.
13:07:39 INFO  : 'con' command is executed.
13:07:39 INFO  : ----------------XSDB Script (After Launch)----------------
targets -set -nocase -filter {name =~ "*microblaze*#0" && bscan=="USER2" }
con
----------------End of Script----------------

13:07:39 INFO  : Launch script is exported to file 'C:\Parvathy\vitis_microb_i2c\EEPROM\MICROBLAZE_IIC_system\_ide\scripts\debugger_microblaze_iic-default_3.tcl'
13:09:06 INFO  : Disconnected from the channel tcfchan#2.
13:09:07 INFO  : Connected to target on host '127.0.0.1' and port '3121'.
13:09:07 INFO  : Jtag cable 'Digilent Arty A7-100T 210319BD75AAA' is selected.
13:09:07 INFO  : 'jtag frequency' command is executed.
13:09:07 INFO  : 'targets -set -filter {jtag_cable_name =~ "Digilent Arty A7-100T 210319BD75AAA" && level==0 && jtag_device_ctx=="jsn-Arty A7-100T-210319BD75AAA-13631093-0"}' command is executed.
13:09:09 INFO  : Device configured successfully with "C:/Parvathy/vitis_microb_i2c/EEPROM/MICROBLAZE_IIC/_ide/bitstream/download.bit"
13:09:09 INFO  : Context for processor 'microblaze_0' is selected.
13:09:10 INFO  : Hardware design and registers information is loaded from 'C:/Parvathy/vitis_microb_i2c/EEPROM/IIC_EEPROM/export/IIC_EEPROM/hw/design_i2c_wrapper.xsa'.
13:09:10 INFO  : 'configparams mdm-detect-bscan-mask 2' command is executed.
13:09:10 INFO  : Context for processor 'microblaze_0' is selected.
13:09:10 INFO  : System reset is completed.
13:09:13 INFO  : 'after 3000' command is executed.
13:09:13 INFO  : Context for processor 'microblaze_0' is selected.
13:09:13 INFO  : The application 'C:/Parvathy/vitis_microb_i2c/EEPROM/MICROBLAZE_IIC/Debug/MICROBLAZE_IIC.elf' is downloaded to processor 'microblaze_0'.
13:09:13 INFO  : ----------------XSDB Script----------------
connect -url tcp:127.0.0.1:3121
targets -set -filter {jtag_cable_name =~ "Digilent Arty A7-100T 210319BD75AAA" && level==0 && jtag_device_ctx=="jsn-Arty A7-100T-210319BD75AAA-13631093-0"}
fpga -file C:/Parvathy/vitis_microb_i2c/EEPROM/MICROBLAZE_IIC/_ide/bitstream/download.bit
targets -set -nocase -filter {name =~ "*microblaze*#0" && bscan=="USER2" }
loadhw -hw C:/Parvathy/vitis_microb_i2c/EEPROM/IIC_EEPROM/export/IIC_EEPROM/hw/design_i2c_wrapper.xsa -regs
configparams mdm-detect-bscan-mask 2
targets -set -nocase -filter {name =~ "*microblaze*#0" && bscan=="USER2" }
rst -system
after 3000
targets -set -nocase -filter {name =~ "*microblaze*#0" && bscan=="USER2" }
dow C:/Parvathy/vitis_microb_i2c/EEPROM/MICROBLAZE_IIC/Debug/MICROBLAZE_IIC.elf
----------------End of Script----------------

13:09:13 INFO  : Context for processor 'microblaze_0' is selected.
13:09:13 INFO  : 'con' command is executed.
13:09:13 INFO  : ----------------XSDB Script (After Launch)----------------
targets -set -nocase -filter {name =~ "*microblaze*#0" && bscan=="USER2" }
con
----------------End of Script----------------

13:09:13 INFO  : Launch script is exported to file 'C:\Parvathy\vitis_microb_i2c\EEPROM\MICROBLAZE_IIC_system\_ide\scripts\debugger_microblaze_iic-default_4.tcl'
13:30:53 INFO  : Disconnected from the channel tcfchan#3.
