
*** Running vivado
    with args -log design_1_mico_cust_wrapper.vds -m64 -product Vivado -mode batch -messageDb vivado.pb -notrace -source design_1_mico_cust_wrapper.tcl


****** Vivado v2022.1 (64-bit)
  **** SW Build 3526262 on Mon Apr 18 15:47:01 MDT 2022
  **** IP Build 3524634 on Mon Apr 18 20:55:01 MDT 2022
    ** Copyright 1986-2022 Xilinx, Inc. All Rights Reserved.

source design_1_mico_cust_wrapper.tcl -notrace
create_project: Time (s): cpu = 00:00:06 ; elapsed = 00:00:05 . Memory (MB): peak = 2873.254 ; gain = 20.934 ; free physical = 1135 ; free virtual = 3878
INFO: [IP_Flow 19-234] Refreshing IP repositories
INFO: [IP_Flow 19-1704] No user IP repositories specified
INFO: [IP_Flow 19-2313] Loaded Vivado IP repository '/home/arjun/tool/Vivado/2022.1/data/ip'.
Command: synth_design -top design_1_mico_cust_wrapper -part xc7a100tcsg324-1
Starting synth_design
Attempting to get a license for feature 'Synthesis' and/or device 'xc7a100t'
INFO: [Common 17-349] Got license for feature 'Synthesis' and/or device 'xc7a100t'
INFO: [Device 21-403] Loading part xc7a100tcsg324-1
INFO: [Synth 8-7079] Multithreading enabled for synth_design using a maximum of 4 processes.
INFO: [Synth 8-7078] Launching helper process for spawning children vivado processes
INFO: [Synth 8-7075] Helper process launched with PID 55118
WARNING: [Synth 8-9501] generate block is allowed only inside loop and conditional generate in SystemVerilog mode [/home/arjun/tool/Vivado/2022.1/data/ip/xpm/xpm_fifo/hdl/xpm_fifo.sv:4023]
---------------------------------------------------------------------------------
Starting RTL Elaboration : Time (s): cpu = 00:00:02 ; elapsed = 00:00:03 . Memory (MB): peak = 2873.254 ; gain = 0.000 ; free physical = 141 ; free virtual = 2127
---------------------------------------------------------------------------------
INFO: [Synth 8-6157] synthesizing module 'design_1_mico_cust_wrapper' [/home/arjun/Vivado_PROJECTS/project_1_MICROB_CUSTOM_BOOT/project_1_MICROB_CUSTOM_BOOT.gen/sources_1/bd/design_1_mico_cust/hdl/design_1_mico_cust_wrapper.v:12]
INFO: [Synth 8-6157] synthesizing module 'design_1_mico_cust' [/home/arjun/Vivado_PROJECTS/project_1_MICROB_CUSTOM_BOOT/project_1_MICROB_CUSTOM_BOOT.gen/sources_1/bd/design_1_mico_cust/synth/design_1_mico_cust.v:12]
INFO: [Synth 8-6157] synthesizing module 'design_1_mico_cust_axi_gpio_0_0' [/home/arjun/Vivado_PROJECTS/project_1_MICROB_CUSTOM_BOOT/project_1_MICROB_CUSTOM_BOOT.runs/synth_1/.Xil/Vivado-55002-arjun-Aspire-A315-59/realtime/design_1_mico_cust_axi_gpio_0_0_stub.v:5]
INFO: [Synth 8-6155] done synthesizing module 'design_1_mico_cust_axi_gpio_0_0' (0#1) [/home/arjun/Vivado_PROJECTS/project_1_MICROB_CUSTOM_BOOT/project_1_MICROB_CUSTOM_BOOT.runs/synth_1/.Xil/Vivado-55002-arjun-Aspire-A315-59/realtime/design_1_mico_cust_axi_gpio_0_0_stub.v:5]
INFO: [Synth 8-6157] synthesizing module 'design_1_mico_cust_axi_gpio_1_0' [/home/arjun/Vivado_PROJECTS/project_1_MICROB_CUSTOM_BOOT/project_1_MICROB_CUSTOM_BOOT.runs/synth_1/.Xil/Vivado-55002-arjun-Aspire-A315-59/realtime/design_1_mico_cust_axi_gpio_1_0_stub.v:5]
INFO: [Synth 8-6155] done synthesizing module 'design_1_mico_cust_axi_gpio_1_0' (0#1) [/home/arjun/Vivado_PROJECTS/project_1_MICROB_CUSTOM_BOOT/project_1_MICROB_CUSTOM_BOOT.runs/synth_1/.Xil/Vivado-55002-arjun-Aspire-A315-59/realtime/design_1_mico_cust_axi_gpio_1_0_stub.v:5]
INFO: [Synth 8-6157] synthesizing module 'design_1_mico_cust_axi_quad_spi_0_0' [/home/arjun/Vivado_PROJECTS/project_1_MICROB_CUSTOM_BOOT/project_1_MICROB_CUSTOM_BOOT.runs/synth_1/.Xil/Vivado-55002-arjun-Aspire-A315-59/realtime/design_1_mico_cust_axi_quad_spi_0_0_stub.v:5]
INFO: [Synth 8-6155] done synthesizing module 'design_1_mico_cust_axi_quad_spi_0_0' (0#1) [/home/arjun/Vivado_PROJECTS/project_1_MICROB_CUSTOM_BOOT/project_1_MICROB_CUSTOM_BOOT.runs/synth_1/.Xil/Vivado-55002-arjun-Aspire-A315-59/realtime/design_1_mico_cust_axi_quad_spi_0_0_stub.v:5]
INFO: [Synth 8-6157] synthesizing module 'design_1_mico_cust_axi_uartlite_0_0' [/home/arjun/Vivado_PROJECTS/project_1_MICROB_CUSTOM_BOOT/project_1_MICROB_CUSTOM_BOOT.runs/synth_1/.Xil/Vivado-55002-arjun-Aspire-A315-59/realtime/design_1_mico_cust_axi_uartlite_0_0_stub.v:5]
INFO: [Synth 8-6155] done synthesizing module 'design_1_mico_cust_axi_uartlite_0_0' (0#1) [/home/arjun/Vivado_PROJECTS/project_1_MICROB_CUSTOM_BOOT/project_1_MICROB_CUSTOM_BOOT.runs/synth_1/.Xil/Vivado-55002-arjun-Aspire-A315-59/realtime/design_1_mico_cust_axi_uartlite_0_0_stub.v:5]
INFO: [Synth 8-6157] synthesizing module 'design_1_mico_cust_clk_wiz_1_0' [/home/arjun/Vivado_PROJECTS/project_1_MICROB_CUSTOM_BOOT/project_1_MICROB_CUSTOM_BOOT.runs/synth_1/.Xil/Vivado-55002-arjun-Aspire-A315-59/realtime/design_1_mico_cust_clk_wiz_1_0_stub.v:5]
INFO: [Synth 8-6155] done synthesizing module 'design_1_mico_cust_clk_wiz_1_0' (0#1) [/home/arjun/Vivado_PROJECTS/project_1_MICROB_CUSTOM_BOOT/project_1_MICROB_CUSTOM_BOOT.runs/synth_1/.Xil/Vivado-55002-arjun-Aspire-A315-59/realtime/design_1_mico_cust_clk_wiz_1_0_stub.v:5]
INFO: [Synth 8-6157] synthesizing module 'design_1_mico_cust_mdm_1_0' [/home/arjun/Vivado_PROJECTS/project_1_MICROB_CUSTOM_BOOT/project_1_MICROB_CUSTOM_BOOT.runs/synth_1/.Xil/Vivado-55002-arjun-Aspire-A315-59/realtime/design_1_mico_cust_mdm_1_0_stub.v:5]
INFO: [Synth 8-6155] done synthesizing module 'design_1_mico_cust_mdm_1_0' (0#1) [/home/arjun/Vivado_PROJECTS/project_1_MICROB_CUSTOM_BOOT/project_1_MICROB_CUSTOM_BOOT.runs/synth_1/.Xil/Vivado-55002-arjun-Aspire-A315-59/realtime/design_1_mico_cust_mdm_1_0_stub.v:5]
INFO: [Synth 8-6157] synthesizing module 'design_1_mico_cust_microblaze_0_0' [/home/arjun/Vivado_PROJECTS/project_1_MICROB_CUSTOM_BOOT/project_1_MICROB_CUSTOM_BOOT.runs/synth_1/.Xil/Vivado-55002-arjun-Aspire-A315-59/realtime/design_1_mico_cust_microblaze_0_0_stub.v:5]
INFO: [Synth 8-6155] done synthesizing module 'design_1_mico_cust_microblaze_0_0' (0#1) [/home/arjun/Vivado_PROJECTS/project_1_MICROB_CUSTOM_BOOT/project_1_MICROB_CUSTOM_BOOT.runs/synth_1/.Xil/Vivado-55002-arjun-Aspire-A315-59/realtime/design_1_mico_cust_microblaze_0_0_stub.v:5]
INFO: [Synth 8-6157] synthesizing module 'design_1_mico_cust_microblaze_0_axi_intc_0' [/home/arjun/Vivado_PROJECTS/project_1_MICROB_CUSTOM_BOOT/project_1_MICROB_CUSTOM_BOOT.runs/synth_1/.Xil/Vivado-55002-arjun-Aspire-A315-59/realtime/design_1_mico_cust_microblaze_0_axi_intc_0_stub.v:5]
INFO: [Synth 8-6155] done synthesizing module 'design_1_mico_cust_microblaze_0_axi_intc_0' (0#1) [/home/arjun/Vivado_PROJECTS/project_1_MICROB_CUSTOM_BOOT/project_1_MICROB_CUSTOM_BOOT.runs/synth_1/.Xil/Vivado-55002-arjun-Aspire-A315-59/realtime/design_1_mico_cust_microblaze_0_axi_intc_0_stub.v:5]
INFO: [Synth 8-6157] synthesizing module 'design_1_mico_cust_microblaze_0_axi_periph_0' [/home/arjun/Vivado_PROJECTS/project_1_MICROB_CUSTOM_BOOT/project_1_MICROB_CUSTOM_BOOT.gen/sources_1/bd/design_1_mico_cust/synth/design_1_mico_cust.v:630]
INFO: [Synth 8-6157] synthesizing module 'm00_couplers_imp_KLK0MB' [/home/arjun/Vivado_PROJECTS/project_1_MICROB_CUSTOM_BOOT/project_1_MICROB_CUSTOM_BOOT.gen/sources_1/bd/design_1_mico_cust/synth/design_1_mico_cust.v:1464]
INFO: [Synth 8-6155] done synthesizing module 'm00_couplers_imp_KLK0MB' (0#1) [/home/arjun/Vivado_PROJECTS/project_1_MICROB_CUSTOM_BOOT/project_1_MICROB_CUSTOM_BOOT.gen/sources_1/bd/design_1_mico_cust/synth/design_1_mico_cust.v:1464]
INFO: [Synth 8-6157] synthesizing module 'm01_couplers_imp_KYHLBY' [/home/arjun/Vivado_PROJECTS/project_1_MICROB_CUSTOM_BOOT/project_1_MICROB_CUSTOM_BOOT.gen/sources_1/bd/design_1_mico_cust/synth/design_1_mico_cust.v:1596]
INFO: [Synth 8-6155] done synthesizing module 'm01_couplers_imp_KYHLBY' (0#1) [/home/arjun/Vivado_PROJECTS/project_1_MICROB_CUSTOM_BOOT/project_1_MICROB_CUSTOM_BOOT.gen/sources_1/bd/design_1_mico_cust/synth/design_1_mico_cust.v:1596]
INFO: [Synth 8-6157] synthesizing module 'm02_couplers_imp_KCK7IX' [/home/arjun/Vivado_PROJECTS/project_1_MICROB_CUSTOM_BOOT/project_1_MICROB_CUSTOM_BOOT.gen/sources_1/bd/design_1_mico_cust/synth/design_1_mico_cust.v:1728]
INFO: [Synth 8-6155] done synthesizing module 'm02_couplers_imp_KCK7IX' (0#1) [/home/arjun/Vivado_PROJECTS/project_1_MICROB_CUSTOM_BOOT/project_1_MICROB_CUSTOM_BOOT.gen/sources_1/bd/design_1_mico_cust/synth/design_1_mico_cust.v:1728]
INFO: [Synth 8-6157] synthesizing module 'm03_couplers_imp_K81ZIC' [/home/arjun/Vivado_PROJECTS/project_1_MICROB_CUSTOM_BOOT/project_1_MICROB_CUSTOM_BOOT.gen/sources_1/bd/design_1_mico_cust/synth/design_1_mico_cust.v:1860]
INFO: [Synth 8-6155] done synthesizing module 'm03_couplers_imp_K81ZIC' (0#1) [/home/arjun/Vivado_PROJECTS/project_1_MICROB_CUSTOM_BOOT/project_1_MICROB_CUSTOM_BOOT.gen/sources_1/bd/design_1_mico_cust/synth/design_1_mico_cust.v:1860]
INFO: [Synth 8-6157] synthesizing module 'm04_couplers_imp_LCAT07' [/home/arjun/Vivado_PROJECTS/project_1_MICROB_CUSTOM_BOOT/project_1_MICROB_CUSTOM_BOOT.gen/sources_1/bd/design_1_mico_cust/synth/design_1_mico_cust.v:1992]
INFO: [Synth 8-6155] done synthesizing module 'm04_couplers_imp_LCAT07' (0#1) [/home/arjun/Vivado_PROJECTS/project_1_MICROB_CUSTOM_BOOT/project_1_MICROB_CUSTOM_BOOT.gen/sources_1/bd/design_1_mico_cust/synth/design_1_mico_cust.v:1992]
INFO: [Synth 8-6157] synthesizing module 's00_couplers_imp_12TDH5C' [/home/arjun/Vivado_PROJECTS/project_1_MICROB_CUSTOM_BOOT/project_1_MICROB_CUSTOM_BOOT.gen/sources_1/bd/design_1_mico_cust/synth/design_1_mico_cust.v:2358]
INFO: [Synth 8-6155] done synthesizing module 's00_couplers_imp_12TDH5C' (0#1) [/home/arjun/Vivado_PROJECTS/project_1_MICROB_CUSTOM_BOOT/project_1_MICROB_CUSTOM_BOOT.gen/sources_1/bd/design_1_mico_cust/synth/design_1_mico_cust.v:2358]
INFO: [Synth 8-6157] synthesizing module 'design_1_mico_cust_xbar_0' [/home/arjun/Vivado_PROJECTS/project_1_MICROB_CUSTOM_BOOT/project_1_MICROB_CUSTOM_BOOT.runs/synth_1/.Xil/Vivado-55002-arjun-Aspire-A315-59/realtime/design_1_mico_cust_xbar_0_stub.v:5]
INFO: [Synth 8-6155] done synthesizing module 'design_1_mico_cust_xbar_0' (0#1) [/home/arjun/Vivado_PROJECTS/project_1_MICROB_CUSTOM_BOOT/project_1_MICROB_CUSTOM_BOOT.runs/synth_1/.Xil/Vivado-55002-arjun-Aspire-A315-59/realtime/design_1_mico_cust_xbar_0_stub.v:5]
WARNING: [Synth 8-7071] port 'm_axi_awprot' of module 'design_1_mico_cust_xbar_0' is unconnected for instance 'xbar' [/home/arjun/Vivado_PROJECTS/project_1_MICROB_CUSTOM_BOOT/project_1_MICROB_CUSTOM_BOOT.gen/sources_1/bd/design_1_mico_cust/synth/design_1_mico_cust.v:1423]
WARNING: [Synth 8-7071] port 'm_axi_arprot' of module 'design_1_mico_cust_xbar_0' is unconnected for instance 'xbar' [/home/arjun/Vivado_PROJECTS/project_1_MICROB_CUSTOM_BOOT/project_1_MICROB_CUSTOM_BOOT.gen/sources_1/bd/design_1_mico_cust/synth/design_1_mico_cust.v:1423]
WARNING: [Synth 8-7023] instance 'xbar' of module 'design_1_mico_cust_xbar_0' has 40 connections declared, but only 38 given [/home/arjun/Vivado_PROJECTS/project_1_MICROB_CUSTOM_BOOT/project_1_MICROB_CUSTOM_BOOT.gen/sources_1/bd/design_1_mico_cust/synth/design_1_mico_cust.v:1423]
INFO: [Synth 8-6155] done synthesizing module 'design_1_mico_cust_microblaze_0_axi_periph_0' (0#1) [/home/arjun/Vivado_PROJECTS/project_1_MICROB_CUSTOM_BOOT/project_1_MICROB_CUSTOM_BOOT.gen/sources_1/bd/design_1_mico_cust/synth/design_1_mico_cust.v:630]
INFO: [Synth 8-6157] synthesizing module 'microblaze_0_local_memory_imp_KMVOD' [/home/arjun/Vivado_PROJECTS/project_1_MICROB_CUSTOM_BOOT/project_1_MICROB_CUSTOM_BOOT.gen/sources_1/bd/design_1_mico_cust/synth/design_1_mico_cust.v:2124]
INFO: [Synth 8-6157] synthesizing module 'design_1_mico_cust_dlmb_bram_if_cntlr_0' [/home/arjun/Vivado_PROJECTS/project_1_MICROB_CUSTOM_BOOT/project_1_MICROB_CUSTOM_BOOT.runs/synth_1/.Xil/Vivado-55002-arjun-Aspire-A315-59/realtime/design_1_mico_cust_dlmb_bram_if_cntlr_0_stub.v:5]
INFO: [Synth 8-6155] done synthesizing module 'design_1_mico_cust_dlmb_bram_if_cntlr_0' (0#1) [/home/arjun/Vivado_PROJECTS/project_1_MICROB_CUSTOM_BOOT/project_1_MICROB_CUSTOM_BOOT.runs/synth_1/.Xil/Vivado-55002-arjun-Aspire-A315-59/realtime/design_1_mico_cust_dlmb_bram_if_cntlr_0_stub.v:5]
INFO: [Synth 8-6157] synthesizing module 'design_1_mico_cust_dlmb_v10_0' [/home/arjun/Vivado_PROJECTS/project_1_MICROB_CUSTOM_BOOT/project_1_MICROB_CUSTOM_BOOT.runs/synth_1/.Xil/Vivado-55002-arjun-Aspire-A315-59/realtime/design_1_mico_cust_dlmb_v10_0_stub.v:5]
INFO: [Synth 8-6155] done synthesizing module 'design_1_mico_cust_dlmb_v10_0' (0#1) [/home/arjun/Vivado_PROJECTS/project_1_MICROB_CUSTOM_BOOT/project_1_MICROB_CUSTOM_BOOT.runs/synth_1/.Xil/Vivado-55002-arjun-Aspire-A315-59/realtime/design_1_mico_cust_dlmb_v10_0_stub.v:5]
WARNING: [Synth 8-7071] port 'LMB_Rst' of module 'design_1_mico_cust_dlmb_v10_0' is unconnected for instance 'dlmb_v10' [/home/arjun/Vivado_PROJECTS/project_1_MICROB_CUSTOM_BOOT/project_1_MICROB_CUSTOM_BOOT.gen/sources_1/bd/design_1_mico_cust/synth/design_1_mico_cust.v:2270]
WARNING: [Synth 8-7023] instance 'dlmb_v10' of module 'design_1_mico_cust_dlmb_v10_0' has 25 connections declared, but only 24 given [/home/arjun/Vivado_PROJECTS/project_1_MICROB_CUSTOM_BOOT/project_1_MICROB_CUSTOM_BOOT.gen/sources_1/bd/design_1_mico_cust/synth/design_1_mico_cust.v:2270]
INFO: [Synth 8-6157] synthesizing module 'design_1_mico_cust_ilmb_bram_if_cntlr_0' [/home/arjun/Vivado_PROJECTS/project_1_MICROB_CUSTOM_BOOT/project_1_MICROB_CUSTOM_BOOT.runs/synth_1/.Xil/Vivado-55002-arjun-Aspire-A315-59/realtime/design_1_mico_cust_ilmb_bram_if_cntlr_0_stub.v:5]
INFO: [Synth 8-6155] done synthesizing module 'design_1_mico_cust_ilmb_bram_if_cntlr_0' (0#1) [/home/arjun/Vivado_PROJECTS/project_1_MICROB_CUSTOM_BOOT/project_1_MICROB_CUSTOM_BOOT.runs/synth_1/.Xil/Vivado-55002-arjun-Aspire-A315-59/realtime/design_1_mico_cust_ilmb_bram_if_cntlr_0_stub.v:5]
INFO: [Synth 8-6157] synthesizing module 'design_1_mico_cust_ilmb_v10_0' [/home/arjun/Vivado_PROJECTS/project_1_MICROB_CUSTOM_BOOT/project_1_MICROB_CUSTOM_BOOT.runs/synth_1/.Xil/Vivado-55002-arjun-Aspire-A315-59/realtime/design_1_mico_cust_ilmb_v10_0_stub.v:5]
INFO: [Synth 8-6155] done synthesizing module 'design_1_mico_cust_ilmb_v10_0' (0#1) [/home/arjun/Vivado_PROJECTS/project_1_MICROB_CUSTOM_BOOT/project_1_MICROB_CUSTOM_BOOT.runs/synth_1/.Xil/Vivado-55002-arjun-Aspire-A315-59/realtime/design_1_mico_cust_ilmb_v10_0_stub.v:5]
WARNING: [Synth 8-7071] port 'LMB_Rst' of module 'design_1_mico_cust_ilmb_v10_0' is unconnected for instance 'ilmb_v10' [/home/arjun/Vivado_PROJECTS/project_1_MICROB_CUSTOM_BOOT/project_1_MICROB_CUSTOM_BOOT.gen/sources_1/bd/design_1_mico_cust/synth/design_1_mico_cust.v:2316]
WARNING: [Synth 8-7023] instance 'ilmb_v10' of module 'design_1_mico_cust_ilmb_v10_0' has 25 connections declared, but only 24 given [/home/arjun/Vivado_PROJECTS/project_1_MICROB_CUSTOM_BOOT/project_1_MICROB_CUSTOM_BOOT.gen/sources_1/bd/design_1_mico_cust/synth/design_1_mico_cust.v:2316]
INFO: [Synth 8-6157] synthesizing module 'design_1_mico_cust_lmb_bram_0' [/home/arjun/Vivado_PROJECTS/project_1_MICROB_CUSTOM_BOOT/project_1_MICROB_CUSTOM_BOOT.runs/synth_1/.Xil/Vivado-55002-arjun-Aspire-A315-59/realtime/design_1_mico_cust_lmb_bram_0_stub.v:5]
INFO: [Synth 8-6155] done synthesizing module 'design_1_mico_cust_lmb_bram_0' (0#1) [/home/arjun/Vivado_PROJECTS/project_1_MICROB_CUSTOM_BOOT/project_1_MICROB_CUSTOM_BOOT.runs/synth_1/.Xil/Vivado-55002-arjun-Aspire-A315-59/realtime/design_1_mico_cust_lmb_bram_0_stub.v:5]
WARNING: [Synth 8-7071] port 'rsta_busy' of module 'design_1_mico_cust_lmb_bram_0' is unconnected for instance 'lmb_bram' [/home/arjun/Vivado_PROJECTS/project_1_MICROB_CUSTOM_BOOT/project_1_MICROB_CUSTOM_BOOT.gen/sources_1/bd/design_1_mico_cust/synth/design_1_mico_cust.v:2341]
WARNING: [Synth 8-7071] port 'rstb_busy' of module 'design_1_mico_cust_lmb_bram_0' is unconnected for instance 'lmb_bram' [/home/arjun/Vivado_PROJECTS/project_1_MICROB_CUSTOM_BOOT/project_1_MICROB_CUSTOM_BOOT.gen/sources_1/bd/design_1_mico_cust/synth/design_1_mico_cust.v:2341]
WARNING: [Synth 8-7023] instance 'lmb_bram' of module 'design_1_mico_cust_lmb_bram_0' has 16 connections declared, but only 14 given [/home/arjun/Vivado_PROJECTS/project_1_MICROB_CUSTOM_BOOT/project_1_MICROB_CUSTOM_BOOT.gen/sources_1/bd/design_1_mico_cust/synth/design_1_mico_cust.v:2341]
INFO: [Synth 8-6155] done synthesizing module 'microblaze_0_local_memory_imp_KMVOD' (0#1) [/home/arjun/Vivado_PROJECTS/project_1_MICROB_CUSTOM_BOOT/project_1_MICROB_CUSTOM_BOOT.gen/sources_1/bd/design_1_mico_cust/synth/design_1_mico_cust.v:2124]
INFO: [Synth 8-6157] synthesizing module 'design_1_mico_cust_microblaze_0_xlconcat_0' [/home/arjun/Vivado_PROJECTS/project_1_MICROB_CUSTOM_BOOT/project_1_MICROB_CUSTOM_BOOT.gen/sources_1/bd/design_1_mico_cust/ip/design_1_mico_cust_microblaze_0_xlconcat_0/synth/design_1_mico_cust_microblaze_0_xlconcat_0.v:53]
INFO: [Synth 8-6157] synthesizing module 'xlconcat_v2_1_4_xlconcat' [/home/arjun/Vivado_PROJECTS/project_1_MICROB_CUSTOM_BOOT/project_1_MICROB_CUSTOM_BOOT.gen/sources_1/bd/design_1_mico_cust/ipshared/4b67/hdl/xlconcat_v2_1_vl_rfs.v:14]
INFO: [Synth 8-6155] done synthesizing module 'xlconcat_v2_1_4_xlconcat' (0#1) [/home/arjun/Vivado_PROJECTS/project_1_MICROB_CUSTOM_BOOT/project_1_MICROB_CUSTOM_BOOT.gen/sources_1/bd/design_1_mico_cust/ipshared/4b67/hdl/xlconcat_v2_1_vl_rfs.v:14]
INFO: [Synth 8-6155] done synthesizing module 'design_1_mico_cust_microblaze_0_xlconcat_0' (0#1) [/home/arjun/Vivado_PROJECTS/project_1_MICROB_CUSTOM_BOOT/project_1_MICROB_CUSTOM_BOOT.gen/sources_1/bd/design_1_mico_cust/ip/design_1_mico_cust_microblaze_0_xlconcat_0/synth/design_1_mico_cust_microblaze_0_xlconcat_0.v:53]
INFO: [Synth 8-6157] synthesizing module 'design_1_mico_cust_rst_clk_wiz_1_100M_0' [/home/arjun/Vivado_PROJECTS/project_1_MICROB_CUSTOM_BOOT/project_1_MICROB_CUSTOM_BOOT.runs/synth_1/.Xil/Vivado-55002-arjun-Aspire-A315-59/realtime/design_1_mico_cust_rst_clk_wiz_1_100M_0_stub.v:5]
INFO: [Synth 8-6155] done synthesizing module 'design_1_mico_cust_rst_clk_wiz_1_100M_0' (0#1) [/home/arjun/Vivado_PROJECTS/project_1_MICROB_CUSTOM_BOOT/project_1_MICROB_CUSTOM_BOOT.runs/synth_1/.Xil/Vivado-55002-arjun-Aspire-A315-59/realtime/design_1_mico_cust_rst_clk_wiz_1_100M_0_stub.v:5]
WARNING: [Synth 8-7071] port 'peripheral_reset' of module 'design_1_mico_cust_rst_clk_wiz_1_100M_0' is unconnected for instance 'rst_clk_wiz_1_100M' [/home/arjun/Vivado_PROJECTS/project_1_MICROB_CUSTOM_BOOT/project_1_MICROB_CUSTOM_BOOT.gen/sources_1/bd/design_1_mico_cust/synth/design_1_mico_cust.v:619]
WARNING: [Synth 8-7071] port 'interconnect_aresetn' of module 'design_1_mico_cust_rst_clk_wiz_1_100M_0' is unconnected for instance 'rst_clk_wiz_1_100M' [/home/arjun/Vivado_PROJECTS/project_1_MICROB_CUSTOM_BOOT/project_1_MICROB_CUSTOM_BOOT.gen/sources_1/bd/design_1_mico_cust/synth/design_1_mico_cust.v:619]
WARNING: [Synth 8-7023] instance 'rst_clk_wiz_1_100M' of module 'design_1_mico_cust_rst_clk_wiz_1_100M_0' has 10 connections declared, but only 8 given [/home/arjun/Vivado_PROJECTS/project_1_MICROB_CUSTOM_BOOT/project_1_MICROB_CUSTOM_BOOT.gen/sources_1/bd/design_1_mico_cust/synth/design_1_mico_cust.v:619]
INFO: [Synth 8-6155] done synthesizing module 'design_1_mico_cust' (0#1) [/home/arjun/Vivado_PROJECTS/project_1_MICROB_CUSTOM_BOOT/project_1_MICROB_CUSTOM_BOOT.gen/sources_1/bd/design_1_mico_cust/synth/design_1_mico_cust.v:12]
INFO: [Synth 8-6157] synthesizing module 'IOBUF' [/home/arjun/tool/Vivado/2022.1/scripts/rt/data/unisim_comp.v:59734]
INFO: [Synth 8-6155] done synthesizing module 'IOBUF' (0#1) [/home/arjun/tool/Vivado/2022.1/scripts/rt/data/unisim_comp.v:59734]
INFO: [Synth 8-6155] done synthesizing module 'design_1_mico_cust_wrapper' (0#1) [/home/arjun/Vivado_PROJECTS/project_1_MICROB_CUSTOM_BOOT/project_1_MICROB_CUSTOM_BOOT.gen/sources_1/bd/design_1_mico_cust/hdl/design_1_mico_cust_wrapper.v:12]
WARNING: [Synth 8-7129] Port In4[0] in module xlconcat_v2_1_4_xlconcat is either unconnected or has no load
WARNING: [Synth 8-7129] Port In5[0] in module xlconcat_v2_1_4_xlconcat is either unconnected or has no load
WARNING: [Synth 8-7129] Port In6[0] in module xlconcat_v2_1_4_xlconcat is either unconnected or has no load
WARNING: [Synth 8-7129] Port In7[0] in module xlconcat_v2_1_4_xlconcat is either unconnected or has no load
WARNING: [Synth 8-7129] Port In8[0] in module xlconcat_v2_1_4_xlconcat is either unconnected or has no load
WARNING: [Synth 8-7129] Port In9[0] in module xlconcat_v2_1_4_xlconcat is either unconnected or has no load
WARNING: [Synth 8-7129] Port In10[0] in module xlconcat_v2_1_4_xlconcat is either unconnected or has no load
WARNING: [Synth 8-7129] Port In11[0] in module xlconcat_v2_1_4_xlconcat is either unconnected or has no load
WARNING: [Synth 8-7129] Port In12[0] in module xlconcat_v2_1_4_xlconcat is either unconnected or has no load
WARNING: [Synth 8-7129] Port In13[0] in module xlconcat_v2_1_4_xlconcat is either unconnected or has no load
WARNING: [Synth 8-7129] Port In14[0] in module xlconcat_v2_1_4_xlconcat is either unconnected or has no load
WARNING: [Synth 8-7129] Port In15[0] in module xlconcat_v2_1_4_xlconcat is either unconnected or has no load
WARNING: [Synth 8-7129] Port In16[0] in module xlconcat_v2_1_4_xlconcat is either unconnected or has no load
WARNING: [Synth 8-7129] Port In17[0] in module xlconcat_v2_1_4_xlconcat is either unconnected or has no load
WARNING: [Synth 8-7129] Port In18[0] in module xlconcat_v2_1_4_xlconcat is either unconnected or has no load
WARNING: [Synth 8-7129] Port In19[0] in module xlconcat_v2_1_4_xlconcat is either unconnected or has no load
WARNING: [Synth 8-7129] Port In20[0] in module xlconcat_v2_1_4_xlconcat is either unconnected or has no load
WARNING: [Synth 8-7129] Port In21[0] in module xlconcat_v2_1_4_xlconcat is either unconnected or has no load
WARNING: [Synth 8-7129] Port In22[0] in module xlconcat_v2_1_4_xlconcat is either unconnected or has no load
WARNING: [Synth 8-7129] Port In23[0] in module xlconcat_v2_1_4_xlconcat is either unconnected or has no load
WARNING: [Synth 8-7129] Port In24[0] in module xlconcat_v2_1_4_xlconcat is either unconnected or has no load
WARNING: [Synth 8-7129] Port In25[0] in module xlconcat_v2_1_4_xlconcat is either unconnected or has no load
WARNING: [Synth 8-7129] Port In26[0] in module xlconcat_v2_1_4_xlconcat is either unconnected or has no load
WARNING: [Synth 8-7129] Port In27[0] in module xlconcat_v2_1_4_xlconcat is either unconnected or has no load
WARNING: [Synth 8-7129] Port In28[0] in module xlconcat_v2_1_4_xlconcat is either unconnected or has no load
WARNING: [Synth 8-7129] Port In29[0] in module xlconcat_v2_1_4_xlconcat is either unconnected or has no load
WARNING: [Synth 8-7129] Port In30[0] in module xlconcat_v2_1_4_xlconcat is either unconnected or has no load
WARNING: [Synth 8-7129] Port In31[0] in module xlconcat_v2_1_4_xlconcat is either unconnected or has no load
WARNING: [Synth 8-7129] Port In32[0] in module xlconcat_v2_1_4_xlconcat is either unconnected or has no load
WARNING: [Synth 8-7129] Port In33[0] in module xlconcat_v2_1_4_xlconcat is either unconnected or has no load
WARNING: [Synth 8-7129] Port In34[0] in module xlconcat_v2_1_4_xlconcat is either unconnected or has no load
WARNING: [Synth 8-7129] Port In35[0] in module xlconcat_v2_1_4_xlconcat is either unconnected or has no load
WARNING: [Synth 8-7129] Port In36[0] in module xlconcat_v2_1_4_xlconcat is either unconnected or has no load
WARNING: [Synth 8-7129] Port In37[0] in module xlconcat_v2_1_4_xlconcat is either unconnected or has no load
WARNING: [Synth 8-7129] Port In38[0] in module xlconcat_v2_1_4_xlconcat is either unconnected or has no load
WARNING: [Synth 8-7129] Port In39[0] in module xlconcat_v2_1_4_xlconcat is either unconnected or has no load
WARNING: [Synth 8-7129] Port In40[0] in module xlconcat_v2_1_4_xlconcat is either unconnected or has no load
WARNING: [Synth 8-7129] Port In41[0] in module xlconcat_v2_1_4_xlconcat is either unconnected or has no load
WARNING: [Synth 8-7129] Port In42[0] in module xlconcat_v2_1_4_xlconcat is either unconnected or has no load
WARNING: [Synth 8-7129] Port In43[0] in module xlconcat_v2_1_4_xlconcat is either unconnected or has no load
WARNING: [Synth 8-7129] Port In44[0] in module xlconcat_v2_1_4_xlconcat is either unconnected or has no load
WARNING: [Synth 8-7129] Port In45[0] in module xlconcat_v2_1_4_xlconcat is either unconnected or has no load
WARNING: [Synth 8-7129] Port In46[0] in module xlconcat_v2_1_4_xlconcat is either unconnected or has no load
WARNING: [Synth 8-7129] Port In47[0] in module xlconcat_v2_1_4_xlconcat is either unconnected or has no load
WARNING: [Synth 8-7129] Port In48[0] in module xlconcat_v2_1_4_xlconcat is either unconnected or has no load
WARNING: [Synth 8-7129] Port In49[0] in module xlconcat_v2_1_4_xlconcat is either unconnected or has no load
WARNING: [Synth 8-7129] Port In50[0] in module xlconcat_v2_1_4_xlconcat is either unconnected or has no load
WARNING: [Synth 8-7129] Port In51[0] in module xlconcat_v2_1_4_xlconcat is either unconnected or has no load
WARNING: [Synth 8-7129] Port In52[0] in module xlconcat_v2_1_4_xlconcat is either unconnected or has no load
WARNING: [Synth 8-7129] Port In53[0] in module xlconcat_v2_1_4_xlconcat is either unconnected or has no load
WARNING: [Synth 8-7129] Port In54[0] in module xlconcat_v2_1_4_xlconcat is either unconnected or has no load
WARNING: [Synth 8-7129] Port In55[0] in module xlconcat_v2_1_4_xlconcat is either unconnected or has no load
WARNING: [Synth 8-7129] Port In56[0] in module xlconcat_v2_1_4_xlconcat is either unconnected or has no load
WARNING: [Synth 8-7129] Port In57[0] in module xlconcat_v2_1_4_xlconcat is either unconnected or has no load
WARNING: [Synth 8-7129] Port In58[0] in module xlconcat_v2_1_4_xlconcat is either unconnected or has no load
WARNING: [Synth 8-7129] Port In59[0] in module xlconcat_v2_1_4_xlconcat is either unconnected or has no load
WARNING: [Synth 8-7129] Port In60[0] in module xlconcat_v2_1_4_xlconcat is either unconnected or has no load
WARNING: [Synth 8-7129] Port In61[0] in module xlconcat_v2_1_4_xlconcat is either unconnected or has no load
WARNING: [Synth 8-7129] Port In62[0] in module xlconcat_v2_1_4_xlconcat is either unconnected or has no load
WARNING: [Synth 8-7129] Port In63[0] in module xlconcat_v2_1_4_xlconcat is either unconnected or has no load
WARNING: [Synth 8-7129] Port In64[0] in module xlconcat_v2_1_4_xlconcat is either unconnected or has no load
WARNING: [Synth 8-7129] Port In65[0] in module xlconcat_v2_1_4_xlconcat is either unconnected or has no load
WARNING: [Synth 8-7129] Port In66[0] in module xlconcat_v2_1_4_xlconcat is either unconnected or has no load
WARNING: [Synth 8-7129] Port In67[0] in module xlconcat_v2_1_4_xlconcat is either unconnected or has no load
WARNING: [Synth 8-7129] Port In68[0] in module xlconcat_v2_1_4_xlconcat is either unconnected or has no load
WARNING: [Synth 8-7129] Port In69[0] in module xlconcat_v2_1_4_xlconcat is either unconnected or has no load
WARNING: [Synth 8-7129] Port In70[0] in module xlconcat_v2_1_4_xlconcat is either unconnected or has no load
WARNING: [Synth 8-7129] Port In71[0] in module xlconcat_v2_1_4_xlconcat is either unconnected or has no load
WARNING: [Synth 8-7129] Port In72[0] in module xlconcat_v2_1_4_xlconcat is either unconnected or has no load
WARNING: [Synth 8-7129] Port In73[0] in module xlconcat_v2_1_4_xlconcat is either unconnected or has no load
WARNING: [Synth 8-7129] Port In74[0] in module xlconcat_v2_1_4_xlconcat is either unconnected or has no load
WARNING: [Synth 8-7129] Port In75[0] in module xlconcat_v2_1_4_xlconcat is either unconnected or has no load
WARNING: [Synth 8-7129] Port In76[0] in module xlconcat_v2_1_4_xlconcat is either unconnected or has no load
WARNING: [Synth 8-7129] Port In77[0] in module xlconcat_v2_1_4_xlconcat is either unconnected or has no load
WARNING: [Synth 8-7129] Port In78[0] in module xlconcat_v2_1_4_xlconcat is either unconnected or has no load
WARNING: [Synth 8-7129] Port In79[0] in module xlconcat_v2_1_4_xlconcat is either unconnected or has no load
WARNING: [Synth 8-7129] Port In80[0] in module xlconcat_v2_1_4_xlconcat is either unconnected or has no load
WARNING: [Synth 8-7129] Port In81[0] in module xlconcat_v2_1_4_xlconcat is either unconnected or has no load
WARNING: [Synth 8-7129] Port In82[0] in module xlconcat_v2_1_4_xlconcat is either unconnected or has no load
WARNING: [Synth 8-7129] Port In83[0] in module xlconcat_v2_1_4_xlconcat is either unconnected or has no load
WARNING: [Synth 8-7129] Port In84[0] in module xlconcat_v2_1_4_xlconcat is either unconnected or has no load
WARNING: [Synth 8-7129] Port In85[0] in module xlconcat_v2_1_4_xlconcat is either unconnected or has no load
WARNING: [Synth 8-7129] Port In86[0] in module xlconcat_v2_1_4_xlconcat is either unconnected or has no load
WARNING: [Synth 8-7129] Port In87[0] in module xlconcat_v2_1_4_xlconcat is either unconnected or has no load
WARNING: [Synth 8-7129] Port In88[0] in module xlconcat_v2_1_4_xlconcat is either unconnected or has no load
WARNING: [Synth 8-7129] Port In89[0] in module xlconcat_v2_1_4_xlconcat is either unconnected or has no load
WARNING: [Synth 8-7129] Port In90[0] in module xlconcat_v2_1_4_xlconcat is either unconnected or has no load
WARNING: [Synth 8-7129] Port In91[0] in module xlconcat_v2_1_4_xlconcat is either unconnected or has no load
WARNING: [Synth 8-7129] Port In92[0] in module xlconcat_v2_1_4_xlconcat is either unconnected or has no load
WARNING: [Synth 8-7129] Port In93[0] in module xlconcat_v2_1_4_xlconcat is either unconnected or has no load
WARNING: [Synth 8-7129] Port In94[0] in module xlconcat_v2_1_4_xlconcat is either unconnected or has no load
WARNING: [Synth 8-7129] Port In95[0] in module xlconcat_v2_1_4_xlconcat is either unconnected or has no load
WARNING: [Synth 8-7129] Port In96[0] in module xlconcat_v2_1_4_xlconcat is either unconnected or has no load
WARNING: [Synth 8-7129] Port In97[0] in module xlconcat_v2_1_4_xlconcat is either unconnected or has no load
WARNING: [Synth 8-7129] Port In98[0] in module xlconcat_v2_1_4_xlconcat is either unconnected or has no load
WARNING: [Synth 8-7129] Port In99[0] in module xlconcat_v2_1_4_xlconcat is either unconnected or has no load
WARNING: [Synth 8-7129] Port In100[0] in module xlconcat_v2_1_4_xlconcat is either unconnected or has no load
WARNING: [Synth 8-7129] Port In101[0] in module xlconcat_v2_1_4_xlconcat is either unconnected or has no load
WARNING: [Synth 8-7129] Port In102[0] in module xlconcat_v2_1_4_xlconcat is either unconnected or has no load
WARNING: [Synth 8-7129] Port In103[0] in module xlconcat_v2_1_4_xlconcat is either unconnected or has no load
INFO: [Common 17-14] Message 'Synth 8-7129' appears 100 times and further instances of the messages will be disabled. Use the Tcl command set_msg_config to change the current settings.
---------------------------------------------------------------------------------
Finished RTL Elaboration : Time (s): cpu = 00:00:03 ; elapsed = 00:00:04 . Memory (MB): peak = 2873.254 ; gain = 0.000 ; free physical = 274 ; free virtual = 2118
---------------------------------------------------------------------------------
---------------------------------------------------------------------------------
Start Handling Custom Attributes
---------------------------------------------------------------------------------
---------------------------------------------------------------------------------
Finished Handling Custom Attributes : Time (s): cpu = 00:00:03 ; elapsed = 00:00:04 . Memory (MB): peak = 2873.254 ; gain = 0.000 ; free physical = 270 ; free virtual = 2114
---------------------------------------------------------------------------------
---------------------------------------------------------------------------------
Finished RTL Optimization Phase 1 : Time (s): cpu = 00:00:03 ; elapsed = 00:00:04 . Memory (MB): peak = 2873.254 ; gain = 0.000 ; free physical = 270 ; free virtual = 2114
---------------------------------------------------------------------------------
Netlist sorting complete. Time (s): cpu = 00:00:00.01 ; elapsed = 00:00:00.01 . Memory (MB): peak = 2873.254 ; gain = 0.000 ; free physical = 410 ; free virtual = 2255
INFO: [Netlist 29-17] Analyzing 6 Unisim elements for replacement
INFO: [Netlist 29-28] Unisim Transformation completed in 0 CPU seconds
INFO: [Project 1-570] Preparing netlist for logic optimization

Processing XDC Constraints
Initializing timing engine
Parsing XDC File [/home/arjun/Vivado_PROJECTS/project_1_MICROB_CUSTOM_BOOT/project_1_MICROB_CUSTOM_BOOT.gen/sources_1/bd/design_1_mico_cust/ip/design_1_mico_cust_microblaze_0_0/design_1_mico_cust_microblaze_0_0/design_1_mico_cust_microblaze_0_0_in_context.xdc] for cell 'design_1_mico_cust_i/microblaze_0'
Finished Parsing XDC File [/home/arjun/Vivado_PROJECTS/project_1_MICROB_CUSTOM_BOOT/project_1_MICROB_CUSTOM_BOOT.gen/sources_1/bd/design_1_mico_cust/ip/design_1_mico_cust_microblaze_0_0/design_1_mico_cust_microblaze_0_0/design_1_mico_cust_microblaze_0_0_in_context.xdc] for cell 'design_1_mico_cust_i/microblaze_0'
Parsing XDC File [/home/arjun/Vivado_PROJECTS/project_1_MICROB_CUSTOM_BOOT/project_1_MICROB_CUSTOM_BOOT.gen/sources_1/bd/design_1_mico_cust/ip/design_1_mico_cust_dlmb_v10_0/design_1_mico_cust_dlmb_v10_0/design_1_mico_cust_dlmb_v10_0_in_context.xdc] for cell 'design_1_mico_cust_i/microblaze_0_local_memory/dlmb_v10'
Finished Parsing XDC File [/home/arjun/Vivado_PROJECTS/project_1_MICROB_CUSTOM_BOOT/project_1_MICROB_CUSTOM_BOOT.gen/sources_1/bd/design_1_mico_cust/ip/design_1_mico_cust_dlmb_v10_0/design_1_mico_cust_dlmb_v10_0/design_1_mico_cust_dlmb_v10_0_in_context.xdc] for cell 'design_1_mico_cust_i/microblaze_0_local_memory/dlmb_v10'
Parsing XDC File [/home/arjun/Vivado_PROJECTS/project_1_MICROB_CUSTOM_BOOT/project_1_MICROB_CUSTOM_BOOT.gen/sources_1/bd/design_1_mico_cust/ip/design_1_mico_cust_ilmb_v10_0/design_1_mico_cust_ilmb_v10_0/design_1_mico_cust_dlmb_v10_0_in_context.xdc] for cell 'design_1_mico_cust_i/microblaze_0_local_memory/ilmb_v10'
Finished Parsing XDC File [/home/arjun/Vivado_PROJECTS/project_1_MICROB_CUSTOM_BOOT/project_1_MICROB_CUSTOM_BOOT.gen/sources_1/bd/design_1_mico_cust/ip/design_1_mico_cust_ilmb_v10_0/design_1_mico_cust_ilmb_v10_0/design_1_mico_cust_dlmb_v10_0_in_context.xdc] for cell 'design_1_mico_cust_i/microblaze_0_local_memory/ilmb_v10'
Parsing XDC File [/home/arjun/Vivado_PROJECTS/project_1_MICROB_CUSTOM_BOOT/project_1_MICROB_CUSTOM_BOOT.gen/sources_1/bd/design_1_mico_cust/ip/design_1_mico_cust_dlmb_bram_if_cntlr_0/design_1_mico_cust_dlmb_bram_if_cntlr_0/design_1_mico_cust_dlmb_bram_if_cntlr_0_in_context.xdc] for cell 'design_1_mico_cust_i/microblaze_0_local_memory/dlmb_bram_if_cntlr'
Finished Parsing XDC File [/home/arjun/Vivado_PROJECTS/project_1_MICROB_CUSTOM_BOOT/project_1_MICROB_CUSTOM_BOOT.gen/sources_1/bd/design_1_mico_cust/ip/design_1_mico_cust_dlmb_bram_if_cntlr_0/design_1_mico_cust_dlmb_bram_if_cntlr_0/design_1_mico_cust_dlmb_bram_if_cntlr_0_in_context.xdc] for cell 'design_1_mico_cust_i/microblaze_0_local_memory/dlmb_bram_if_cntlr'
Parsing XDC File [/home/arjun/Vivado_PROJECTS/project_1_MICROB_CUSTOM_BOOT/project_1_MICROB_CUSTOM_BOOT.gen/sources_1/bd/design_1_mico_cust/ip/design_1_mico_cust_ilmb_bram_if_cntlr_0/design_1_mico_cust_ilmb_bram_if_cntlr_0/design_1_mico_cust_ilmb_bram_if_cntlr_0_in_context.xdc] for cell 'design_1_mico_cust_i/microblaze_0_local_memory/ilmb_bram_if_cntlr'
Finished Parsing XDC File [/home/arjun/Vivado_PROJECTS/project_1_MICROB_CUSTOM_BOOT/project_1_MICROB_CUSTOM_BOOT.gen/sources_1/bd/design_1_mico_cust/ip/design_1_mico_cust_ilmb_bram_if_cntlr_0/design_1_mico_cust_ilmb_bram_if_cntlr_0/design_1_mico_cust_ilmb_bram_if_cntlr_0_in_context.xdc] for cell 'design_1_mico_cust_i/microblaze_0_local_memory/ilmb_bram_if_cntlr'
Parsing XDC File [/home/arjun/Vivado_PROJECTS/project_1_MICROB_CUSTOM_BOOT/project_1_MICROB_CUSTOM_BOOT.gen/sources_1/bd/design_1_mico_cust/ip/design_1_mico_cust_lmb_bram_0/design_1_mico_cust_lmb_bram_0/design_1_mico_cust_lmb_bram_0_in_context.xdc] for cell 'design_1_mico_cust_i/microblaze_0_local_memory/lmb_bram'
Finished Parsing XDC File [/home/arjun/Vivado_PROJECTS/project_1_MICROB_CUSTOM_BOOT/project_1_MICROB_CUSTOM_BOOT.gen/sources_1/bd/design_1_mico_cust/ip/design_1_mico_cust_lmb_bram_0/design_1_mico_cust_lmb_bram_0/design_1_mico_cust_lmb_bram_0_in_context.xdc] for cell 'design_1_mico_cust_i/microblaze_0_local_memory/lmb_bram'
Parsing XDC File [/home/arjun/Vivado_PROJECTS/project_1_MICROB_CUSTOM_BOOT/project_1_MICROB_CUSTOM_BOOT.gen/sources_1/bd/design_1_mico_cust/ip/design_1_mico_cust_xbar_0/design_1_mico_cust_xbar_0/design_1_mico_cust_xbar_0_in_context.xdc] for cell 'design_1_mico_cust_i/microblaze_0_axi_periph/xbar'
Finished Parsing XDC File [/home/arjun/Vivado_PROJECTS/project_1_MICROB_CUSTOM_BOOT/project_1_MICROB_CUSTOM_BOOT.gen/sources_1/bd/design_1_mico_cust/ip/design_1_mico_cust_xbar_0/design_1_mico_cust_xbar_0/design_1_mico_cust_xbar_0_in_context.xdc] for cell 'design_1_mico_cust_i/microblaze_0_axi_periph/xbar'
Parsing XDC File [/home/arjun/Vivado_PROJECTS/project_1_MICROB_CUSTOM_BOOT/project_1_MICROB_CUSTOM_BOOT.gen/sources_1/bd/design_1_mico_cust/ip/design_1_mico_cust_microblaze_0_axi_intc_0/design_1_mico_cust_microblaze_0_axi_intc_0/design_1_mico_cust_microblaze_0_axi_intc_0_in_context.xdc] for cell 'design_1_mico_cust_i/microblaze_0_axi_intc'
Finished Parsing XDC File [/home/arjun/Vivado_PROJECTS/project_1_MICROB_CUSTOM_BOOT/project_1_MICROB_CUSTOM_BOOT.gen/sources_1/bd/design_1_mico_cust/ip/design_1_mico_cust_microblaze_0_axi_intc_0/design_1_mico_cust_microblaze_0_axi_intc_0/design_1_mico_cust_microblaze_0_axi_intc_0_in_context.xdc] for cell 'design_1_mico_cust_i/microblaze_0_axi_intc'
Parsing XDC File [/home/arjun/Vivado_PROJECTS/project_1_MICROB_CUSTOM_BOOT/project_1_MICROB_CUSTOM_BOOT.gen/sources_1/bd/design_1_mico_cust/ip/design_1_mico_cust_mdm_1_0/design_1_mico_cust_mdm_1_0/design_1_mico_cust_mdm_1_0_in_context.xdc] for cell 'design_1_mico_cust_i/mdm_1'
Finished Parsing XDC File [/home/arjun/Vivado_PROJECTS/project_1_MICROB_CUSTOM_BOOT/project_1_MICROB_CUSTOM_BOOT.gen/sources_1/bd/design_1_mico_cust/ip/design_1_mico_cust_mdm_1_0/design_1_mico_cust_mdm_1_0/design_1_mico_cust_mdm_1_0_in_context.xdc] for cell 'design_1_mico_cust_i/mdm_1'
Parsing XDC File [/home/arjun/Vivado_PROJECTS/project_1_MICROB_CUSTOM_BOOT/project_1_MICROB_CUSTOM_BOOT.gen/sources_1/bd/design_1_mico_cust/ip/design_1_mico_cust_clk_wiz_1_0/design_1_mico_cust_clk_wiz_1_0/design_1_mico_cust_clk_wiz_1_0_in_context.xdc] for cell 'design_1_mico_cust_i/clk_wiz_1'
Finished Parsing XDC File [/home/arjun/Vivado_PROJECTS/project_1_MICROB_CUSTOM_BOOT/project_1_MICROB_CUSTOM_BOOT.gen/sources_1/bd/design_1_mico_cust/ip/design_1_mico_cust_clk_wiz_1_0/design_1_mico_cust_clk_wiz_1_0/design_1_mico_cust_clk_wiz_1_0_in_context.xdc] for cell 'design_1_mico_cust_i/clk_wiz_1'
Parsing XDC File [/home/arjun/Vivado_PROJECTS/project_1_MICROB_CUSTOM_BOOT/project_1_MICROB_CUSTOM_BOOT.gen/sources_1/bd/design_1_mico_cust/ip/design_1_mico_cust_rst_clk_wiz_1_100M_0/design_1_mico_cust_rst_clk_wiz_1_100M_0/design_1_mico_cust_rst_clk_wiz_1_100M_0_in_context.xdc] for cell 'design_1_mico_cust_i/rst_clk_wiz_1_100M'
Finished Parsing XDC File [/home/arjun/Vivado_PROJECTS/project_1_MICROB_CUSTOM_BOOT/project_1_MICROB_CUSTOM_BOOT.gen/sources_1/bd/design_1_mico_cust/ip/design_1_mico_cust_rst_clk_wiz_1_100M_0/design_1_mico_cust_rst_clk_wiz_1_100M_0/design_1_mico_cust_rst_clk_wiz_1_100M_0_in_context.xdc] for cell 'design_1_mico_cust_i/rst_clk_wiz_1_100M'
Parsing XDC File [/home/arjun/Vivado_PROJECTS/project_1_MICROB_CUSTOM_BOOT/project_1_MICROB_CUSTOM_BOOT.gen/sources_1/bd/design_1_mico_cust/ip/design_1_mico_cust_axi_quad_spi_0_0/design_1_mico_cust_axi_quad_spi_0_0/design_1_mico_cust_axi_quad_spi_0_0_in_context.xdc] for cell 'design_1_mico_cust_i/axi_quad_spi_0'
Finished Parsing XDC File [/home/arjun/Vivado_PROJECTS/project_1_MICROB_CUSTOM_BOOT/project_1_MICROB_CUSTOM_BOOT.gen/sources_1/bd/design_1_mico_cust/ip/design_1_mico_cust_axi_quad_spi_0_0/design_1_mico_cust_axi_quad_spi_0_0/design_1_mico_cust_axi_quad_spi_0_0_in_context.xdc] for cell 'design_1_mico_cust_i/axi_quad_spi_0'
Parsing XDC File [/home/arjun/Vivado_PROJECTS/project_1_MICROB_CUSTOM_BOOT/project_1_MICROB_CUSTOM_BOOT.gen/sources_1/bd/design_1_mico_cust/ip/design_1_mico_cust_axi_uartlite_0_0/design_1_mico_cust_axi_uartlite_0_0/design_1_mico_cust_axi_uartlite_0_0_in_context.xdc] for cell 'design_1_mico_cust_i/axi_uartlite_0'
Finished Parsing XDC File [/home/arjun/Vivado_PROJECTS/project_1_MICROB_CUSTOM_BOOT/project_1_MICROB_CUSTOM_BOOT.gen/sources_1/bd/design_1_mico_cust/ip/design_1_mico_cust_axi_uartlite_0_0/design_1_mico_cust_axi_uartlite_0_0/design_1_mico_cust_axi_uartlite_0_0_in_context.xdc] for cell 'design_1_mico_cust_i/axi_uartlite_0'
Parsing XDC File [/home/arjun/Vivado_PROJECTS/project_1_MICROB_CUSTOM_BOOT/project_1_MICROB_CUSTOM_BOOT.gen/sources_1/bd/design_1_mico_cust/ip/design_1_mico_cust_axi_gpio_0_0/design_1_mico_cust_axi_gpio_0_0/design_1_mico_cust_axi_gpio_0_0_in_context.xdc] for cell 'design_1_mico_cust_i/axi_gpio_0'
Finished Parsing XDC File [/home/arjun/Vivado_PROJECTS/project_1_MICROB_CUSTOM_BOOT/project_1_MICROB_CUSTOM_BOOT.gen/sources_1/bd/design_1_mico_cust/ip/design_1_mico_cust_axi_gpio_0_0/design_1_mico_cust_axi_gpio_0_0/design_1_mico_cust_axi_gpio_0_0_in_context.xdc] for cell 'design_1_mico_cust_i/axi_gpio_0'
Parsing XDC File [/home/arjun/Vivado_PROJECTS/project_1_MICROB_CUSTOM_BOOT/project_1_MICROB_CUSTOM_BOOT.gen/sources_1/bd/design_1_mico_cust/ip/design_1_mico_cust_axi_gpio_1_0/design_1_mico_cust_axi_gpio_1_0/design_1_mico_cust_axi_gpio_1_0_in_context.xdc] for cell 'design_1_mico_cust_i/axi_gpio_1'
Finished Parsing XDC File [/home/arjun/Vivado_PROJECTS/project_1_MICROB_CUSTOM_BOOT/project_1_MICROB_CUSTOM_BOOT.gen/sources_1/bd/design_1_mico_cust/ip/design_1_mico_cust_axi_gpio_1_0/design_1_mico_cust_axi_gpio_1_0/design_1_mico_cust_axi_gpio_1_0_in_context.xdc] for cell 'design_1_mico_cust_i/axi_gpio_1'
Parsing XDC File [/home/arjun/Vivado_PROJECTS/project_1_MICROB_CUSTOM_BOOT/project_1_MICROB_CUSTOM_BOOT.runs/synth_1/dont_touch.xdc]
Finished Parsing XDC File [/home/arjun/Vivado_PROJECTS/project_1_MICROB_CUSTOM_BOOT/project_1_MICROB_CUSTOM_BOOT.runs/synth_1/dont_touch.xdc]
Completed Processing XDC Constraints

Netlist sorting complete. Time (s): cpu = 00:00:00 ; elapsed = 00:00:00 . Memory (MB): peak = 2937.285 ; gain = 0.000 ; free physical = 1190 ; free virtual = 3057
INFO: [Project 1-111] Unisim Transformation Summary:
  A total of 6 instances were transformed.
  IOBUF => IOBUF (IBUF, OBUFT): 6 instances

Constraint Validation Runtime : Time (s): cpu = 00:00:00 ; elapsed = 00:00:00 . Memory (MB): peak = 2937.285 ; gain = 0.000 ; free physical = 1190 ; free virtual = 3057
WARNING: [Timing 38-316] Clock period '20.000' specified during out-of-context synthesis of instance 'design_1_mico_cust_i/axi_quad_spi_0' at clock pin 'ext_spi_clk' is different from the actual clock period '10.000', this can lead to different synthesis results.
WARNING: [Timing 38-316] Clock period '20.000' specified during out-of-context synthesis of instance 'design_1_mico_cust_i/microblaze_0_local_memory/lmb_bram' at clock pin 'clka' is different from the actual clock period '10.000', this can lead to different synthesis results.
---------------------------------------------------------------------------------
Finished Constraint Validation : Time (s): cpu = 00:00:07 ; elapsed = 00:00:08 . Memory (MB): peak = 2937.285 ; gain = 64.031 ; free physical = 1205 ; free virtual = 3073
---------------------------------------------------------------------------------
---------------------------------------------------------------------------------
Start Loading Part and Timing Information
---------------------------------------------------------------------------------
Loading part: xc7a100tcsg324-1
---------------------------------------------------------------------------------
Finished Loading Part and Timing Information : Time (s): cpu = 00:00:07 ; elapsed = 00:00:08 . Memory (MB): peak = 2937.285 ; gain = 64.031 ; free physical = 1205 ; free virtual = 3073
---------------------------------------------------------------------------------
---------------------------------------------------------------------------------
Start Applying 'set_property' XDC Constraints
---------------------------------------------------------------------------------
Applied set_property IO_BUFFER_TYPE = NONE for sys_clock. (constraint file  /home/arjun/Vivado_PROJECTS/project_1_MICROB_CUSTOM_BOOT/project_1_MICROB_CUSTOM_BOOT.gen/sources_1/bd/design_1_mico_cust/ip/design_1_mico_cust_clk_wiz_1_0/design_1_mico_cust_clk_wiz_1_0/design_1_mico_cust_clk_wiz_1_0_in_context.xdc, line 3).
Applied set_property CLOCK_BUFFER_TYPE = NONE for sys_clock. (constraint file  /home/arjun/Vivado_PROJECTS/project_1_MICROB_CUSTOM_BOOT/project_1_MICROB_CUSTOM_BOOT.gen/sources_1/bd/design_1_mico_cust/ip/design_1_mico_cust_clk_wiz_1_0/design_1_mico_cust_clk_wiz_1_0/design_1_mico_cust_clk_wiz_1_0_in_context.xdc, line 4).
Applied set_property KEEP_HIERARCHY = SOFT for design_1_mico_cust_i. (constraint file  auto generated constraint).
Applied set_property KEEP_HIERARCHY = SOFT for design_1_mico_cust_i/microblaze_0. (constraint file  auto generated constraint).
Applied set_property KEEP_HIERARCHY = SOFT for design_1_mico_cust_i/microblaze_0_local_memory/dlmb_v10. (constraint file  auto generated constraint).
Applied set_property KEEP_HIERARCHY = SOFT for design_1_mico_cust_i/microblaze_0_local_memory/ilmb_v10. (constraint file  auto generated constraint).
Applied set_property KEEP_HIERARCHY = SOFT for design_1_mico_cust_i/microblaze_0_local_memory/dlmb_bram_if_cntlr. (constraint file  auto generated constraint).
Applied set_property KEEP_HIERARCHY = SOFT for design_1_mico_cust_i/microblaze_0_local_memory/ilmb_bram_if_cntlr. (constraint file  auto generated constraint).
Applied set_property KEEP_HIERARCHY = SOFT for design_1_mico_cust_i/microblaze_0_local_memory/lmb_bram. (constraint file  auto generated constraint).
Applied set_property KEEP_HIERARCHY = SOFT for design_1_mico_cust_i/microblaze_0_axi_periph/xbar. (constraint file  auto generated constraint).
Applied set_property KEEP_HIERARCHY = SOFT for design_1_mico_cust_i/microblaze_0_axi_periph. (constraint file  auto generated constraint).
Applied set_property KEEP_HIERARCHY = SOFT for design_1_mico_cust_i/microblaze_0_axi_intc. (constraint file  auto generated constraint).
Applied set_property KEEP_HIERARCHY = SOFT for design_1_mico_cust_i/microblaze_0_xlconcat. (constraint file  auto generated constraint).
Applied set_property KEEP_HIERARCHY = SOFT for design_1_mico_cust_i/mdm_1. (constraint file  auto generated constraint).
Applied set_property KEEP_HIERARCHY = SOFT for design_1_mico_cust_i/clk_wiz_1. (constraint file  auto generated constraint).
Applied set_property KEEP_HIERARCHY = SOFT for design_1_mico_cust_i/rst_clk_wiz_1_100M. (constraint file  auto generated constraint).
Applied set_property KEEP_HIERARCHY = SOFT for design_1_mico_cust_i/axi_quad_spi_0. (constraint file  auto generated constraint).
Applied set_property KEEP_HIERARCHY = SOFT for design_1_mico_cust_i/axi_uartlite_0. (constraint file  auto generated constraint).
Applied set_property KEEP_HIERARCHY = SOFT for design_1_mico_cust_i/axi_gpio_0. (constraint file  auto generated constraint).
Applied set_property KEEP_HIERARCHY = SOFT for design_1_mico_cust_i/axi_gpio_1. (constraint file  auto generated constraint).
---------------------------------------------------------------------------------
Finished applying 'set_property' XDC Constraints : Time (s): cpu = 00:00:07 ; elapsed = 00:00:08 . Memory (MB): peak = 2937.285 ; gain = 64.031 ; free physical = 1205 ; free virtual = 3073
---------------------------------------------------------------------------------
---------------------------------------------------------------------------------
Finished RTL Optimization Phase 2 : Time (s): cpu = 00:00:07 ; elapsed = 00:00:08 . Memory (MB): peak = 2937.285 ; gain = 64.031 ; free physical = 1205 ; free virtual = 3074
---------------------------------------------------------------------------------
---------------------------------------------------------------------------------
Start RTL Component Statistics 
---------------------------------------------------------------------------------
Detailed RTL Component Info : 
---------------------------------------------------------------------------------
Finished RTL Component Statistics 
---------------------------------------------------------------------------------
---------------------------------------------------------------------------------
Start Part Resource Summary
---------------------------------------------------------------------------------
Part Resources:
DSPs: 240 (col length:80)
BRAMs: 270 (col length: RAMB18 80 RAMB36 40)
---------------------------------------------------------------------------------
Finished Part Resource Summary
---------------------------------------------------------------------------------
---------------------------------------------------------------------------------
Start Cross Boundary and Area Optimization
---------------------------------------------------------------------------------
WARNING: [Synth 8-7080] Parallel synthesis criteria is not met
---------------------------------------------------------------------------------
Finished Cross Boundary and Area Optimization : Time (s): cpu = 00:00:08 ; elapsed = 00:00:08 . Memory (MB): peak = 2937.285 ; gain = 64.031 ; free physical = 1203 ; free virtual = 3082
---------------------------------------------------------------------------------
---------------------------------------------------------------------------------
Start Applying XDC Timing Constraints
---------------------------------------------------------------------------------
---------------------------------------------------------------------------------
Finished Applying XDC Timing Constraints : Time (s): cpu = 00:00:10 ; elapsed = 00:00:11 . Memory (MB): peak = 2937.285 ; gain = 64.031 ; free physical = 1118 ; free virtual = 3004
---------------------------------------------------------------------------------
---------------------------------------------------------------------------------
Start Timing Optimization
---------------------------------------------------------------------------------
---------------------------------------------------------------------------------
Finished Timing Optimization : Time (s): cpu = 00:00:10 ; elapsed = 00:00:11 . Memory (MB): peak = 2937.285 ; gain = 64.031 ; free physical = 1118 ; free virtual = 3005
---------------------------------------------------------------------------------
---------------------------------------------------------------------------------
Start Technology Mapping
---------------------------------------------------------------------------------
---------------------------------------------------------------------------------
Finished Technology Mapping : Time (s): cpu = 00:00:10 ; elapsed = 00:00:11 . Memory (MB): peak = 2937.285 ; gain = 64.031 ; free physical = 1102 ; free virtual = 2989
---------------------------------------------------------------------------------
---------------------------------------------------------------------------------
Start IO Insertion
---------------------------------------------------------------------------------
---------------------------------------------------------------------------------
Start Flattening Before IO Insertion
---------------------------------------------------------------------------------
---------------------------------------------------------------------------------
Finished Flattening Before IO Insertion
---------------------------------------------------------------------------------
---------------------------------------------------------------------------------
Start Final Netlist Cleanup
---------------------------------------------------------------------------------
---------------------------------------------------------------------------------
Finished Final Netlist Cleanup
---------------------------------------------------------------------------------
---------------------------------------------------------------------------------
Finished IO Insertion : Time (s): cpu = 00:00:12 ; elapsed = 00:00:13 . Memory (MB): peak = 2937.285 ; gain = 64.031 ; free physical = 1113 ; free virtual = 2999
---------------------------------------------------------------------------------
---------------------------------------------------------------------------------
Start Renaming Generated Instances
---------------------------------------------------------------------------------
---------------------------------------------------------------------------------
Finished Renaming Generated Instances : Time (s): cpu = 00:00:12 ; elapsed = 00:00:13 . Memory (MB): peak = 2937.285 ; gain = 64.031 ; free physical = 1113 ; free virtual = 2999
---------------------------------------------------------------------------------
---------------------------------------------------------------------------------
Start Rebuilding User Hierarchy
---------------------------------------------------------------------------------
---------------------------------------------------------------------------------
Finished Rebuilding User Hierarchy : Time (s): cpu = 00:00:12 ; elapsed = 00:00:13 . Memory (MB): peak = 2937.285 ; gain = 64.031 ; free physical = 1113 ; free virtual = 2999
---------------------------------------------------------------------------------
---------------------------------------------------------------------------------
Start Renaming Generated Ports
---------------------------------------------------------------------------------
---------------------------------------------------------------------------------
Finished Renaming Generated Ports : Time (s): cpu = 00:00:12 ; elapsed = 00:00:13 . Memory (MB): peak = 2937.285 ; gain = 64.031 ; free physical = 1113 ; free virtual = 2999
---------------------------------------------------------------------------------
---------------------------------------------------------------------------------
Start Handling Custom Attributes
---------------------------------------------------------------------------------
---------------------------------------------------------------------------------
Finished Handling Custom Attributes : Time (s): cpu = 00:00:12 ; elapsed = 00:00:13 . Memory (MB): peak = 2937.285 ; gain = 64.031 ; free physical = 1113 ; free virtual = 2999
---------------------------------------------------------------------------------
---------------------------------------------------------------------------------
Start Renaming Generated Nets
---------------------------------------------------------------------------------
---------------------------------------------------------------------------------
Finished Renaming Generated Nets : Time (s): cpu = 00:00:12 ; elapsed = 00:00:13 . Memory (MB): peak = 2937.285 ; gain = 64.031 ; free physical = 1113 ; free virtual = 2999
---------------------------------------------------------------------------------
---------------------------------------------------------------------------------
Start Writing Synthesis Report
---------------------------------------------------------------------------------

Report BlackBoxes: 
+------+-------------------------------------------+----------+
|      |BlackBox name                              |Instances |
+------+-------------------------------------------+----------+
|1     |design_1_mico_cust_xbar_0                  |         1|
|2     |design_1_mico_cust_axi_gpio_0_0            |         1|
|3     |design_1_mico_cust_axi_gpio_1_0            |         1|
|4     |design_1_mico_cust_axi_quad_spi_0_0        |         1|
|5     |design_1_mico_cust_axi_uartlite_0_0        |         1|
|6     |design_1_mico_cust_clk_wiz_1_0             |         1|
|7     |design_1_mico_cust_mdm_1_0                 |         1|
|8     |design_1_mico_cust_microblaze_0_0          |         1|
|9     |design_1_mico_cust_microblaze_0_axi_intc_0 |         1|
|10    |design_1_mico_cust_rst_clk_wiz_1_100M_0    |         1|
|11    |design_1_mico_cust_dlmb_bram_if_cntlr_0    |         1|
|12    |design_1_mico_cust_dlmb_v10_0              |         1|
|13    |design_1_mico_cust_ilmb_bram_if_cntlr_0    |         1|
|14    |design_1_mico_cust_ilmb_v10_0              |         1|
|15    |design_1_mico_cust_lmb_bram_0              |         1|
+------+-------------------------------------------+----------+

Report Cell Usage: 
+------+-----------------------------------------+------+
|      |Cell                                     |Count |
+------+-----------------------------------------+------+
|1     |design_1_mico_cust_axi_gpio_0            |     1|
|2     |design_1_mico_cust_axi_gpio_1            |     1|
|3     |design_1_mico_cust_axi_quad_spi_0        |     1|
|4     |design_1_mico_cust_axi_uartlite_0        |     1|
|5     |design_1_mico_cust_clk_wiz_1             |     1|
|6     |design_1_mico_cust_dlmb_bram_if_cntlr    |     1|
|7     |design_1_mico_cust_dlmb_v10              |     1|
|8     |design_1_mico_cust_ilmb_bram_if_cntlr    |     1|
|9     |design_1_mico_cust_ilmb_v10              |     1|
|10    |design_1_mico_cust_lmb_bram              |     1|
|11    |design_1_mico_cust_mdm_1                 |     1|
|12    |design_1_mico_cust_microblaze_0          |     1|
|13    |design_1_mico_cust_microblaze_0_axi_intc |     1|
|14    |design_1_mico_cust_rst_clk_wiz_1_100M    |     1|
|15    |design_1_mico_cust_xbar                  |     1|
|16    |IBUF                                     |    10|
|17    |IOBUF                                    |     6|
|18    |OBUF                                     |    17|
+------+-----------------------------------------+------+
---------------------------------------------------------------------------------
Finished Writing Synthesis Report : Time (s): cpu = 00:00:12 ; elapsed = 00:00:13 . Memory (MB): peak = 2937.285 ; gain = 64.031 ; free physical = 1113 ; free virtual = 2999
---------------------------------------------------------------------------------
Synthesis finished with 0 errors, 0 critical warnings and 13 warnings.
Synthesis Optimization Runtime : Time (s): cpu = 00:00:11 ; elapsed = 00:00:12 . Memory (MB): peak = 2937.285 ; gain = 0.000 ; free physical = 1128 ; free virtual = 3027
Synthesis Optimization Complete : Time (s): cpu = 00:00:12 ; elapsed = 00:00:13 . Memory (MB): peak = 2937.285 ; gain = 64.031 ; free physical = 1128 ; free virtual = 3027
INFO: [Project 1-571] Translating synthesized netlist
Netlist sorting complete. Time (s): cpu = 00:00:00 ; elapsed = 00:00:00 . Memory (MB): peak = 2937.285 ; gain = 0.000 ; free physical = 1129 ; free virtual = 3030
INFO: [Netlist 29-17] Analyzing 6 Unisim elements for replacement
INFO: [Netlist 29-28] Unisim Transformation completed in 0 CPU seconds
INFO: [Project 1-570] Preparing netlist for logic optimization
INFO: [Opt 31-138] Pushed 0 inverter(s) to 0 load pin(s).
Netlist sorting complete. Time (s): cpu = 00:00:00 ; elapsed = 00:00:00 . Memory (MB): peak = 2937.285 ; gain = 0.000 ; free physical = 1199 ; free virtual = 3101
INFO: [Project 1-111] Unisim Transformation Summary:
  A total of 6 instances were transformed.
  IOBUF => IOBUF (IBUF, OBUFT): 6 instances

Synth Design complete, checksum: dc21cc1e
INFO: [Common 17-83] Releasing license: Synthesis
76 Infos, 117 Warnings, 0 Critical Warnings and 0 Errors encountered.
synth_design completed successfully
synth_design: Time (s): cpu = 00:00:18 ; elapsed = 00:00:16 . Memory (MB): peak = 2937.285 ; gain = 64.031 ; free physical = 1341 ; free virtual = 3244
INFO: [Common 17-1381] The checkpoint '/home/arjun/Vivado_PROJECTS/project_1_MICROB_CUSTOM_BOOT/project_1_MICROB_CUSTOM_BOOT.runs/synth_1/design_1_mico_cust_wrapper.dcp' has been generated.
INFO: [runtcl-4] Executing : report_utilization -file design_1_mico_cust_wrapper_utilization_synth.rpt -pb design_1_mico_cust_wrapper_utilization_synth.pb
INFO: [Common 17-206] Exiting Vivado at Tue Aug 26 12:49:09 2025...
