Copyright 1986-2022 Xilinx, Inc. All Rights Reserved.
----------------------------------------------------------------------------------------------------------------------------------------------------------------------------
| Tool Version     : Vivado v.2022.1 (win64) Build 3526262 Mon Apr 18 15:48:16 MDT 2022
| Date             : Tue Oct  7 12:50:15 2025
| Host             : DESKTOP-UE3BVQ5 running 64-bit major release  (build 9200)
| Command          : report_power -file design_i2c_wrapper_power_routed.rpt -pb design_i2c_wrapper_power_summary_routed.pb -rpx design_i2c_wrapper_power_routed.rpx
| Design           : design_i2c_wrapper
| Device           : xc7a100tcsg324-1
| Design State     : routed
| Grade            : commercial
| Process          : typical
| Characterization : Production
----------------------------------------------------------------------------------------------------------------------------------------------------------------------------

Power Report

Table of Contents
-----------------
1. Summary
1.1 On-Chip Components
1.2 Power Supply Summary
1.3 Confidence Level
2. Settings
2.1 Environment
2.2 Clock Constraints
3. Detailed Reports
3.1 By Hierarchy

1. Summary
----------

+--------------------------+--------------+
| Total On-Chip Power (W)  | 0.236        |
| Design Power Budget (W)  | Unspecified* |
| Power Budget Margin (W)  | NA           |
| Dynamic (W)              | 0.138        |
| Device Static (W)        | 0.098        |
| Effective TJA (C/W)      | 4.6          |
| Max Ambient (C)          | 83.9         |
| Junction Temperature (C) | 26.1         |
| Confidence Level         | Low          |
| Setting File             | ---          |
| Simulation Activity File | ---          |
| Design Nets Matched      | NA           |
+--------------------------+--------------+
* Specify Design Power Budget using, set_operating_conditions -design_power_budget <value in Watts>


1.1 On-Chip Components
----------------------

+--------------------------+-----------+----------+-----------+-----------------+
| On-Chip                  | Power (W) | Used     | Available | Utilization (%) |
+--------------------------+-----------+----------+-----------+-----------------+
| Clocks                   |     0.020 |        8 |       --- |             --- |
| Slice Logic              |     0.004 |     8408 |       --- |             --- |
|   LUT as Logic           |     0.003 |     2748 |     63400 |            4.33 |
|   LUT as Distributed RAM |    <0.001 |      120 |     19000 |            0.63 |
|   Register               |    <0.001 |     3696 |    126800 |            2.91 |
|   CARRY4                 |    <0.001 |       77 |     15850 |            0.49 |
|   F7/F8 Muxes            |    <0.001 |      127 |     63400 |            0.20 |
|   LUT as Shift Register  |    <0.001 |      151 |     19000 |            0.79 |
|   Others                 |    <0.001 |      700 |       --- |             --- |
| Signals                  |     0.006 |     5888 |       --- |             --- |
| Block RAM                |     0.002 |      8.5 |       135 |            6.30 |
| MMCM                     |     0.106 |        1 |         6 |           16.67 |
| I/O                      |    <0.001 |        6 |       210 |            2.86 |
| Static Power             |     0.098 |          |           |                 |
| Total                    |     0.236 |          |           |                 |
+--------------------------+-----------+----------+-----------+-----------------+


1.2 Power Supply Summary
------------------------

+-----------+-------------+-----------+-------------+------------+-------------+-------------+------------+
| Source    | Voltage (V) | Total (A) | Dynamic (A) | Static (A) | Powerup (A) | Budget (A)  | Margin (A) |
+-----------+-------------+-----------+-------------+------------+-------------+-------------+------------+
| Vccint    |       1.000 |     0.048 |       0.033 |      0.016 |       NA    | Unspecified | NA         |
| Vccaux    |       1.800 |     0.077 |       0.059 |      0.018 |       NA    | Unspecified | NA         |
| Vcco33    |       3.300 |     0.004 |       0.000 |      0.004 |       NA    | Unspecified | NA         |
| Vcco25    |       2.500 |     0.000 |       0.000 |      0.000 |       NA    | Unspecified | NA         |
| Vcco18    |       1.800 |     0.000 |       0.000 |      0.000 |       NA    | Unspecified | NA         |
| Vcco15    |       1.500 |     0.000 |       0.000 |      0.000 |       NA    | Unspecified | NA         |
| Vcco135   |       1.350 |     0.000 |       0.000 |      0.000 |       NA    | Unspecified | NA         |
| Vcco12    |       1.200 |     0.000 |       0.000 |      0.000 |       NA    | Unspecified | NA         |
| Vccaux_io |       1.800 |     0.000 |       0.000 |      0.000 |       NA    | Unspecified | NA         |
| Vccbram   |       1.000 |     0.001 |       0.000 |      0.000 |       NA    | Unspecified | NA         |
| MGTAVcc   |       1.000 |     0.000 |       0.000 |      0.000 |       NA    | Unspecified | NA         |
| MGTAVtt   |       1.200 |     0.000 |       0.000 |      0.000 |       NA    | Unspecified | NA         |
| Vccadc    |       1.800 |     0.020 |       0.000 |      0.020 |       NA    | Unspecified | NA         |
+-----------+-------------+-----------+-------------+------------+-------------+-------------+------------+


1.3 Confidence Level
--------------------

+-----------------------------+------------+--------------------------------------------------------+------------------------------------------------------------------------------------------------------------+
| User Input Data             | Confidence | Details                                                | Action                                                                                                     |
+-----------------------------+------------+--------------------------------------------------------+------------------------------------------------------------------------------------------------------------+
| Design implementation state | High       | Design is routed                                       |                                                                                                            |
| Clock nodes activity        | High       | User specified more than 95% of clocks                 |                                                                                                            |
| I/O nodes activity          | Low        | More than 75% of inputs are missing user specification | Provide missing input activity with simulation results or by editing the "By Resource Type -> I/Os" view   |
| Internal nodes activity     | Medium     | User specified less than 25% of internal nodes         | Provide missing internal nodes activity with simulation results or by editing the "By Resource Type" views |
| Device models               | High       | Device models are Production                           |                                                                                                            |
|                             |            |                                                        |                                                                                                            |
| Overall confidence level    | Low        |                                                        |                                                                                                            |
+-----------------------------+------------+--------------------------------------------------------+------------------------------------------------------------------------------------------------------------+


2. Settings
-----------

2.1 Environment
---------------

+-----------------------+--------------------------+
| Ambient Temp (C)      | 25.0                     |
| ThetaJA (C/W)         | 4.6                      |
| Airflow (LFM)         | 250                      |
| Heat Sink             | medium (Medium Profile)  |
| ThetaSA (C/W)         | 4.6                      |
| Board Selection       | medium (10"x10")         |
| # of Board Layers     | 12to15 (12 to 15 Layers) |
| Board Temperature (C) | 25.0                     |
+-----------------------+--------------------------+


2.2 Clock Constraints
---------------------

+--------------------------------------------------------------------------------------------+-------------------------------------------------------------------+-----------------+
| Clock                                                                                      | Domain                                                            | Constraint (ns) |
+--------------------------------------------------------------------------------------------+-------------------------------------------------------------------+-----------------+
| clk_out1_design_i2c_clk_wiz_1_1                                                            | design_i2c_i/clk_wiz_1/inst/clk_out1_design_i2c_clk_wiz_1_1       |            10.0 |
| clkfbout_design_i2c_clk_wiz_1_1                                                            | design_i2c_i/clk_wiz_1/inst/clkfbout_design_i2c_clk_wiz_1_1       |            10.0 |
| dbg_hub/inst/BSCANID.u_xsdbm_id/SWITCH_N_EXT_BSCAN.bscan_inst/SERIES7_BSCAN.bscan_inst/TCK | dbg_hub/inst/BSCANID.u_xsdbm_id/SWITCH_N_EXT_BSCAN.bscan_inst/TCK |            33.0 |
| design_i2c_i/clk_wiz_1/inst/clk_in1                                                        | sys_clock_IBUF_BUFG                                               |            10.0 |
| design_i2c_i/mdm_1/U0/Use_E2.BSCAN_I/Use_E2.BSCANE2_I/DRCK                                 | design_i2c_i/mdm_1/U0/Use_E2.BSCAN_I/DRCK                         |            33.3 |
| design_i2c_i/mdm_1/U0/Use_E2.BSCAN_I/Use_E2.BSCANE2_I/UPDATE                               | design_i2c_i/mdm_1/U0/Use_E2.BSCAN_I/Dbg_Update_0                 |            33.3 |
+--------------------------------------------------------------------------------------------+-------------------------------------------------------------------+-----------------+


3. Detailed Reports
-------------------

3.1 By Hierarchy
----------------

+-------------------------------+-----------+
| Name                          | Power (W) |
+-------------------------------+-----------+
| design_i2c_wrapper            |     0.138 |
|   dbg_hub                     |     0.003 |
|     inst                      |     0.003 |
|       BSCANID.u_xsdbm_id      |     0.003 |
|   design_i2c_i                |     0.127 |
|     axi_iic_0                 |     0.003 |
|       U0                      |     0.003 |
|     clk_wiz_1                 |     0.107 |
|       inst                    |     0.107 |
|     microblaze_0              |     0.012 |
|       U0                      |     0.012 |
|     microblaze_0_axi_intc     |     0.002 |
|       U0                      |     0.002 |
|     microblaze_0_local_memory |     0.002 |
|       lmb_bram                |     0.002 |
|   ila_uut                     |     0.008 |
|     inst                      |     0.008 |
|       ila_core_inst           |     0.008 |
+-------------------------------+-----------+


